[0.009s] Invoking command in '/home/yy/factory_ws/build/nav_pkg': CMAKE_PREFIX_PATH=${CMAKE_PREFIX_PATH}:/opt/ros/humble /usr/bin/cmake --build /home/yy/factory_ws/build/nav_pkg -- -j20 -l20
[0.032s] Invoked command in '/home/yy/factory_ws/build/nav_pkg' returned '0': CMAKE_PREFIX_PATH=${CMAKE_PREFIX_PATH}:/opt/ros/humble /usr/bin/cmake --build /home/yy/factory_ws/build/nav_pkg -- -j20 -l20
[0.041s] Invoking command in '/home/yy/factory_ws/build/nav_pkg': CMAKE_PREFIX_PATH=${CMAKE_PREFIX_PATH}:/opt/ros/humble /usr/bin/cmake --install /home/yy/factory_ws/build/nav_pkg
[0.048s] -- Install configuration: ""
[0.052s] -- Up-to-date: /home/yy/factory_ws/install/nav_pkg/share/nav_pkg/launch
[0.053s] -- Up-to-date: /home/yy/factory_ws/install/nav_pkg/share/nav_pkg/launch/nav.launch.py
[0.053s] -- Up-to-date: /home/yy/factory_ws/install/nav_pkg/share/ament_index/resource_index/package_run_dependencies/nav_pkg
[0.053s] -- Up-to-date: /home/yy/factory_ws/install/nav_pkg/share/ament_index/resource_index/parent_prefix_path/nav_pkg
[0.053s] -- Up-to-date: /home/yy/factory_ws/install/nav_pkg/share/nav_pkg/environment/ament_prefix_path.sh
[0.053s] -- Up-to-date: /home/yy/factory_ws/install/nav_pkg/share/nav_pkg/environment/ament_prefix_path.dsv
[0.053s] -- Up-to-date: /home/yy/factory_ws/install/nav_pkg/share/nav_pkg/environment/path.sh
[0.053s] -- Up-to-date: /home/yy/factory_ws/install/nav_pkg/share/nav_pkg/environment/path.dsv
[0.053s] -- Up-to-date: /home/yy/factory_ws/install/nav_pkg/share/nav_pkg/local_setup.bash
[0.053s] -- Up-to-date: /home/yy/factory_ws/install/nav_pkg/share/nav_pkg/local_setup.sh
[0.053s] -- Up-to-date: /home/yy/factory_ws/install/nav_pkg/share/nav_pkg/local_setup.zsh
[0.055s] -- Up-to-date: /home/yy/factory_ws/install/nav_pkg/share/nav_pkg/local_setup.dsv
[0.055s] -- Installing: /home/yy/factory_ws/install/nav_pkg/share/nav_pkg/package.dsv
[0.055s] -- Up-to-date: /home/yy/factory_ws/install/nav_pkg/share/ament_index/resource_index/packages/nav_pkg
[0.055s] -- Up-to-date: /home/yy/factory_ws/install/nav_pkg/share/nav_pkg/cmake/nav_pkgConfig.cmake
[0.055s] -- Up-to-date: /home/yy/factory_ws/install/nav_pkg/share/nav_pkg/cmake/nav_pkgConfig-version.cmake
[0.055s] -- Up-to-date: /home/yy/factory_ws/install/nav_pkg/share/nav_pkg/package.xml
[0.056s] Invoked command in '/home/yy/factory_ws/build/nav_pkg' returned '0': CMAKE_PREFIX_PATH=${CMAKE_PREFIX_PATH}:/opt/ros/humble /usr/bin/cmake --install /home/yy/factory_ws/build/nav_pkg
