[0.007s] Invoking command in '/home/yy/factory_ws/build/wpr_simulation2': CMAKE_PREFIX_PATH=${CMAKE_PREFIX_PATH}:/opt/ros/humble /usr/bin/cmake /home/yy/factory_ws/src/wpr_simulation2 -DCMAKE_INSTALL_PREFIX=/home/yy/factory_ws/install/wpr_simulation2
[0.096s] -- The C compiler identification is GNU 11.4.0
[0.167s] -- The CXX compiler identification is GNU 11.4.0
[0.172s] -- Detecting C compiler ABI info
[0.217s] -- Detecting C compiler ABI info - done
[0.221s] -- Check for working C compiler: /usr/bin/cc - skipped
[0.221s] -- Detecting C compile features
[0.221s] -- Detecting C compile features - done
[0.223s] -- Detecting CXX compiler ABI info
[0.276s] -- Detecting CXX compiler ABI info - done
[0.281s] -- Check for working CXX compiler: /usr/bin/c++ - skipped
[0.281s] -- Detecting CXX compile features
[0.282s] -- Detecting CXX compile features - done
[0.283s] -- Found ament_cmake: 1.3.11 (/opt/ros/humble/share/ament_cmake/cmake)
[0.364s] -- Found Python3: /usr/bin/python3 (found version "3.10.12") found components: Interpreter 
[0.420s] -- Found gazebo_ros_pkgs: 3.9.0 (/opt/ros/humble/share/gazebo_ros_pkgs/cmake)
[0.421s] -- Found geometry_msgs: 4.8.0 (/opt/ros/humble/share/geometry_msgs/cmake)
[0.447s] -- Found rosidl_generator_c: 3.1.6 (/opt/ros/humble/share/rosidl_generator_c/cmake)
[0.451s] -- Found rosidl_adapter: 3.1.6 (/opt/ros/humble/share/rosidl_adapter/cmake)
[0.457s] -- Found rosidl_generator_cpp: 3.1.6 (/opt/ros/humble/share/rosidl_generator_cpp/cmake)
[0.466s] -- Using all available rosidl_typesupport_c: rosidl_typesupport_fastrtps_c;rosidl_typesupport_introspection_c
[0.481s] -- Using all available rosidl_typesupport_cpp: rosidl_typesupport_fastrtps_cpp;rosidl_typesupport_introspection_cpp
[0.508s] -- Found nav_msgs: 4.8.0 (/opt/ros/humble/share/nav_msgs/cmake)
[0.520s] -- Found rclcpp: 16.0.12 (/opt/ros/humble/share/rclcpp/cmake)
[0.548s] -- Found rmw_implementation_cmake: 6.1.2 (/opt/ros/humble/share/rmw_implementation_cmake/cmake)
[0.550s] -- Found rmw_fastrtps_cpp: 6.2.7 (/opt/ros/humble/share/rmw_fastrtps_cpp/cmake)
[0.612s] -- Found OpenSSL: /usr/lib/x86_64-linux-gnu/libcrypto.so (found version "3.0.2")  
[0.629s] -- Found FastRTPS: /opt/ros/humble/include  
[0.656s] -- Using RMW implementation 'rmw_fastrtps_cpp' as default
[0.662s] -- Looking for pthread.h
[0.714s] -- Looking for pthread.h - found
[0.714s] -- Performing Test CMAKE_HAVE_LIBC_PTHREAD
[0.759s] -- Performing Test CMAKE_HAVE_LIBC_PTHREAD - Success
[0.759s] -- Found Threads: TRUE  
[0.785s] -- Found rclpy: 3.3.16 (/opt/ros/humble/share/rclpy/cmake)
[0.786s] -- Found rclcpp_action: 16.0.12 (/opt/ros/humble/share/rclcpp_action/cmake)
[0.809s] -- Found sensor_msgs: 4.8.0 (/opt/ros/humble/share/sensor_msgs/cmake)
[0.821s] -- Found tf2_geometry_msgs: 0.25.12 (/opt/ros/humble/share/tf2_geometry_msgs/cmake)
[0.830s] -- Found eigen3_cmake_module: 0.1.1 (/opt/ros/humble/share/eigen3_cmake_module/cmake)
[0.831s] -- Found Eigen3: TRUE (found version "3.4.0") 
[0.831s] -- Ensuring Eigen3 include directory is part of orocos-kdl CMake target
[0.875s] -- Found nav2_msgs: 1.1.18 (/opt/ros/humble/share/nav2_msgs/cmake)
[0.889s] -- Found cv_bridge: 3.2.1 (/opt/ros/humble/share/cv_bridge/cmake)
[0.896s] -- Found image_transport: 3.1.11 (/opt/ros/humble/share/image_transport/cmake)
[0.910s] -- Found OpenCV: /usr (found version "4.5.4") 
[0.911s] -- Found pcl_conversions: 2.4.5 (/opt/ros/humble/share/pcl_conversions/cmake)
[0.934s] -- Checking for module 'eigen3'
[0.943s] --   Found eigen3, version 3.4.0
[0.966s] -- Found Eigen: /usr/include/eigen3 (Required is at least version "3.1") 
[0.966s] -- Eigen found (include: /usr/include/eigen3, version: 3.4.0)
[0.994s] -- Checking for module 'flann'
[1.003s] --   Found flann, version 1.9.1
[1.030s] -- Found FLANN: /usr/lib/x86_64-linux-gnu/libflann_cpp.so  
[1.030s] -- FLANN found (include: /usr/include, lib: /usr/lib/x86_64-linux-gnu/libflann_cpp.so)
[1.673s] -- Checking for module 'libusb-1.0'
[1.682s] --   Found libusb-1.0, version 1.0.25
[1.705s] -- Found libusb: /usr/lib/x86_64-linux-gnu/libusb-1.0.so  
[1.705s] -- OpenNI found (version: 1.5.4.0, include: /usr/include/ni, lib: /usr/lib/libOpenNI.so;libusb::libusb)
[1.743s] -- OpenNI2 found (version: 2.2.0.33, include: /usr/include/openni2, lib: /usr/lib/x86_64-linux-gnu/libOpenNI2.so;libusb::libusb)
[1.831s] -- Eigen found (include: /usr/include/eigen3, version: 3.4.0)
[1.835s] -- OpenNI found (version: 1.5.4.0, include: /usr/include/ni, lib: /usr/lib/libOpenNI.so;libusb::libusb)
[1.840s] -- OpenNI2 found (version: 2.2.0.33, include: /usr/include/openni2, lib: /usr/lib/x86_64-linux-gnu/libOpenNI2.so;libusb::libusb)
[1.958s] -- Found Qhull version 8.0.2
[2.035s] -- OpenNI found (version: 1.5.4.0, include: /usr/include/ni, lib: /usr/lib/libOpenNI.so;libusb::libusb)
[2.112s] -- Found PCL_COMMON: /usr/lib/x86_64-linux-gnu/libpcl_common.so  
[2.113s] -- Found PCL_KDTREE: /usr/lib/x86_64-linux-gnu/libpcl_kdtree.so  
[2.113s] -- Found PCL_OCTREE: /usr/lib/x86_64-linux-gnu/libpcl_octree.so  
[2.114s] -- Found PCL_SEARCH: /usr/lib/x86_64-linux-gnu/libpcl_search.so  
[2.115s] -- Found PCL_SAMPLE_CONSENSUS: /usr/lib/x86_64-linux-gnu/libpcl_sample_consensus.so  
[2.115s] -- Found PCL_FILTERS: /usr/lib/x86_64-linux-gnu/libpcl_filters.so  
[2.115s] -- Found PCL_2D: /usr/include/pcl-1.12  
[2.116s] -- Found PCL_GEOMETRY: /usr/include/pcl-1.12  
[2.116s] -- Found PCL_IO: /usr/lib/x86_64-linux-gnu/libpcl_io.so  
[2.116s] -- Found PCL_FEATURES: /usr/lib/x86_64-linux-gnu/libpcl_features.so  
[2.117s] -- Found PCL_ML: /usr/lib/x86_64-linux-gnu/libpcl_ml.so  
[2.117s] -- Found PCL_SEGMENTATION: /usr/lib/x86_64-linux-gnu/libpcl_segmentation.so  
[2.118s] -- Found PCL_VISUALIZATION: /usr/lib/x86_64-linux-gnu/libpcl_visualization.so  
[2.118s] -- Found PCL_SURFACE: /usr/lib/x86_64-linux-gnu/libpcl_surface.so  
[2.119s] -- Found PCL_REGISTRATION: /usr/lib/x86_64-linux-gnu/libpcl_registration.so  
[2.119s] -- Found PCL_KEYPOINTS: /usr/lib/x86_64-linux-gnu/libpcl_keypoints.so  
[2.120s] -- Found PCL_TRACKING: /usr/lib/x86_64-linux-gnu/libpcl_tracking.so  
[2.120s] -- Found PCL_RECOGNITION: /usr/lib/x86_64-linux-gnu/libpcl_recognition.so  
[2.121s] -- Found PCL_STEREO: /usr/lib/x86_64-linux-gnu/libpcl_stereo.so  
[2.121s] -- Found PCL_APPS: /usr/lib/x86_64-linux-gnu/libpcl_apps.so  
[2.122s] -- Found PCL_IN_HAND_SCANNER: /usr/include/pcl-1.12  
[2.122s] -- Found PCL_MODELER: /usr/include/pcl-1.12  
[2.136s] -- Found PCL_POINT_CLOUD_EDITOR: /usr/include/pcl-1.12  
[2.137s] -- Found PCL_OUTOFCORE: /usr/lib/x86_64-linux-gnu/libpcl_outofcore.so  
[2.137s] -- Found PCL_PEOPLE: /usr/lib/x86_64-linux-gnu/libpcl_people.so  
[2.139s] -- Found pcl_ros: 2.4.5 (/opt/ros/humble/share/pcl_ros/cmake)
[2.147s] -- Found visualization_msgs: 4.8.0 (/opt/ros/humble/share/visualization_msgs/cmake)
[2.159s] -- Found rosidl_default_generators: 1.2.0 (/opt/ros/humble/share/rosidl_default_generators/cmake)
[2.301s] -- Found ament_cmake_ros: 0.10.0 (/opt/ros/humble/share/ament_cmake_ros/cmake)
[2.508s] -- Using all available rosidl_typesupport_c: rosidl_typesupport_fastrtps_c;rosidl_typesupport_introspection_c
[2.580s] -- Using all available rosidl_typesupport_cpp: rosidl_typesupport_fastrtps_cpp;rosidl_typesupport_introspection_cpp
[2.598s] -- Found PythonInterp: /usr/bin/python3 (found suitable version "3.10.12", minimum required is "3.6") 
[2.599s] -- Found python_cmake_module: 0.10.0 (/opt/ros/humble/share/python_cmake_module/cmake)
[2.617s] -- Found PythonLibs: /usr/lib/x86_64-linux-gnu/libpython3.10.so (found suitable version "3.10.12", minimum required is "3.5") 
[2.617s] -- Using PYTHON_EXECUTABLE: /usr/bin/python3
[2.617s] -- Using PYTHON_INCLUDE_DIRS: /usr/include/python3.10
[2.617s] -- Using PYTHON_LIBRARIES: /usr/lib/x86_64-linux-gnu/libpython3.10.so
[2.628s] -- Found PythonExtra: .so  
[2.683s] -- Found ament_lint_auto: 0.12.12 (/opt/ros/humble/share/ament_lint_auto/cmake)
[2.695s] -- Added test 'cppcheck' to perform static code analysis on C / C++ code
[2.697s] -- Configured cppcheck include dirs: /home/yy/factory_ws/src/wpr_simulation2/include
[2.697s] -- Configured cppcheck exclude dirs and/or files: 
[2.697s] -- Added test 'flake8' to check Python code syntax and style conventions
[2.698s] -- Added test 'lint_cmake' to check CMake code style
[2.699s] -- Added test 'pep257' to check Python code against some of the docstring style conventions in PEP 257
[2.702s] -- Added test 'uncrustify' to check C / C++ code style
[2.702s] -- Configured uncrustify additional arguments: 
[2.702s] -- Added test 'xmllint' to check XML markup files
[2.703s] -- Configuring done
[2.841s] -- Generating done
[2.875s] -- Build files have been written to: /home/yy/factory_ws/build/wpr_simulation2
[2.889s] Invoked command in '/home/yy/factory_ws/build/wpr_simulation2' returned '0': CMAKE_PREFIX_PATH=${CMAKE_PREFIX_PATH}:/opt/ros/humble /usr/bin/cmake /home/yy/factory_ws/src/wpr_simulation2 -DCMAKE_INSTALL_PREFIX=/home/yy/factory_ws/install/wpr_simulation2
[2.891s] Invoking command in '/home/yy/factory_ws/build/wpr_simulation2': CMAKE_PREFIX_PATH=${CMAKE_PREFIX_PATH}:/opt/ros/humble /usr/bin/cmake --build /home/yy/factory_ws/build/wpr_simulation2 -- -j20 -l20
[2.921s] [  1%] [34m[1mGenerating C code for ROS interfaces[0m
[2.929s] [  6%] [34m[1mGenerating C++ code for ROS interfaces[0m
[2.929s] [  6%] [32mBuilding CXX object CMakeFiles/3_my_node.dir/demo_cpp/3_my_node.cpp.o[0m
[2.929s] [  7%] [32mBuilding CXX object CMakeFiles/ball_random_move.dir/src/ball_random_move.cpp.o[0m
[2.929s] [  8%] [32mBuilding CXX object CMakeFiles/9_cv_hsv.dir/demo_cpp/9_cv_hsv.cpp.o[0m
[2.929s] [  6%] [32mBuilding CXX object CMakeFiles/4_velocity_command.dir/demo_cpp/4_velocity_command.cpp.o[0m
[2.929s] [  6%] [32mBuilding CXX object CMakeFiles/5_lidar_behavior.dir/demo_cpp/5_lidar_behavior.cpp.o[0m
[2.929s] [ 10%] [32mBuilding CXX object CMakeFiles/wpb_home_mani_sim.dir/src/wpb_home_mani_sim.cpp.o[0m
[2.929s] [ 11%] [32mBuilding CXX object CMakeFiles/6_imu_data.dir/demo_cpp/6_imu_data.cpp.o[0m
[2.929s] [ 12%] [32mBuilding CXX object CMakeFiles/8_waypoint_navigation.dir/demo_cpp/8_waypoint_navigation.cpp.o[0m
[2.929s] [ 15%] [32mBuilding CXX object CMakeFiles/6_imu_behavior.dir/demo_cpp/6_imu_behavior.cpp.o[0m
[2.930s] [ 15%] [32mBuilding CXX object CMakeFiles/5_lidar_data.dir/demo_cpp/5_lidar_data.cpp.o[0m
[2.930s] [ 16%] [32mBuilding CXX object CMakeFiles/9_cv_follow.dir/demo_cpp/9_cv_follow.cpp.o[0m
[2.931s] [ 17%] [32mBuilding CXX object CMakeFiles/9_cv_image.dir/demo_cpp/9_cv_image.cpp.o[0m
[2.936s] [ 18%] [32mBuilding CXX object CMakeFiles/3_subscriber_node.dir/demo_cpp/3_subscriber_node.cpp.o[0m
[2.936s] [ 20%] [32mBuilding CXX object CMakeFiles/9_cv_face_detect.dir/demo_cpp/9_cv_face_detect.cpp.o[0m
[2.936s] [ 21%] [32mBuilding CXX object CMakeFiles/3_publisher_node.dir/demo_cpp/3_publisher_node.cpp.o[0m
[2.936s] [ 22%] [32mBuilding CXX object CMakeFiles/10_pc_data.dir/demo_cpp/10_pc_data.cpp.o[0m
[2.936s] [ 22%] Built target ament_cmake_python_copy_wpr_simulation2
[2.939s] [ 24%] [32mBuilding CXX object CMakeFiles/keyboard_vel_cmd.dir/src/keyboard_vel_cmd.cpp.o[0m
[2.954s] [ 25%] [32mBuilding CXX object CMakeFiles/10_pc_objects.dir/demo_cpp/10_pc_objects.cpp.o[0m
[3.137s] [ 26%] [32mBuilding C object CMakeFiles/wpr_simulation2__rosidl_generator_c.dir/rosidl_generator_c/wpr_simulation2/msg/detail/object__functions.c.o[0m
[3.149s] [ 26%] Built target wpr_simulation2__cpp
[3.164s] [ 27%] [32mBuilding CXX object CMakeFiles/11_mani_ctrl.dir/demo_cpp/11_mani_ctrl.cpp.o[0m
[3.181s] [ 29%] [32m[1mLinking C shared library libwpr_simulation2__rosidl_generator_c.so[0m
[3.215s] [ 29%] Built target wpr_simulation2__rosidl_generator_c
[3.231s] [ 30%] [32mBuilding CXX object CMakeFiles/12_fetch.dir/demo_cpp/12_fetch.cpp.o[0m
[6.352s] [ 31%] [32m[1mLinking CXX executable 3_my_node[0m
[6.629s] [ 31%] Built target 3_my_node
[6.685s] [ 32%] [32mBuilding CXX object CMakeFiles/demo_nav2_client.dir/demo_cpp/demo_nav2_client.cpp.o[0m
[7.146s] [ 34%] [32m[1mLinking CXX executable keyboard_vel_cmd[0m
[7.191s] [ 35%] [32m[1mLinking CXX executable 3_publisher_node[0m
[7.278s] [ 37%] [32m[1mLinking CXX executable ball_random_move[0m
[7.278s] [ 37%] [32m[1mLinking CXX executable 11_mani_ctrl[0m
[7.428s] [ 37%] Built target 3_publisher_node
[7.440s] [ 39%] [34m[1mGenerating C++ type support dispatch for ROS interfaces[0m
[7.462s] [ 39%] Built target keyboard_vel_cmd
[7.480s] [ 40%] [34m[1mGenerating C type support for eProsima Fast-RTPS[0m
[7.491s] [ 40%] Built target ball_random_move
[7.503s] [ 41%] [34m[1mGenerating C++ type support for eProsima Fast-RTPS[0m
[7.536s] [ 41%] Built target 11_mani_ctrl
[7.557s] [ 43%] [34m[1mGenerating C introspection for ROS interfaces[0m
[7.630s] [ 44%] [32m[1mLinking CXX executable 4_velocity_command[0m
[7.674s] [ 45%] [32mBuilding CXX object CMakeFiles/wpr_simulation2__rosidl_typesupport_cpp.dir/rosidl_typesupport_cpp/wpr_simulation2/msg/object__type_support.cpp.o[0m
[7.771s] [ 46%] [32mBuilding CXX object CMakeFiles/wpr_simulation2__rosidl_typesupport_fastrtps_c.dir/rosidl_typesupport_fastrtps_c/wpr_simulation2/msg/detail/object__type_support_c.cpp.o[0m
[7.803s] [ 48%] [32mBuilding CXX object CMakeFiles/wpr_simulation2__rosidl_typesupport_fastrtps_cpp.dir/rosidl_typesupport_fastrtps_cpp/wpr_simulation2/msg/detail/dds_fastrtps/object__type_support.cpp.o[0m
[7.858s] [ 48%] Built target 4_velocity_command
[7.871s] [ 49%] [34m[1mGenerating C type support dispatch for ROS interfaces[0m
[7.878s] [ 50%] [32mBuilding C object CMakeFiles/wpr_simulation2__rosidl_typesupport_introspection_c.dir/rosidl_typesupport_introspection_c/wpr_simulation2/msg/detail/object__type_support.c.o[0m
[7.936s] [ 51%] [32m[1mLinking CXX shared library libwpr_simulation2__rosidl_typesupport_cpp.so[0m
[7.972s] [ 53%] [32m[1mLinking C shared library libwpr_simulation2__rosidl_typesupport_introspection_c.so[0m
[7.976s] [ 53%] Built target wpr_simulation2__rosidl_typesupport_cpp
[7.986s] [ 54%] [34m[1mGenerating C++ introspection for ROS interfaces[0m
[8.024s] [ 54%] Built target wpr_simulation2__rosidl_typesupport_introspection_c
[8.096s] [ 55%] [32m[1mLinking CXX shared library libwpr_simulation2__rosidl_typesupport_fastrtps_c.so[0m
[8.146s] [ 56%] [32mBuilding CXX object CMakeFiles/wpr_simulation2__rosidl_typesupport_c.dir/rosidl_typesupport_c/wpr_simulation2/msg/object__type_support.cpp.o[0m
[8.203s] [ 58%] [32m[1mLinking CXX shared library libwpr_simulation2__rosidl_typesupport_c.so[0m
[8.208s] [ 58%] Built target wpr_simulation2__rosidl_typesupport_fastrtps_c
[8.243s] [ 59%] [32mBuilding CXX object CMakeFiles/objects_publisher.dir/src/objects_publisher.cpp.o[0m
[8.246s] [ 60%] [32m[1mLinking CXX shared library libwpr_simulation2__rosidl_typesupport_fastrtps_cpp.so[0m
[8.251s] [ 60%] Built target wpr_simulation2__rosidl_typesupport_c
[8.285s] [ 62%] [32mBuilding CXX object CMakeFiles/grab_object_sim.dir/src/grab_object_sim.cpp.o[0m
[8.295s] [ 63%] [32mBuilding CXX object CMakeFiles/wpr_simulation2__rosidl_typesupport_introspection_cpp.dir/rosidl_typesupport_introspection_cpp/wpr_simulation2/msg/detail/object__type_support.cpp.o[0m
[8.309s] running egg_info
[8.310s] creating wpr_simulation2.egg-info
[8.312s] writing wpr_simulation2.egg-info/PKG-INFO
[8.312s] writing dependency_links to wpr_simulation2.egg-info/dependency_links.txt
[8.312s] writing top-level names to wpr_simulation2.egg-info/top_level.txt
[8.312s] writing manifest file 'wpr_simulation2.egg-info/SOURCES.txt'
[8.317s] reading manifest file 'wpr_simulation2.egg-info/SOURCES.txt'
[8.317s] writing manifest file 'wpr_simulation2.egg-info/SOURCES.txt'
[8.343s] [ 63%] Built target wpr_simulation2__rosidl_typesupport_fastrtps_cpp
[8.356s] [ 63%] Built target ament_cmake_python_build_wpr_simulation2_egg
[8.367s] [ 64%] [32mBuilding CXX object CMakeFiles/11_grab_object.dir/demo_cpp/11_grab_object.cpp.o[0m
[8.727s] [ 65%] [32m[1mLinking CXX shared library libwpr_simulation2__rosidl_typesupport_introspection_cpp.so[0m
[8.831s] [ 65%] Built target wpr_simulation2__rosidl_typesupport_introspection_cpp
[8.861s] [ 65%] Built target wpr_simulation2
[8.899s] [ 67%] [34m[1mGenerating Python code for ROS interfaces[0m
[9.260s] [ 67%] Built target wpr_simulation2__py
[9.289s] [ 68%] [32mBuilding C object CMakeFiles/wpr_simulation2__rosidl_generator_py.dir/rosidl_generator_py/wpr_simulation2/msg/_object_s.c.o[0m
[9.431s] [ 69%] [32m[1mLinking C shared library rosidl_generator_py/wpr_simulation2/libwpr_simulation2__rosidl_generator_py.so[0m
[9.473s] [ 69%] Built target wpr_simulation2__rosidl_generator_py
[9.504s] [ 70%] [32mBuilding C object CMakeFiles/wpr_simulation2__rosidl_typesupport_introspection_c__pyext.dir/rosidl_generator_py/wpr_simulation2/_wpr_simulation2_s.ep.rosidl_typesupport_introspection_c.c.o[0m
[9.524s] [ 72%] [32mBuilding C object CMakeFiles/wpr_simulation2__rosidl_typesupport_fastrtps_c__pyext.dir/rosidl_generator_py/wpr_simulation2/_wpr_simulation2_s.ep.rosidl_typesupport_fastrtps_c.c.o[0m
[9.650s] [ 73%] [32m[1mLinking C shared library rosidl_generator_py/wpr_simulation2/wpr_simulation2_s__rosidl_typesupport_introspection_c.cpython-310-x86_64-linux-gnu.so[0m
[9.652s] [ 74%] [32m[1mLinking C shared library rosidl_generator_py/wpr_simulation2/wpr_simulation2_s__rosidl_typesupport_fastrtps_c.cpython-310-x86_64-linux-gnu.so[0m
[9.724s] [ 74%] Built target wpr_simulation2__rosidl_typesupport_introspection_c__pyext
[9.727s] [ 74%] Built target wpr_simulation2__rosidl_typesupport_fastrtps_c__pyext
[9.748s] [ 75%] [32mBuilding C object CMakeFiles/wpr_simulation2__rosidl_typesupport_c__pyext.dir/rosidl_generator_py/wpr_simulation2/_wpr_simulation2_s.ep.rosidl_typesupport_c.c.o[0m
[9.831s] [ 77%] [32m[1mLinking C shared library rosidl_generator_py/wpr_simulation2/wpr_simulation2_s__rosidl_typesupport_c.cpython-310-x86_64-linux-gnu.so[0m
[9.892s] [ 77%] Built target wpr_simulation2__rosidl_typesupport_c__pyext
[11.094s] [ 78%] [32m[1mLinking CXX executable demo_nav2_client[0m
[11.211s] [ 79%] [32m[1mLinking CXX executable 5_lidar_behavior[0m
[11.237s] [ 81%] [32m[1mLinking CXX executable 9_cv_image[0m
[11.293s] [ 81%] Built target demo_nav2_client
[11.459s] [ 82%] [32m[1mLinking CXX executable 9_cv_follow[0m
[11.517s] [ 83%] [32m[1mLinking CXX executable 9_cv_hsv[0m
[11.614s] [ 83%] Built target 5_lidar_behavior
[11.642s] [ 84%] [32m[1mLinking CXX executable 6_imu_behavior[0m
[11.871s] [ 86%] [32m[1mLinking CXX executable 6_imu_data[0m
[11.911s] [ 87%] [32m[1mLinking CXX executable 5_lidar_data[0m
[12.061s] [ 88%] [32m[1mLinking CXX executable 8_waypoint_navigation[0m
[12.099s] [ 89%] [32m[1mLinking CXX executable 3_subscriber_node[0m
[12.189s] [ 89%] Built target 9_cv_image
[12.229s] [ 89%] Built target 9_cv_follow
[12.262s] [ 89%] Built target 6_imu_behavior
[12.339s] [ 89%] Built target 6_imu_data
[12.339s] [ 89%] Built target 9_cv_hsv
[12.368s] [ 89%] Built target 5_lidar_data
[12.368s] [ 89%] Built target 8_waypoint_navigation
[12.380s] [ 91%] [32m[1mLinking CXX executable 12_fetch[0m
[12.442s] [ 92%] [32m[1mLinking CXX executable wpb_home_mani_sim[0m
[12.467s] [ 92%] Built target 3_subscriber_node
[12.625s] [ 92%] Built target 12_fetch
[12.698s] [ 92%] Built target wpb_home_mani_sim
[14.090s] [ 93%] [32m[1mLinking CXX executable 9_cv_face_detect[0m
[14.480s] [ 94%] [32m[1mLinking CXX executable 10_pc_data[0m
[14.597s] [ 94%] Built target 9_cv_face_detect
[15.099s] [ 94%] Built target 10_pc_data
[15.112s] [ 96%] [32m[1mLinking CXX executable 10_pc_objects[0m
[15.145s] [ 97%] [32m[1mLinking CXX executable 11_grab_object[0m
[15.627s] [ 97%] Built target 11_grab_object
[15.916s] [ 97%] Built target 10_pc_objects
[16.594s] [ 98%] [32m[1mLinking CXX executable grab_object_sim[0m
[17.108s] [ 98%] Built target grab_object_sim
[18.625s] [100%] [32m[1mLinking CXX executable objects_publisher[0m
[19.595s] [100%] Built target objects_publisher
[19.603s] Invoked command in '/home/yy/factory_ws/build/wpr_simulation2' returned '0': CMAKE_PREFIX_PATH=${CMAKE_PREFIX_PATH}:/opt/ros/humble /usr/bin/cmake --build /home/yy/factory_ws/build/wpr_simulation2 -- -j20 -l20
[19.604s] Invoking command in '/home/yy/factory_ws/build/wpr_simulation2': CMAKE_PREFIX_PATH=${CMAKE_PREFIX_PATH}:/opt/ros/humble /usr/bin/cmake --install /home/yy/factory_ws/build/wpr_simulation2
[19.610s] -- Install configuration: ""
[19.610s] -- Installing: /home/yy/factory_ws/install/wpr_simulation2/share/ament_index/resource_index/rosidl_interfaces/wpr_simulation2
[19.610s] -- Installing: /home/yy/factory_ws/install/wpr_simulation2/include/wpr_simulation2/wpr_simulation2
[19.610s] -- Installing: /home/yy/factory_ws/install/wpr_simulation2/include/wpr_simulation2/wpr_simulation2/msg
[19.610s] -- Installing: /home/yy/factory_ws/install/wpr_simulation2/include/wpr_simulation2/wpr_simulation2/msg/object.h
[19.610s] -- Installing: /home/yy/factory_ws/install/wpr_simulation2/include/wpr_simulation2/wpr_simulation2/msg/detail
[19.610s] -- Installing: /home/yy/factory_ws/install/wpr_simulation2/include/wpr_simulation2/wpr_simulation2/msg/detail/object__type_support.h
[19.610s] -- Installing: /home/yy/factory_ws/install/wpr_simulation2/include/wpr_simulation2/wpr_simulation2/msg/detail/object__functions.c
[19.610s] -- Installing: /home/yy/factory_ws/install/wpr_simulation2/include/wpr_simulation2/wpr_simulation2/msg/detail/object__struct.h
[19.610s] -- Installing: /home/yy/factory_ws/install/wpr_simulation2/include/wpr_simulation2/wpr_simulation2/msg/detail/object__functions.h
[19.610s] -- Installing: /home/yy/factory_ws/install/wpr_simulation2/include/wpr_simulation2/wpr_simulation2/msg/rosidl_generator_c__visibility_control.h
[19.610s] -- Installing: /home/yy/factory_ws/install/wpr_simulation2/share/wpr_simulation2/environment/library_path.sh
[19.610s] -- Installing: /home/yy/factory_ws/install/wpr_simulation2/share/wpr_simulation2/environment/library_path.dsv
[19.610s] -- Installing: /home/yy/factory_ws/install/wpr_simulation2/lib/libwpr_simulation2__rosidl_generator_c.so
[19.611s] -- Set runtime path of "/home/yy/factory_ws/install/wpr_simulation2/lib/libwpr_simulation2__rosidl_generator_c.so" to ""
[19.611s] -- Up-to-date: /home/yy/factory_ws/install/wpr_simulation2/include/wpr_simulation2/wpr_simulation2
[19.611s] -- Up-to-date: /home/yy/factory_ws/install/wpr_simulation2/include/wpr_simulation2/wpr_simulation2/msg
[19.611s] -- Up-to-date: /home/yy/factory_ws/install/wpr_simulation2/include/wpr_simulation2/wpr_simulation2/msg/detail
[19.611s] -- Installing: /home/yy/factory_ws/install/wpr_simulation2/include/wpr_simulation2/wpr_simulation2/msg/detail/object__rosidl_typesupport_fastrtps_c.h
[19.611s] -- Installing: /home/yy/factory_ws/install/wpr_simulation2/include/wpr_simulation2/wpr_simulation2/msg/rosidl_typesupport_fastrtps_c__visibility_control.h
[19.611s] -- Installing: /home/yy/factory_ws/install/wpr_simulation2/lib/libwpr_simulation2__rosidl_typesupport_fastrtps_c.so
[19.611s] -- Set runtime path of "/home/yy/factory_ws/install/wpr_simulation2/lib/libwpr_simulation2__rosidl_typesupport_fastrtps_c.so" to ""
[19.611s] -- Up-to-date: /home/yy/factory_ws/install/wpr_simulation2/include/wpr_simulation2/wpr_simulation2
[19.611s] -- Up-to-date: /home/yy/factory_ws/install/wpr_simulation2/include/wpr_simulation2/wpr_simulation2/msg
[19.611s] -- Up-to-date: /home/yy/factory_ws/install/wpr_simulation2/include/wpr_simulation2/wpr_simulation2/msg/detail
[19.611s] -- Installing: /home/yy/factory_ws/install/wpr_simulation2/include/wpr_simulation2/wpr_simulation2/msg/detail/object__builder.hpp
[19.611s] -- Installing: /home/yy/factory_ws/install/wpr_simulation2/include/wpr_simulation2/wpr_simulation2/msg/detail/object__type_support.hpp
[19.611s] -- Installing: /home/yy/factory_ws/install/wpr_simulation2/include/wpr_simulation2/wpr_simulation2/msg/detail/object__traits.hpp
[19.611s] -- Installing: /home/yy/factory_ws/install/wpr_simulation2/include/wpr_simulation2/wpr_simulation2/msg/detail/object__struct.hpp
[19.611s] -- Installing: /home/yy/factory_ws/install/wpr_simulation2/include/wpr_simulation2/wpr_simulation2/msg/rosidl_generator_cpp__visibility_control.hpp
[19.611s] -- Installing: /home/yy/factory_ws/install/wpr_simulation2/include/wpr_simulation2/wpr_simulation2/msg/object.hpp
[19.611s] -- Up-to-date: /home/yy/factory_ws/install/wpr_simulation2/include/wpr_simulation2/wpr_simulation2
[19.611s] -- Up-to-date: /home/yy/factory_ws/install/wpr_simulation2/include/wpr_simulation2/wpr_simulation2/msg
[19.611s] -- Up-to-date: /home/yy/factory_ws/install/wpr_simulation2/include/wpr_simulation2/wpr_simulation2/msg/detail
[19.611s] -- Installing: /home/yy/factory_ws/install/wpr_simulation2/include/wpr_simulation2/wpr_simulation2/msg/detail/dds_fastrtps
[19.611s] -- Installing: /home/yy/factory_ws/install/wpr_simulation2/include/wpr_simulation2/wpr_simulation2/msg/detail/object__rosidl_typesupport_fastrtps_cpp.hpp
[19.611s] -- Installing: /home/yy/factory_ws/install/wpr_simulation2/include/wpr_simulation2/wpr_simulation2/msg/rosidl_typesupport_fastrtps_cpp__visibility_control.h
[19.611s] -- Installing: /home/yy/factory_ws/install/wpr_simulation2/lib/libwpr_simulation2__rosidl_typesupport_fastrtps_cpp.so
[19.611s] -- Set runtime path of "/home/yy/factory_ws/install/wpr_simulation2/lib/libwpr_simulation2__rosidl_typesupport_fastrtps_cpp.so" to ""
[19.611s] -- Up-to-date: /home/yy/factory_ws/install/wpr_simulation2/include/wpr_simulation2/wpr_simulation2
[19.611s] -- Up-to-date: /home/yy/factory_ws/install/wpr_simulation2/include/wpr_simulation2/wpr_simulation2/msg
[19.611s] -- Up-to-date: /home/yy/factory_ws/install/wpr_simulation2/include/wpr_simulation2/wpr_simulation2/msg/detail
[19.611s] -- Installing: /home/yy/factory_ws/install/wpr_simulation2/include/wpr_simulation2/wpr_simulation2/msg/detail/object__rosidl_typesupport_introspection_c.h
[19.612s] -- Installing: /home/yy/factory_ws/install/wpr_simulation2/include/wpr_simulation2/wpr_simulation2/msg/detail/object__type_support.c
[19.612s] -- Installing: /home/yy/factory_ws/install/wpr_simulation2/include/wpr_simulation2/wpr_simulation2/msg/rosidl_typesupport_introspection_c__visibility_control.h
[19.612s] -- Installing: /home/yy/factory_ws/install/wpr_simulation2/lib/libwpr_simulation2__rosidl_typesupport_introspection_c.so
[19.612s] -- Set runtime path of "/home/yy/factory_ws/install/wpr_simulation2/lib/libwpr_simulation2__rosidl_typesupport_introspection_c.so" to ""
[19.612s] -- Installing: /home/yy/factory_ws/install/wpr_simulation2/lib/libwpr_simulation2__rosidl_typesupport_c.so
[19.612s] -- Set runtime path of "/home/yy/factory_ws/install/wpr_simulation2/lib/libwpr_simulation2__rosidl_typesupport_c.so" to ""
[19.612s] -- Up-to-date: /home/yy/factory_ws/install/wpr_simulation2/include/wpr_simulation2/wpr_simulation2
[19.612s] -- Up-to-date: /home/yy/factory_ws/install/wpr_simulation2/include/wpr_simulation2/wpr_simulation2/msg
[19.612s] -- Up-to-date: /home/yy/factory_ws/install/wpr_simulation2/include/wpr_simulation2/wpr_simulation2/msg/detail
[19.612s] -- Installing: /home/yy/factory_ws/install/wpr_simulation2/include/wpr_simulation2/wpr_simulation2/msg/detail/object__type_support.cpp
[19.612s] -- Installing: /home/yy/factory_ws/install/wpr_simulation2/include/wpr_simulation2/wpr_simulation2/msg/detail/object__rosidl_typesupport_introspection_cpp.hpp
[19.612s] -- Installing: /home/yy/factory_ws/install/wpr_simulation2/lib/libwpr_simulation2__rosidl_typesupport_introspection_cpp.so
[19.612s] -- Set runtime path of "/home/yy/factory_ws/install/wpr_simulation2/lib/libwpr_simulation2__rosidl_typesupport_introspection_cpp.so" to ""
[19.612s] -- Installing: /home/yy/factory_ws/install/wpr_simulation2/lib/libwpr_simulation2__rosidl_typesupport_cpp.so
[19.612s] -- Set runtime path of "/home/yy/factory_ws/install/wpr_simulation2/lib/libwpr_simulation2__rosidl_typesupport_cpp.so" to ""
[19.612s] -- Installing: /home/yy/factory_ws/install/wpr_simulation2/share/wpr_simulation2/environment/pythonpath.sh
[19.612s] -- Installing: /home/yy/factory_ws/install/wpr_simulation2/share/wpr_simulation2/environment/pythonpath.dsv
[19.612s] -- Installing: /home/yy/factory_ws/install/wpr_simulation2/local/lib/python3.10/dist-packages/wpr_simulation2-1.0.0-py3.10.egg-info
[19.612s] -- Installing: /home/yy/factory_ws/install/wpr_simulation2/local/lib/python3.10/dist-packages/wpr_simulation2-1.0.0-py3.10.egg-info/SOURCES.txt
[19.612s] -- Installing: /home/yy/factory_ws/install/wpr_simulation2/local/lib/python3.10/dist-packages/wpr_simulation2-1.0.0-py3.10.egg-info/top_level.txt
[19.612s] -- Installing: /home/yy/factory_ws/install/wpr_simulation2/local/lib/python3.10/dist-packages/wpr_simulation2-1.0.0-py3.10.egg-info/PKG-INFO
[19.612s] -- Installing: /home/yy/factory_ws/install/wpr_simulation2/local/lib/python3.10/dist-packages/wpr_simulation2-1.0.0-py3.10.egg-info/dependency_links.txt
[19.612s] -- Installing: /home/yy/factory_ws/install/wpr_simulation2/local/lib/python3.10/dist-packages/wpr_simulation2
[19.612s] -- Installing: /home/yy/factory_ws/install/wpr_simulation2/local/lib/python3.10/dist-packages/wpr_simulation2/wpr_simulation2_s__rosidl_typesupport_c.cpython-310-x86_64-linux-gnu.so
[19.613s] -- Installing: /home/yy/factory_ws/install/wpr_simulation2/local/lib/python3.10/dist-packages/wpr_simulation2/_wpr_simulation2_s.ep.rosidl_typesupport_introspection_c.c
[19.613s] -- Installing: /home/yy/factory_ws/install/wpr_simulation2/local/lib/python3.10/dist-packages/wpr_simulation2/wpr_simulation2_s__rosidl_typesupport_fastrtps_c.cpython-310-x86_64-linux-gnu.so
[19.613s] -- Installing: /home/yy/factory_ws/install/wpr_simulation2/local/lib/python3.10/dist-packages/wpr_simulation2/wpr_simulation2_s__rosidl_typesupport_introspection_c.cpython-310-x86_64-linux-gnu.so
[19.613s] -- Installing: /home/yy/factory_ws/install/wpr_simulation2/local/lib/python3.10/dist-packages/wpr_simulation2/__init__.py
[19.613s] -- Installing: /home/yy/factory_ws/install/wpr_simulation2/local/lib/python3.10/dist-packages/wpr_simulation2/_wpr_simulation2_s.ep.rosidl_typesupport_fastrtps_c.c
[19.613s] -- Installing: /home/yy/factory_ws/install/wpr_simulation2/local/lib/python3.10/dist-packages/wpr_simulation2/msg
[19.613s] -- Installing: /home/yy/factory_ws/install/wpr_simulation2/local/lib/python3.10/dist-packages/wpr_simulation2/msg/_object_s.c
[19.613s] -- Installing: /home/yy/factory_ws/install/wpr_simulation2/local/lib/python3.10/dist-packages/wpr_simulation2/msg/_object.py
[19.613s] -- Installing: /home/yy/factory_ws/install/wpr_simulation2/local/lib/python3.10/dist-packages/wpr_simulation2/msg/__init__.py
[19.613s] -- Installing: /home/yy/factory_ws/install/wpr_simulation2/local/lib/python3.10/dist-packages/wpr_simulation2/libwpr_simulation2__rosidl_generator_py.so
[19.613s] -- Installing: /home/yy/factory_ws/install/wpr_simulation2/local/lib/python3.10/dist-packages/wpr_simulation2/_wpr_simulation2_s.ep.rosidl_typesupport_c.c
[19.630s] Listing '/home/yy/factory_ws/install/wpr_simulation2/local/lib/python3.10/dist-packages/wpr_simulation2'...
[19.630s] Compiling '/home/yy/factory_ws/install/wpr_simulation2/local/lib/python3.10/dist-packages/wpr_simulation2/__init__.py'...
[19.630s] Listing '/home/yy/factory_ws/install/wpr_simulation2/local/lib/python3.10/dist-packages/wpr_simulation2/msg'...
[19.630s] Compiling '/home/yy/factory_ws/install/wpr_simulation2/local/lib/python3.10/dist-packages/wpr_simulation2/msg/__init__.py'...
[19.630s] Compiling '/home/yy/factory_ws/install/wpr_simulation2/local/lib/python3.10/dist-packages/wpr_simulation2/msg/_object.py'...
[19.632s] -- Installing: /home/yy/factory_ws/install/wpr_simulation2/local/lib/python3.10/dist-packages/wpr_simulation2/wpr_simulation2_s__rosidl_typesupport_fastrtps_c.cpython-310-x86_64-linux-gnu.so
[19.632s] -- Set runtime path of "/home/yy/factory_ws/install/wpr_simulation2/local/lib/python3.10/dist-packages/wpr_simulation2/wpr_simulation2_s__rosidl_typesupport_fastrtps_c.cpython-310-x86_64-linux-gnu.so" to ""
[19.632s] -- Installing: /home/yy/factory_ws/install/wpr_simulation2/local/lib/python3.10/dist-packages/wpr_simulation2/wpr_simulation2_s__rosidl_typesupport_introspection_c.cpython-310-x86_64-linux-gnu.so
[19.632s] -- Set runtime path of "/home/yy/factory_ws/install/wpr_simulation2/local/lib/python3.10/dist-packages/wpr_simulation2/wpr_simulation2_s__rosidl_typesupport_introspection_c.cpython-310-x86_64-linux-gnu.so" to ""
[19.632s] -- Installing: /home/yy/factory_ws/install/wpr_simulation2/local/lib/python3.10/dist-packages/wpr_simulation2/wpr_simulation2_s__rosidl_typesupport_c.cpython-310-x86_64-linux-gnu.so
[19.633s] -- Set runtime path of "/home/yy/factory_ws/install/wpr_simulation2/local/lib/python3.10/dist-packages/wpr_simulation2/wpr_simulation2_s__rosidl_typesupport_c.cpython-310-x86_64-linux-gnu.so" to ""
[19.633s] -- Installing: /home/yy/factory_ws/install/wpr_simulation2/lib/libwpr_simulation2__rosidl_generator_py.so
[19.633s] -- Set runtime path of "/home/yy/factory_ws/install/wpr_simulation2/lib/libwpr_simulation2__rosidl_generator_py.so" to ""
[19.633s] -- Installing: /home/yy/factory_ws/install/wpr_simulation2/share/wpr_simulation2/msg/Object.idl
[19.633s] -- Installing: /home/yy/factory_ws/install/wpr_simulation2/share/wpr_simulation2/msg/Object.msg
[19.633s] -- Installing: /home/yy/factory_ws/install/wpr_simulation2/share/wpr_simulation2/config
[19.633s] -- Installing: /home/yy/factory_ws/install/wpr_simulation2/share/wpr_simulation2/config/nav2_params.yaml
[19.633s] -- Installing: /home/yy/factory_ws/install/wpr_simulation2/share/wpr_simulation2/config/wpb_home_controller.yaml
[19.633s] -- Installing: /home/yy/factory_ws/install/wpr_simulation2/share/wpr_simulation2/launch
[19.633s] -- Installing: /home/yy/factory_ws/install/wpr_simulation2/share/wpr_simulation2/launch/spawn_persons.launch.py
[19.634s] -- Installing: /home/yy/factory_ws/install/wpr_simulation2/share/wpr_simulation2/launch/demo_mani_ctrl.launch.py
[19.634s] -- Installing: /home/yy/factory_ws/install/wpr_simulation2/share/wpr_simulation2/launch/wpb_table.launch.py
[19.634s] -- Installing: /home/yy/factory_ws/install/wpr_simulation2/share/wpr_simulation2/launch/spawn_wpb_head_up.launch.py
[19.634s] -- Installing: /home/yy/factory_ws/install/wpr_simulation2/share/wpr_simulation2/launch/wpb_simple.launch.py
[19.634s] -- Installing: /home/yy/factory_ws/install/wpr_simulation2/share/wpr_simulation2/launch/wpb_balls.launch.py
[19.634s] -- Installing: /home/yy/factory_ws/install/wpr_simulation2/share/wpr_simulation2/launch/robocup_home_mani.launch.py
[19.634s] -- Installing: /home/yy/factory_ws/install/wpr_simulation2/share/wpr_simulation2/launch/wpb_mani.launch.py
[19.634s] -- Installing: /home/yy/factory_ws/install/wpr_simulation2/share/wpr_simulation2/launch/wpb_objects.launch.py
[19.634s] -- Installing: /home/yy/factory_ws/install/wpr_simulation2/share/wpr_simulation2/launch/spawn_objects.launch.py
[19.634s] -- Installing: /home/yy/factory_ws/install/wpr_simulation2/share/wpr_simulation2/launch/world.launch.py
[19.635s] -- Installing: /home/yy/factory_ws/install/wpr_simulation2/share/wpr_simulation2/launch/wpb_face.launch.py
[19.635s] -- Installing: /home/yy/factory_ws/install/wpr_simulation2/share/wpr_simulation2/launch/spawn_wpb.launch.py
[19.635s] -- Installing: /home/yy/factory_ws/install/wpr_simulation2/share/wpr_simulation2/launch/wpb_scene_1.launch.py
[19.635s] -- Installing: /home/yy/factory_ws/install/wpr_simulation2/share/wpr_simulation2/launch/navigation.launch.py
[19.635s] -- Installing: /home/yy/factory_ws/install/wpr_simulation2/share/wpr_simulation2/launch/map_tools.launch.py
[19.635s] -- Installing: /home/yy/factory_ws/install/wpr_simulation2/share/wpr_simulation2/launch/slam.launch.py
[19.635s] -- Installing: /home/yy/factory_ws/install/wpr_simulation2/share/wpr_simulation2/launch/spawn_wpb_mani.launch.py
[19.635s] -- Installing: /home/yy/factory_ws/install/wpr_simulation2/share/wpr_simulation2/launch/factory.launch.py
[19.635s] -- Installing: /home/yy/factory_ws/install/wpr_simulation2/share/wpr_simulation2/launch/spawn_wpb_lidar.launch.py
[19.635s] -- Installing: /home/yy/factory_ws/install/wpr_simulation2/share/wpr_simulation2/demo_launch
[19.635s] -- Installing: /home/yy/factory_ws/install/wpr_simulation2/share/wpr_simulation2/demo_launch/7_slam.launch.py
[19.635s] -- Installing: /home/yy/factory_ws/install/wpr_simulation2/share/wpr_simulation2/demo_launch/8_waypoint_nav.launch.py
[19.636s] -- Installing: /home/yy/factory_ws/install/wpr_simulation2/share/wpr_simulation2/demo_launch/3_pub_sub.launch.yaml
[19.636s] -- Installing: /home/yy/factory_ws/install/wpr_simulation2/share/wpr_simulation2/demo_launch/12_home.launch.py
[19.636s] -- Installing: /home/yy/factory_ws/install/wpr_simulation2/share/wpr_simulation2/demo_launch/3_pub_sub.launch.py
[19.636s] -- Installing: /home/yy/factory_ws/install/wpr_simulation2/share/wpr_simulation2/demo_launch/3_pub_sub.launch.xml
[19.636s] -- Installing: /home/yy/factory_ws/install/wpr_simulation2/share/wpr_simulation2/demo_launch/8_nav.launch.py
[19.636s] -- Installing: /home/yy/factory_ws/install/wpr_simulation2/share/wpr_simulation2/worlds
[19.636s] -- Installing: /home/yy/factory_ws/install/wpr_simulation2/share/wpr_simulation2/worlds/wpb_pose.world
[19.636s] -- Installing: /home/yy/factory_ws/install/wpr_simulation2/share/wpr_simulation2/worlds/factory.world
[19.637s] -- Installing: /home/yy/factory_ws/install/wpr_simulation2/share/wpr_simulation2/worlds/light.world
[19.637s] -- Installing: /home/yy/factory_ws/install/wpr_simulation2/share/wpr_simulation2/worlds/simple.world
[19.637s] -- Installing: /home/yy/factory_ws/install/wpr_simulation2/share/wpr_simulation2/worlds/table.world
[19.638s] -- Installing: /home/yy/factory_ws/install/wpr_simulation2/share/wpr_simulation2/worlds/wpb_simple.world
[19.638s] -- Installing: /home/yy/factory_ws/install/wpr_simulation2/share/wpr_simulation2/worlds/robocup_home.world
[19.638s] -- Installing: /home/yy/factory_ws/install/wpr_simulation2/share/wpr_simulation2/models
[19.638s] -- Installing: /home/yy/factory_ws/install/wpr_simulation2/share/wpr_simulation2/models/MobiBot.model
[19.638s] -- Installing: /home/yy/factory_ws/install/wpr_simulation2/share/wpr_simulation2/models/sofa.model
[19.638s] -- Installing: /home/yy/factory_ws/install/wpr_simulation2/share/wpr_simulation2/models/tea_table.model
[19.638s] -- Installing: /home/yy/factory_ws/install/wpr_simulation2/share/wpr_simulation2/models/balls
[19.638s] -- Installing: /home/yy/factory_ws/install/wpr_simulation2/share/wpr_simulation2/models/balls/green_ball.model
[19.638s] -- Installing: /home/yy/factory_ws/install/wpr_simulation2/share/wpr_simulation2/models/balls/red_ball.model
[19.638s] -- Installing: /home/yy/factory_ws/install/wpr_simulation2/share/wpr_simulation2/models/balls/blue_ball.model
[19.639s] -- Installing: /home/yy/factory_ws/install/wpr_simulation2/share/wpr_simulation2/models/balls/orange_ball.model
[19.639s] -- Installing: /home/yy/factory_ws/install/wpr_simulation2/share/wpr_simulation2/models/man_1.model
[19.639s] -- Installing: /home/yy/factory_ws/install/wpr_simulation2/share/wpr_simulation2/models/chair.model
[19.639s] -- Installing: /home/yy/factory_ws/install/wpr_simulation2/share/wpr_simulation2/models/bed.model
[19.639s] -- Installing: /home/yy/factory_ws/install/wpr_simulation2/share/wpr_simulation2/models/cupboard.model
[19.639s] -- Installing: /home/yy/factory_ws/install/wpr_simulation2/share/wpr_simulation2/models/bookshelft.model
[19.639s] -- Installing: /home/yy/factory_ws/install/wpr_simulation2/share/wpr_simulation2/models/wpb_home_lidar.model
[19.639s] -- Installing: /home/yy/factory_ws/install/wpr_simulation2/share/wpr_simulation2/models/table.model
[19.639s] -- Installing: /home/yy/factory_ws/install/wpr_simulation2/share/wpr_simulation2/models/wpv3.model
[19.639s] -- Installing: /home/yy/factory_ws/install/wpr_simulation2/share/wpr_simulation2/models/kai_standing.model
[19.639s] -- Installing: /home/yy/factory_ws/install/wpr_simulation2/share/wpr_simulation2/models/woman.model
[19.639s] -- Installing: /home/yy/factory_ws/install/wpr_simulation2/share/wpr_simulation2/models/wpb_home.model
[19.640s] -- Installing: /home/yy/factory_ws/install/wpr_simulation2/share/wpr_simulation2/models/wpr1.model
[19.640s] -- Installing: /home/yy/factory_ws/install/wpr_simulation2/share/wpr_simulation2/models/wpb_home_mani.model
[19.640s] -- Installing: /home/yy/factory_ws/install/wpr_simulation2/share/wpr_simulation2/models/wpb_home_head_up.model
[19.640s] -- Installing: /home/yy/factory_ws/install/wpr_simulation2/share/wpr_simulation2/models/bottles
[19.640s] -- Installing: /home/yy/factory_ws/install/wpr_simulation2/share/wpr_simulation2/models/bottles/green_bottle.model
[19.640s] -- Installing: /home/yy/factory_ws/install/wpr_simulation2/share/wpr_simulation2/models/bottles/red_bottle.model
[19.641s] -- Installing: /home/yy/factory_ws/install/wpr_simulation2/share/wpr_simulation2/models/man_2.model
[19.641s] -- Installing: /home/yy/factory_ws/install/wpr_simulation2/share/wpr_simulation2/meshes
[19.641s] -- Installing: /home/yy/factory_ws/install/wpr_simulation2/share/wpr_simulation2/meshes/man_2
[19.641s] -- Installing: /home/yy/factory_ws/install/wpr_simulation2/share/wpr_simulation2/meshes/man_2/man_2.dae
[19.642s] -- Installing: /home/yy/factory_ws/install/wpr_simulation2/share/wpr_simulation2/meshes/man_2/color.png
[19.642s] -- Installing: /home/yy/factory_ws/install/wpr_simulation2/share/wpr_simulation2/meshes/bookshelft.dae
[19.643s] -- Installing: /home/yy/factory_ws/install/wpr_simulation2/share/wpr_simulation2/meshes/kai
[19.643s] -- Installing: /home/yy/factory_ws/install/wpr_simulation2/share/wpr_simulation2/meshes/kai/1931_LaFeiEr_D_512.png
[19.644s] -- Installing: /home/yy/factory_ws/install/wpr_simulation2/share/wpr_simulation2/meshes/kai/kai_standing.dae
[19.647s] -- Installing: /home/yy/factory_ws/install/wpr_simulation2/share/wpr_simulation2/meshes/sofa.dae
[19.647s] -- Installing: /home/yy/factory_ws/install/wpr_simulation2/share/wpr_simulation2/meshes/woman
[19.647s] -- Installing: /home/yy/factory_ws/install/wpr_simulation2/share/wpr_simulation2/meshes/woman/woman.dae
[19.648s] -- Installing: /home/yy/factory_ws/install/wpr_simulation2/share/wpr_simulation2/meshes/woman/color.png
[19.649s] -- Installing: /home/yy/factory_ws/install/wpr_simulation2/share/wpr_simulation2/meshes/wpb_home
[19.649s] -- Installing: /home/yy/factory_ws/install/wpr_simulation2/share/wpr_simulation2/meshes/wpb_home/forearm.dae
[19.649s] -- Installing: /home/yy/factory_ws/install/wpr_simulation2/share/wpr_simulation2/meshes/wpb_home/wpb_home_std.dae
[19.658s] -- Installing: /home/yy/factory_ws/install/wpr_simulation2/share/wpr_simulation2/meshes/wpb_home/wpb_home_mani.dae
[19.663s] -- Installing: /home/yy/factory_ws/install/wpr_simulation2/share/wpr_simulation2/meshes/bottle.stl
[19.664s] -- Installing: /home/yy/factory_ws/install/wpr_simulation2/share/wpr_simulation2/meshes/chair
[19.664s] -- Installing: /home/yy/factory_ws/install/wpr_simulation2/share/wpr_simulation2/meshes/chair/Wood_Cherry_Original.jpg
[19.664s] -- Installing: /home/yy/factory_ws/install/wpr_simulation2/share/wpr_simulation2/meshes/tea_table.dae
[19.664s] -- Installing: /home/yy/factory_ws/install/wpr_simulation2/share/wpr_simulation2/meshes/wpv3
[19.664s] -- Installing: /home/yy/factory_ws/install/wpr_simulation2/share/wpr_simulation2/meshes/wpv3/wpv3.dae
[19.667s] -- Installing: /home/yy/factory_ws/install/wpr_simulation2/share/wpr_simulation2/meshes/bed
[19.667s] -- Installing: /home/yy/factory_ws/install/wpr_simulation2/share/wpr_simulation2/meshes/bed/Carpet_Pattern_Squares_Multi.jpg
[19.667s] -- Installing: /home/yy/factory_ws/install/wpr_simulation2/share/wpr_simulation2/meshes/bed/Wood_Bamboo.jpg
[19.667s] -- Installing: /home/yy/factory_ws/install/wpr_simulation2/share/wpr_simulation2/meshes/man_1
[19.667s] -- Installing: /home/yy/factory_ws/install/wpr_simulation2/share/wpr_simulation2/meshes/man_1/man_1.dae
[19.668s] -- Installing: /home/yy/factory_ws/install/wpr_simulation2/share/wpr_simulation2/meshes/man_1/color.png
[19.668s] -- Installing: /home/yy/factory_ws/install/wpr_simulation2/share/wpr_simulation2/meshes/chair.dae
[19.668s] -- Installing: /home/yy/factory_ws/install/wpr_simulation2/share/wpr_simulation2/meshes/table.dae
[19.668s] -- Installing: /home/yy/factory_ws/install/wpr_simulation2/share/wpr_simulation2/meshes/cupboard.dae
[19.669s] -- Installing: /home/yy/factory_ws/install/wpr_simulation2/share/wpr_simulation2/meshes/tea_table
[19.669s] -- Installing: /home/yy/factory_ws/install/wpr_simulation2/share/wpr_simulation2/meshes/tea_table/Wood_Cherry_Original.jpg
[19.669s] -- Installing: /home/yy/factory_ws/install/wpr_simulation2/share/wpr_simulation2/meshes/sofa
[19.669s] -- Installing: /home/yy/factory_ws/install/wpr_simulation2/share/wpr_simulation2/meshes/sofa/Carpet_Loop_Pattern.jpg
[19.669s] -- Installing: /home/yy/factory_ws/install/wpr_simulation2/share/wpr_simulation2/meshes/cupboard
[19.669s] -- Installing: /home/yy/factory_ws/install/wpr_simulation2/share/wpr_simulation2/meshes/cupboard/Wood_Veneer_02.jpg
[19.669s] -- Installing: /home/yy/factory_ws/install/wpr_simulation2/share/wpr_simulation2/meshes/table
[19.670s] -- Installing: /home/yy/factory_ws/install/wpr_simulation2/share/wpr_simulation2/meshes/table/Wood_Cherry_Original.jpg
[19.670s] -- Installing: /home/yy/factory_ws/install/wpr_simulation2/share/wpr_simulation2/meshes/wpr1
[19.670s] -- Installing: /home/yy/factory_ws/install/wpr_simulation2/share/wpr_simulation2/meshes/wpr1/palm.dae
[19.672s] -- Installing: /home/yy/factory_ws/install/wpr_simulation2/share/wpr_simulation2/meshes/wpr1/upperarm.dae
[19.673s] -- Installing: /home/yy/factory_ws/install/wpr_simulation2/share/wpr_simulation2/meshes/wpr1/fingertip.dae
[19.673s] -- Installing: /home/yy/factory_ws/install/wpr_simulation2/share/wpr_simulation2/meshes/wpr1/base.dae
[19.676s] -- Installing: /home/yy/factory_ws/install/wpr_simulation2/share/wpr_simulation2/meshes/wpr1/finger.dae
[19.679s] -- Installing: /home/yy/factory_ws/install/wpr_simulation2/share/wpr_simulation2/meshes/wpr1/forearm.dae
[19.680s] -- Installing: /home/yy/factory_ws/install/wpr_simulation2/share/wpr_simulation2/meshes/wpr1/torso.dae
[19.684s] -- Installing: /home/yy/factory_ws/install/wpr_simulation2/share/wpr_simulation2/meshes/bed.dae
[19.685s] -- Installing: /home/yy/factory_ws/install/wpr_simulation2/share/wpr_simulation2/meshes/bookshelft
[19.685s] -- Installing: /home/yy/factory_ws/install/wpr_simulation2/share/wpr_simulation2/meshes/bookshelft/Wood_Veneer_02.jpg
[19.685s] -- Installing: /home/yy/factory_ws/install/wpr_simulation2/share/wpr_simulation2/rviz
[19.685s] -- Installing: /home/yy/factory_ws/install/wpr_simulation2/share/wpr_simulation2/rviz/slam.rviz
[19.685s] -- Installing: /home/yy/factory_ws/install/wpr_simulation2/share/wpr_simulation2/rviz/navi.rviz
[19.685s] -- Installing: /home/yy/factory_ws/install/wpr_simulation2/share/wpr_simulation2/rviz/sensor.rviz
[19.685s] -- Installing: /home/yy/factory_ws/install/wpr_simulation2/share/wpr_simulation2/rviz/navi_3d.rviz
[19.686s] -- Installing: /home/yy/factory_ws/install/wpr_simulation2/share/wpr_simulation2/rviz/objects.rviz
[19.686s] -- Installing: /home/yy/factory_ws/install/wpr_simulation2/share/wpr_simulation2/rviz/pointcloud.rviz
[19.686s] -- Installing: /home/yy/factory_ws/install/wpr_simulation2/share/wpr_simulation2/rviz/fetch.rviz
[19.686s] -- Installing: /home/yy/factory_ws/install/wpr_simulation2/share/wpr_simulation2/src
[19.686s] -- Installing: /home/yy/factory_ws/install/wpr_simulation2/share/wpr_simulation2/src/face_detector.py
[19.686s] -- Installing: /home/yy/factory_ws/install/wpr_simulation2/share/wpr_simulation2/src/grab_object_sim.cpp
[19.686s] -- Installing: /home/yy/factory_ws/install/wpr_simulation2/share/wpr_simulation2/src/ball_random_move.cpp
[19.686s] -- Installing: /home/yy/factory_ws/install/wpr_simulation2/share/wpr_simulation2/src/wpb_home_mani_sim.cpp
[19.686s] -- Installing: /home/yy/factory_ws/install/wpr_simulation2/share/wpr_simulation2/src/objects_publisher.cpp
[19.687s] -- Installing: /home/yy/factory_ws/install/wpr_simulation2/share/wpr_simulation2/src/keyboard_vel_cmd.cpp
[19.687s] -- Up-to-date: /home/yy/factory_ws/install/wpr_simulation2/share/wpr_simulation2/msg
[19.687s] -- Up-to-date: /home/yy/factory_ws/install/wpr_simulation2/share/wpr_simulation2/msg/Object.msg
[19.687s] -- Installing: /home/yy/factory_ws/install/wpr_simulation2/share/wpr_simulation2/maps
[19.687s] -- Installing: /home/yy/factory_ws/install/wpr_simulation2/share/wpr_simulation2/maps/map.yaml
[19.687s] -- Installing: /home/yy/factory_ws/install/wpr_simulation2/share/wpr_simulation2/maps/map.pgm
[19.688s] -- Installing: /home/yy/factory_ws/install/wpr_simulation2/share/wpr_simulation2/maps/.gitignore
[19.688s] -- Installing: /home/yy/factory_ws/install/wpr_simulation2/lib/wpr_simulation2/face_detector.py
[19.689s] -- Installing: /home/yy/factory_ws/install/wpr_simulation2/lib/wpr_simulation2/wpb_home_mani_sim
[19.691s] -- Set runtime path of "/home/yy/factory_ws/install/wpr_simulation2/lib/wpr_simulation2/wpb_home_mani_sim" to ""
[19.691s] -- Installing: /home/yy/factory_ws/install/wpr_simulation2/lib/wpr_simulation2/keyboard_vel_cmd
[19.691s] -- Set runtime path of "/home/yy/factory_ws/install/wpr_simulation2/lib/wpr_simulation2/keyboard_vel_cmd" to ""
[19.691s] -- Installing: /home/yy/factory_ws/install/wpr_simulation2/lib/wpr_simulation2/ball_random_move
[19.692s] -- Set runtime path of "/home/yy/factory_ws/install/wpr_simulation2/lib/wpr_simulation2/ball_random_move" to ""
[19.692s] -- Installing: /home/yy/factory_ws/install/wpr_simulation2/lib/wpr_simulation2/objects_publisher
[19.694s] -- Set runtime path of "/home/yy/factory_ws/install/wpr_simulation2/lib/wpr_simulation2/objects_publisher" to ""
[19.695s] -- Installing: /home/yy/factory_ws/install/wpr_simulation2/lib/wpr_simulation2/grab_object_sim
[19.697s] -- Set runtime path of "/home/yy/factory_ws/install/wpr_simulation2/lib/wpr_simulation2/grab_object_sim" to ""
[19.697s] -- Installing: /home/yy/factory_ws/install/wpr_simulation2/lib/wpr_simulation2/3_publisher_node
[19.698s] -- Set runtime path of "/home/yy/factory_ws/install/wpr_simulation2/lib/wpr_simulation2/3_publisher_node" to ""
[19.698s] -- Installing: /home/yy/factory_ws/install/wpr_simulation2/lib/wpr_simulation2/3_subscriber_node
[19.699s] -- Set runtime path of "/home/yy/factory_ws/install/wpr_simulation2/lib/wpr_simulation2/3_subscriber_node" to ""
[19.699s] -- Installing: /home/yy/factory_ws/install/wpr_simulation2/lib/wpr_simulation2/4_velocity_command
[19.700s] -- Set runtime path of "/home/yy/factory_ws/install/wpr_simulation2/lib/wpr_simulation2/4_velocity_command" to ""
[19.700s] -- Installing: /home/yy/factory_ws/install/wpr_simulation2/lib/wpr_simulation2/5_lidar_data
[19.702s] -- Set runtime path of "/home/yy/factory_ws/install/wpr_simulation2/lib/wpr_simulation2/5_lidar_data" to ""
[19.702s] -- Installing: /home/yy/factory_ws/install/wpr_simulation2/lib/wpr_simulation2/5_lidar_behavior
[19.703s] -- Set runtime path of "/home/yy/factory_ws/install/wpr_simulation2/lib/wpr_simulation2/5_lidar_behavior" to ""
[19.703s] -- Installing: /home/yy/factory_ws/install/wpr_simulation2/lib/wpr_simulation2/6_imu_data
[19.705s] -- Set runtime path of "/home/yy/factory_ws/install/wpr_simulation2/lib/wpr_simulation2/6_imu_data" to ""
[19.705s] -- Installing: /home/yy/factory_ws/install/wpr_simulation2/lib/wpr_simulation2/6_imu_behavior
[19.707s] -- Set runtime path of "/home/yy/factory_ws/install/wpr_simulation2/lib/wpr_simulation2/6_imu_behavior" to ""
[19.707s] -- Installing: /home/yy/factory_ws/install/wpr_simulation2/lib/wpr_simulation2/8_waypoint_navigation
[19.708s] -- Set runtime path of "/home/yy/factory_ws/install/wpr_simulation2/lib/wpr_simulation2/8_waypoint_navigation" to ""
[19.709s] -- Installing: /home/yy/factory_ws/install/wpr_simulation2/lib/wpr_simulation2/9_cv_image
[19.710s] -- Set runtime path of "/home/yy/factory_ws/install/wpr_simulation2/lib/wpr_simulation2/9_cv_image" to ""
[19.710s] -- Installing: /home/yy/factory_ws/install/wpr_simulation2/lib/wpr_simulation2/9_cv_hsv
[19.712s] -- Set runtime path of "/home/yy/factory_ws/install/wpr_simulation2/lib/wpr_simulation2/9_cv_hsv" to ""
[19.712s] -- Installing: /home/yy/factory_ws/install/wpr_simulation2/lib/wpr_simulation2/9_cv_follow
[19.714s] -- Set runtime path of "/home/yy/factory_ws/install/wpr_simulation2/lib/wpr_simulation2/9_cv_follow" to ""
[19.714s] -- Installing: /home/yy/factory_ws/install/wpr_simulation2/lib/wpr_simulation2/9_cv_face_detect
[19.716s] -- Set runtime path of "/home/yy/factory_ws/install/wpr_simulation2/lib/wpr_simulation2/9_cv_face_detect" to ""
[19.716s] -- Installing: /home/yy/factory_ws/install/wpr_simulation2/lib/wpr_simulation2/10_pc_data
[19.718s] -- Set runtime path of "/home/yy/factory_ws/install/wpr_simulation2/lib/wpr_simulation2/10_pc_data" to ""
[19.718s] -- Installing: /home/yy/factory_ws/install/wpr_simulation2/lib/wpr_simulation2/10_pc_objects
[19.720s] -- Set runtime path of "/home/yy/factory_ws/install/wpr_simulation2/lib/wpr_simulation2/10_pc_objects" to ""
[19.720s] -- Installing: /home/yy/factory_ws/install/wpr_simulation2/lib/wpr_simulation2/11_mani_ctrl
[19.720s] -- Set runtime path of "/home/yy/factory_ws/install/wpr_simulation2/lib/wpr_simulation2/11_mani_ctrl" to ""
[19.720s] -- Installing: /home/yy/factory_ws/install/wpr_simulation2/lib/wpr_simulation2/11_grab_object
[19.722s] -- Set runtime path of "/home/yy/factory_ws/install/wpr_simulation2/lib/wpr_simulation2/11_grab_object" to ""
[19.722s] -- Installing: /home/yy/factory_ws/install/wpr_simulation2/lib/wpr_simulation2/12_fetch
[19.724s] -- Set runtime path of "/home/yy/factory_ws/install/wpr_simulation2/lib/wpr_simulation2/12_fetch" to ""
[19.724s] -- Installing: /home/yy/factory_ws/install/wpr_simulation2/lib/wpr_simulation2/demo_nav2_client
[19.724s] -- Set runtime path of "/home/yy/factory_ws/install/wpr_simulation2/lib/wpr_simulation2/demo_nav2_client" to ""
[19.725s] -- Installing: /home/yy/factory_ws/install/wpr_simulation2/share/ament_index/resource_index/package_run_dependencies/wpr_simulation2
[19.725s] -- Installing: /home/yy/factory_ws/install/wpr_simulation2/share/ament_index/resource_index/parent_prefix_path/wpr_simulation2
[19.725s] -- Installing: /home/yy/factory_ws/install/wpr_simulation2/share/wpr_simulation2/environment/ament_prefix_path.sh
[19.725s] -- Installing: /home/yy/factory_ws/install/wpr_simulation2/share/wpr_simulation2/environment/ament_prefix_path.dsv
[19.725s] -- Installing: /home/yy/factory_ws/install/wpr_simulation2/share/wpr_simulation2/environment/path.sh
[19.725s] -- Installing: /home/yy/factory_ws/install/wpr_simulation2/share/wpr_simulation2/environment/path.dsv
[19.725s] -- Installing: /home/yy/factory_ws/install/wpr_simulation2/share/wpr_simulation2/local_setup.bash
[19.725s] -- Installing: /home/yy/factory_ws/install/wpr_simulation2/share/wpr_simulation2/local_setup.sh
[19.725s] -- Installing: /home/yy/factory_ws/install/wpr_simulation2/share/wpr_simulation2/local_setup.zsh
[19.725s] -- Installing: /home/yy/factory_ws/install/wpr_simulation2/share/wpr_simulation2/local_setup.dsv
[19.725s] -- Installing: /home/yy/factory_ws/install/wpr_simulation2/share/wpr_simulation2/package.dsv
[19.725s] -- Installing: /home/yy/factory_ws/install/wpr_simulation2/share/ament_index/resource_index/packages/wpr_simulation2
[19.725s] -- Installing: /home/yy/factory_ws/install/wpr_simulation2/share/wpr_simulation2/cmake/export_wpr_simulation2__rosidl_generator_cExport.cmake
[19.725s] -- Installing: /home/yy/factory_ws/install/wpr_simulation2/share/wpr_simulation2/cmake/export_wpr_simulation2__rosidl_generator_cExport-noconfig.cmake
[19.725s] -- Installing: /home/yy/factory_ws/install/wpr_simulation2/share/wpr_simulation2/cmake/export_wpr_simulation2__rosidl_typesupport_fastrtps_cExport.cmake
[19.725s] -- Installing: /home/yy/factory_ws/install/wpr_simulation2/share/wpr_simulation2/cmake/export_wpr_simulation2__rosidl_typesupport_fastrtps_cExport-noconfig.cmake
[19.726s] -- Installing: /home/yy/factory_ws/install/wpr_simulation2/share/wpr_simulation2/cmake/export_wpr_simulation2__rosidl_generator_cppExport.cmake
[19.726s] -- Installing: /home/yy/factory_ws/install/wpr_simulation2/share/wpr_simulation2/cmake/export_wpr_simulation2__rosidl_typesupport_fastrtps_cppExport.cmake
[19.726s] -- Installing: /home/yy/factory_ws/install/wpr_simulation2/share/wpr_simulation2/cmake/export_wpr_simulation2__rosidl_typesupport_fastrtps_cppExport-noconfig.cmake
[19.726s] -- Installing: /home/yy/factory_ws/install/wpr_simulation2/share/wpr_simulation2/cmake/wpr_simulation2__rosidl_typesupport_introspection_cExport.cmake
[19.726s] -- Installing: /home/yy/factory_ws/install/wpr_simulation2/share/wpr_simulation2/cmake/wpr_simulation2__rosidl_typesupport_introspection_cExport-noconfig.cmake
[19.726s] -- Installing: /home/yy/factory_ws/install/wpr_simulation2/share/wpr_simulation2/cmake/wpr_simulation2__rosidl_typesupport_cExport.cmake
[19.726s] -- Installing: /home/yy/factory_ws/install/wpr_simulation2/share/wpr_simulation2/cmake/wpr_simulation2__rosidl_typesupport_cExport-noconfig.cmake
[19.726s] -- Installing: /home/yy/factory_ws/install/wpr_simulation2/share/wpr_simulation2/cmake/wpr_simulation2__rosidl_typesupport_introspection_cppExport.cmake
[19.726s] -- Installing: /home/yy/factory_ws/install/wpr_simulation2/share/wpr_simulation2/cmake/wpr_simulation2__rosidl_typesupport_introspection_cppExport-noconfig.cmake
[19.726s] -- Installing: /home/yy/factory_ws/install/wpr_simulation2/share/wpr_simulation2/cmake/wpr_simulation2__rosidl_typesupport_cppExport.cmake
[19.726s] -- Installing: /home/yy/factory_ws/install/wpr_simulation2/share/wpr_simulation2/cmake/wpr_simulation2__rosidl_typesupport_cppExport-noconfig.cmake
[19.726s] -- Installing: /home/yy/factory_ws/install/wpr_simulation2/share/wpr_simulation2/cmake/export_wpr_simulation2__rosidl_generator_pyExport.cmake
[19.726s] -- Installing: /home/yy/factory_ws/install/wpr_simulation2/share/wpr_simulation2/cmake/export_wpr_simulation2__rosidl_generator_pyExport-noconfig.cmake
[19.726s] -- Installing: /home/yy/factory_ws/install/wpr_simulation2/share/wpr_simulation2/cmake/rosidl_cmake-extras.cmake
[19.726s] -- Installing: /home/yy/factory_ws/install/wpr_simulation2/share/wpr_simulation2/cmake/ament_cmake_export_dependencies-extras.cmake
[19.726s] -- Installing: /home/yy/factory_ws/install/wpr_simulation2/share/wpr_simulation2/cmake/ament_cmake_export_include_directories-extras.cmake
[19.726s] -- Installing: /home/yy/factory_ws/install/wpr_simulation2/share/wpr_simulation2/cmake/ament_cmake_export_libraries-extras.cmake
[19.726s] -- Installing: /home/yy/factory_ws/install/wpr_simulation2/share/wpr_simulation2/cmake/ament_cmake_export_targets-extras.cmake
[19.726s] -- Installing: /home/yy/factory_ws/install/wpr_simulation2/share/wpr_simulation2/cmake/rosidl_cmake_export_typesupport_targets-extras.cmake
[19.727s] -- Installing: /home/yy/factory_ws/install/wpr_simulation2/share/wpr_simulation2/cmake/rosidl_cmake_export_typesupport_libraries-extras.cmake
[19.727s] -- Installing: /home/yy/factory_ws/install/wpr_simulation2/share/wpr_simulation2/cmake/wpr_simulation2Config.cmake
[19.727s] -- Installing: /home/yy/factory_ws/install/wpr_simulation2/share/wpr_simulation2/cmake/wpr_simulation2Config-version.cmake
[19.727s] -- Installing: /home/yy/factory_ws/install/wpr_simulation2/share/wpr_simulation2/package.xml
[19.728s] Invoked command in '/home/yy/factory_ws/build/wpr_simulation2' returned '0': CMAKE_PREFIX_PATH=${CMAKE_PREFIX_PATH}:/opt/ros/humble /usr/bin/cmake --install /home/yy/factory_ws/build/wpr_simulation2
