[0.009s] Invoking command in '/home/yy/factory_ws/build/nav_pkg': CMAKE_PREFIX_PATH=${CMAKE_PREFIX_PATH}:/opt/ros/humble /usr/bin/cmake /home/yy/factory_ws/src/nav_pkg -DCMAKE_INSTALL_PREFIX=/home/yy/factory_ws/install/nav_pkg
[0.100s] -- The C compiler identification is GNU 11.4.0
[0.171s] -- The CXX compiler identification is GNU 11.4.0
[0.177s] -- Detecting C compiler ABI info
[0.223s] -- Detecting C compiler ABI info - done
[0.226s] -- Check for working C compiler: /usr/bin/cc - skipped
[0.226s] -- Detecting C compile features
[0.226s] -- Detecting C compile features - done
[0.228s] -- Detecting CXX compiler ABI info
[0.282s] -- Detecting CXX compiler ABI info - done
[0.288s] -- Check for working CXX compiler: /usr/bin/c++ - skipped
[0.288s] -- Detecting CXX compile features
[0.288s] -- Detecting CXX compile features - done
[0.289s] -- Found ament_cmake: 1.3.11 (/opt/ros/humble/share/ament_cmake/cmake)
[0.376s] -- Found Python3: /usr/bin/python3 (found version "3.10.12") found components: Interpreter 
[0.426s] -- Found ament_lint_auto: 0.12.12 (/opt/ros/humble/share/ament_lint_auto/cmake)
[0.468s] -- Added test 'flake8' to check Python code syntax and style conventions
[0.468s] -- Added test 'lint_cmake' to check CMake code style
[0.469s] -- Added test 'pep257' to check Python code against some of the docstring style conventions in PEP 257
[0.469s] -- Added test 'xmllint' to check XML markup files
[0.470s] -- Configuring done
[0.471s] -- Generating done
[0.472s] -- Build files have been written to: /home/yy/factory_ws/build/nav_pkg
[0.475s] Invoked command in '/home/yy/factory_ws/build/nav_pkg' returned '0': CMAKE_PREFIX_PATH=${CMAKE_PREFIX_PATH}:/opt/ros/humble /usr/bin/cmake /home/yy/factory_ws/src/nav_pkg -DCMAKE_INSTALL_PREFIX=/home/yy/factory_ws/install/nav_pkg
[0.476s] Invoking command in '/home/yy/factory_ws/build/nav_pkg': CMAKE_PREFIX_PATH=${CMAKE_PREFIX_PATH}:/opt/ros/humble /usr/bin/cmake --build /home/yy/factory_ws/build/nav_pkg -- -j20 -l20
[0.501s] Invoked command in '/home/yy/factory_ws/build/nav_pkg' returned '0': CMAKE_PREFIX_PATH=${CMAKE_PREFIX_PATH}:/opt/ros/humble /usr/bin/cmake --build /home/yy/factory_ws/build/nav_pkg -- -j20 -l20
[0.508s] Invoking command in '/home/yy/factory_ws/build/nav_pkg': CMAKE_PREFIX_PATH=${CMAKE_PREFIX_PATH}:/opt/ros/humble /usr/bin/cmake --install /home/yy/factory_ws/build/nav_pkg
[0.511s] -- Install configuration: ""
[0.511s] -- Installing: /home/yy/factory_ws/install/nav_pkg/share/nav_pkg/launch
[0.512s] -- Installing: /home/yy/factory_ws/install/nav_pkg/share/nav_pkg/launch/nav.launch.py
[0.512s] -- Installing: /home/yy/factory_ws/install/nav_pkg/share/ament_index/resource_index/package_run_dependencies/nav_pkg
[0.512s] -- Installing: /home/yy/factory_ws/install/nav_pkg/share/ament_index/resource_index/parent_prefix_path/nav_pkg
[0.512s] -- Installing: /home/yy/factory_ws/install/nav_pkg/share/nav_pkg/environment/ament_prefix_path.sh
[0.512s] -- Installing: /home/yy/factory_ws/install/nav_pkg/share/nav_pkg/environment/ament_prefix_path.dsv
[0.512s] -- Installing: /home/yy/factory_ws/install/nav_pkg/share/nav_pkg/environment/path.sh
[0.512s] -- Installing: /home/yy/factory_ws/install/nav_pkg/share/nav_pkg/environment/path.dsv
[0.512s] -- Installing: /home/yy/factory_ws/install/nav_pkg/share/nav_pkg/local_setup.bash
[0.512s] -- Installing: /home/yy/factory_ws/install/nav_pkg/share/nav_pkg/local_setup.sh
[0.512s] -- Installing: /home/yy/factory_ws/install/nav_pkg/share/nav_pkg/local_setup.zsh
[0.512s] -- Installing: /home/yy/factory_ws/install/nav_pkg/share/nav_pkg/local_setup.dsv
[0.512s] -- Installing: /home/yy/factory_ws/install/nav_pkg/share/nav_pkg/package.dsv
[0.512s] -- Installing: /home/yy/factory_ws/install/nav_pkg/share/ament_index/resource_index/packages/nav_pkg
[0.512s] -- Installing: /home/yy/factory_ws/install/nav_pkg/share/nav_pkg/cmake/nav_pkgConfig.cmake
[0.513s] -- Installing: /home/yy/factory_ws/install/nav_pkg/share/nav_pkg/cmake/nav_pkgConfig-version.cmake
[0.513s] -- Installing: /home/yy/factory_ws/install/nav_pkg/share/nav_pkg/package.xml
[0.513s] Invoked command in '/home/yy/factory_ws/build/nav_pkg' returned '0': CMAKE_PREFIX_PATH=${CMAKE_PREFIX_PATH}:/opt/ros/humble /usr/bin/cmake --install /home/yy/factory_ws/build/nav_pkg
