[0.009s] Invoking command in '/home/yy/factory_ws/build/wpr_simulation2': CMAKE_PREFIX_PATH=/opt/ros/humble /usr/bin/cmake --build /home/yy/factory_ws/build/wpr_simulation2 -- -j20 -l20
[0.068s] [  1%] Built target wpr_simulation2__cpp
[0.069s] [  5%] Built target wpr_simulation2__rosidl_generator_c
[0.076s] [  5%] Built target ament_cmake_python_copy_wpr_simulation2
[0.085s] [ 15%] Built target ball_random_move
[0.085s] [ 15%] Built target 5_lidar_data
[0.086s] [ 15%] Built target 4_velocity_command
[0.086s] [ 16%] Built target 5_lidar_behavior
[0.086s] [ 29%] Built target 3_publisher_node
[0.086s] [ 29%] Built target 8_waypoint_navigation
[0.086s] [ 29%] Built target 3_subscriber_node
[0.086s] [ 29%] Built target 3_my_node
[0.086s] [ 31%] Built target keyboard_vel_cmd
[0.087s] [ 29%] Built target 6_imu_data
[0.087s] [ 32%] Built target wpb_home_mani_sim
[0.087s] [ 36%] Built target 6_imu_behavior
[0.087s] [ 37%] Built target 9_cv_face_detect
[0.087s] [ 40%] Built target 9_cv_hsv
[0.087s] [ 43%] Built target 9_cv_follow
[0.088s] [ 45%] Built target 9_cv_image
[0.090s] [ 48%] Built target 11_mani_ctrl
[0.095s] [ 50%] Built target 12_fetch
[0.099s] [ 54%] Built target wpr_simulation2__rosidl_typesupport_introspection_c
[0.100s] [ 69%] Built target wpr_simulation2__rosidl_typesupport_fastrtps_c
[0.100s] [ 69%] Built target wpr_simulation2__rosidl_typesupport_c
[0.100s] [ 69%] Built target wpr_simulation2__rosidl_typesupport_introspection_cpp
[0.100s] [ 69%] Built target wpr_simulation2__rosidl_typesupport_cpp
[0.101s] [ 73%] Built target wpr_simulation2__rosidl_typesupport_fastrtps_cpp
[0.108s] [ 75%] Built target demo_nav2_client
[0.110s] [ 78%] Built target 10_pc_data
[0.113s] [ 78%] Built target wpr_simulation2
[0.121s] [ 81%] Built target 10_pc_objects
[0.121s] [ 86%] Built target grab_object_sim
[0.121s] [ 86%] Built target 11_grab_object
[0.124s] [ 88%] Built target objects_publisher
[0.126s] [ 89%] Built target wpr_simulation2__py
[0.142s] [ 92%] Built target wpr_simulation2__rosidl_generator_py
[0.158s] [ 94%] Built target wpr_simulation2__rosidl_typesupport_fastrtps_c__pyext
[0.159s] [ 97%] Built target wpr_simulation2__rosidl_typesupport_introspection_c__pyext
[0.159s] [100%] Built target wpr_simulation2__rosidl_typesupport_c__pyext
[0.205s] running egg_info
[0.205s] writing wpr_simulation2.egg-info/PKG-INFO
[0.205s] writing dependency_links to wpr_simulation2.egg-info/dependency_links.txt
[0.205s] writing top-level names to wpr_simulation2.egg-info/top_level.txt
[0.207s] reading manifest file 'wpr_simulation2.egg-info/SOURCES.txt'
[0.207s] writing manifest file 'wpr_simulation2.egg-info/SOURCES.txt'
[0.222s] [100%] Built target ament_cmake_python_build_wpr_simulation2_egg
[0.228s] Invoked command in '/home/yy/factory_ws/build/wpr_simulation2' returned '0': CMAKE_PREFIX_PATH=/opt/ros/humble /usr/bin/cmake --build /home/yy/factory_ws/build/wpr_simulation2 -- -j20 -l20
[0.229s] Invoking command in '/home/yy/factory_ws/build/wpr_simulation2': CMAKE_PREFIX_PATH=/opt/ros/humble /usr/bin/cmake --install /home/yy/factory_ws/build/wpr_simulation2
[0.235s] -- Install configuration: ""
[0.235s] -- Up-to-date: /home/yy/factory_ws/install/wpr_simulation2/share/ament_index/resource_index/rosidl_interfaces/wpr_simulation2
[0.235s] -- Up-to-date: /home/yy/factory_ws/install/wpr_simulation2/include/wpr_simulation2/wpr_simulation2
[0.235s] -- Up-to-date: /home/yy/factory_ws/install/wpr_simulation2/include/wpr_simulation2/wpr_simulation2/msg
[0.235s] -- Up-to-date: /home/yy/factory_ws/install/wpr_simulation2/include/wpr_simulation2/wpr_simulation2/msg/object.h
[0.235s] -- Up-to-date: /home/yy/factory_ws/install/wpr_simulation2/include/wpr_simulation2/wpr_simulation2/msg/detail
[0.235s] -- Up-to-date: /home/yy/factory_ws/install/wpr_simulation2/include/wpr_simulation2/wpr_simulation2/msg/detail/object__type_support.h
[0.235s] -- Up-to-date: /home/yy/factory_ws/install/wpr_simulation2/include/wpr_simulation2/wpr_simulation2/msg/detail/object__functions.c
[0.235s] -- Up-to-date: /home/yy/factory_ws/install/wpr_simulation2/include/wpr_simulation2/wpr_simulation2/msg/detail/object__struct.h
[0.235s] -- Up-to-date: /home/yy/factory_ws/install/wpr_simulation2/include/wpr_simulation2/wpr_simulation2/msg/detail/object__functions.h
[0.235s] -- Up-to-date: /home/yy/factory_ws/install/wpr_simulation2/include/wpr_simulation2/wpr_simulation2/msg/rosidl_generator_c__visibility_control.h
[0.235s] -- Up-to-date: /home/yy/factory_ws/install/wpr_simulation2/share/wpr_simulation2/environment/library_path.sh
[0.235s] -- Up-to-date: /home/yy/factory_ws/install/wpr_simulation2/share/wpr_simulation2/environment/library_path.dsv
[0.235s] -- Up-to-date: /home/yy/factory_ws/install/wpr_simulation2/lib/libwpr_simulation2__rosidl_generator_c.so
[0.235s] -- Up-to-date: /home/yy/factory_ws/install/wpr_simulation2/include/wpr_simulation2/wpr_simulation2
[0.235s] -- Up-to-date: /home/yy/factory_ws/install/wpr_simulation2/include/wpr_simulation2/wpr_simulation2/msg
[0.235s] -- Up-to-date: /home/yy/factory_ws/install/wpr_simulation2/include/wpr_simulation2/wpr_simulation2/msg/detail
[0.235s] -- Up-to-date: /home/yy/factory_ws/install/wpr_simulation2/include/wpr_simulation2/wpr_simulation2/msg/detail/object__rosidl_typesupport_fastrtps_c.h
[0.235s] -- Up-to-date: /home/yy/factory_ws/install/wpr_simulation2/include/wpr_simulation2/wpr_simulation2/msg/rosidl_typesupport_fastrtps_c__visibility_control.h
[0.235s] -- Up-to-date: /home/yy/factory_ws/install/wpr_simulation2/lib/libwpr_simulation2__rosidl_typesupport_fastrtps_c.so
[0.235s] -- Up-to-date: /home/yy/factory_ws/install/wpr_simulation2/include/wpr_simulation2/wpr_simulation2
[0.236s] -- Up-to-date: /home/yy/factory_ws/install/wpr_simulation2/include/wpr_simulation2/wpr_simulation2/msg
[0.236s] -- Up-to-date: /home/yy/factory_ws/install/wpr_simulation2/include/wpr_simulation2/wpr_simulation2/msg/detail
[0.236s] -- Up-to-date: /home/yy/factory_ws/install/wpr_simulation2/include/wpr_simulation2/wpr_simulation2/msg/detail/object__builder.hpp
[0.236s] -- Up-to-date: /home/yy/factory_ws/install/wpr_simulation2/include/wpr_simulation2/wpr_simulation2/msg/detail/object__type_support.hpp
[0.236s] -- Up-to-date: /home/yy/factory_ws/install/wpr_simulation2/include/wpr_simulation2/wpr_simulation2/msg/detail/object__traits.hpp
[0.236s] -- Up-to-date: /home/yy/factory_ws/install/wpr_simulation2/include/wpr_simulation2/wpr_simulation2/msg/detail/object__struct.hpp
[0.236s] -- Up-to-date: /home/yy/factory_ws/install/wpr_simulation2/include/wpr_simulation2/wpr_simulation2/msg/rosidl_generator_cpp__visibility_control.hpp
[0.236s] -- Up-to-date: /home/yy/factory_ws/install/wpr_simulation2/include/wpr_simulation2/wpr_simulation2/msg/object.hpp
[0.236s] -- Up-to-date: /home/yy/factory_ws/install/wpr_simulation2/include/wpr_simulation2/wpr_simulation2
[0.236s] -- Up-to-date: /home/yy/factory_ws/install/wpr_simulation2/include/wpr_simulation2/wpr_simulation2/msg
[0.236s] -- Up-to-date: /home/yy/factory_ws/install/wpr_simulation2/include/wpr_simulation2/wpr_simulation2/msg/detail
[0.236s] -- Up-to-date: /home/yy/factory_ws/install/wpr_simulation2/include/wpr_simulation2/wpr_simulation2/msg/detail/dds_fastrtps
[0.236s] -- Up-to-date: /home/yy/factory_ws/install/wpr_simulation2/include/wpr_simulation2/wpr_simulation2/msg/detail/object__rosidl_typesupport_fastrtps_cpp.hpp
[0.236s] -- Up-to-date: /home/yy/factory_ws/install/wpr_simulation2/include/wpr_simulation2/wpr_simulation2/msg/rosidl_typesupport_fastrtps_cpp__visibility_control.h
[0.236s] -- Up-to-date: /home/yy/factory_ws/install/wpr_simulation2/lib/libwpr_simulation2__rosidl_typesupport_fastrtps_cpp.so
[0.236s] -- Up-to-date: /home/yy/factory_ws/install/wpr_simulation2/include/wpr_simulation2/wpr_simulation2
[0.236s] -- Up-to-date: /home/yy/factory_ws/install/wpr_simulation2/include/wpr_simulation2/wpr_simulation2/msg
[0.236s] -- Up-to-date: /home/yy/factory_ws/install/wpr_simulation2/include/wpr_simulation2/wpr_simulation2/msg/detail
[0.236s] -- Up-to-date: /home/yy/factory_ws/install/wpr_simulation2/include/wpr_simulation2/wpr_simulation2/msg/detail/object__rosidl_typesupport_introspection_c.h
[0.236s] -- Up-to-date: /home/yy/factory_ws/install/wpr_simulation2/include/wpr_simulation2/wpr_simulation2/msg/detail/object__type_support.c
[0.236s] -- Up-to-date: /home/yy/factory_ws/install/wpr_simulation2/include/wpr_simulation2/wpr_simulation2/msg/rosidl_typesupport_introspection_c__visibility_control.h
[0.236s] -- Up-to-date: /home/yy/factory_ws/install/wpr_simulation2/lib/libwpr_simulation2__rosidl_typesupport_introspection_c.so
[0.236s] -- Up-to-date: /home/yy/factory_ws/install/wpr_simulation2/lib/libwpr_simulation2__rosidl_typesupport_c.so
[0.236s] -- Up-to-date: /home/yy/factory_ws/install/wpr_simulation2/include/wpr_simulation2/wpr_simulation2
[0.236s] -- Up-to-date: /home/yy/factory_ws/install/wpr_simulation2/include/wpr_simulation2/wpr_simulation2/msg
[0.236s] -- Up-to-date: /home/yy/factory_ws/install/wpr_simulation2/include/wpr_simulation2/wpr_simulation2/msg/detail
[0.236s] -- Up-to-date: /home/yy/factory_ws/install/wpr_simulation2/include/wpr_simulation2/wpr_simulation2/msg/detail/object__type_support.cpp
[0.236s] -- Up-to-date: /home/yy/factory_ws/install/wpr_simulation2/include/wpr_simulation2/wpr_simulation2/msg/detail/object__rosidl_typesupport_introspection_cpp.hpp
[0.236s] -- Up-to-date: /home/yy/factory_ws/install/wpr_simulation2/lib/libwpr_simulation2__rosidl_typesupport_introspection_cpp.so
[0.236s] -- Up-to-date: /home/yy/factory_ws/install/wpr_simulation2/lib/libwpr_simulation2__rosidl_typesupport_cpp.so
[0.236s] -- Up-to-date: /home/yy/factory_ws/install/wpr_simulation2/share/wpr_simulation2/environment/pythonpath.sh
[0.236s] -- Up-to-date: /home/yy/factory_ws/install/wpr_simulation2/share/wpr_simulation2/environment/pythonpath.dsv
[0.236s] -- Up-to-date: /home/yy/factory_ws/install/wpr_simulation2/local/lib/python3.10/dist-packages/wpr_simulation2-1.0.0-py3.10.egg-info
[0.236s] -- Installing: /home/yy/factory_ws/install/wpr_simulation2/local/lib/python3.10/dist-packages/wpr_simulation2-1.0.0-py3.10.egg-info/SOURCES.txt
[0.236s] -- Installing: /home/yy/factory_ws/install/wpr_simulation2/local/lib/python3.10/dist-packages/wpr_simulation2-1.0.0-py3.10.egg-info/top_level.txt
[0.236s] -- Installing: /home/yy/factory_ws/install/wpr_simulation2/local/lib/python3.10/dist-packages/wpr_simulation2-1.0.0-py3.10.egg-info/PKG-INFO
[0.237s] -- Installing: /home/yy/factory_ws/install/wpr_simulation2/local/lib/python3.10/dist-packages/wpr_simulation2-1.0.0-py3.10.egg-info/dependency_links.txt
[0.237s] -- Up-to-date: /home/yy/factory_ws/install/wpr_simulation2/local/lib/python3.10/dist-packages/wpr_simulation2
[0.237s] -- Up-to-date: /home/yy/factory_ws/install/wpr_simulation2/local/lib/python3.10/dist-packages/wpr_simulation2/wpr_simulation2_s__rosidl_typesupport_c.cpython-310-x86_64-linux-gnu.so
[0.237s] -- Up-to-date: /home/yy/factory_ws/install/wpr_simulation2/local/lib/python3.10/dist-packages/wpr_simulation2/_wpr_simulation2_s.ep.rosidl_typesupport_introspection_c.c
[0.237s] -- Up-to-date: /home/yy/factory_ws/install/wpr_simulation2/local/lib/python3.10/dist-packages/wpr_simulation2/wpr_simulation2_s__rosidl_typesupport_fastrtps_c.cpython-310-x86_64-linux-gnu.so
[0.237s] -- Up-to-date: /home/yy/factory_ws/install/wpr_simulation2/local/lib/python3.10/dist-packages/wpr_simulation2/wpr_simulation2_s__rosidl_typesupport_introspection_c.cpython-310-x86_64-linux-gnu.so
[0.237s] -- Up-to-date: /home/yy/factory_ws/install/wpr_simulation2/local/lib/python3.10/dist-packages/wpr_simulation2/__init__.py
[0.237s] -- Up-to-date: /home/yy/factory_ws/install/wpr_simulation2/local/lib/python3.10/dist-packages/wpr_simulation2/_wpr_simulation2_s.ep.rosidl_typesupport_fastrtps_c.c
[0.237s] -- Up-to-date: /home/yy/factory_ws/install/wpr_simulation2/local/lib/python3.10/dist-packages/wpr_simulation2/msg
[0.237s] -- Up-to-date: /home/yy/factory_ws/install/wpr_simulation2/local/lib/python3.10/dist-packages/wpr_simulation2/msg/_object_s.c
[0.237s] -- Up-to-date: /home/yy/factory_ws/install/wpr_simulation2/local/lib/python3.10/dist-packages/wpr_simulation2/msg/_object.py
[0.237s] -- Up-to-date: /home/yy/factory_ws/install/wpr_simulation2/local/lib/python3.10/dist-packages/wpr_simulation2/msg/__init__.py
[0.237s] -- Up-to-date: /home/yy/factory_ws/install/wpr_simulation2/local/lib/python3.10/dist-packages/wpr_simulation2/libwpr_simulation2__rosidl_generator_py.so
[0.237s] -- Up-to-date: /home/yy/factory_ws/install/wpr_simulation2/local/lib/python3.10/dist-packages/wpr_simulation2/_wpr_simulation2_s.ep.rosidl_typesupport_c.c
[0.253s] Listing '/home/yy/factory_ws/install/wpr_simulation2/local/lib/python3.10/dist-packages/wpr_simulation2'...
[0.253s] Listing '/home/yy/factory_ws/install/wpr_simulation2/local/lib/python3.10/dist-packages/wpr_simulation2/msg'...
[0.255s] -- Up-to-date: /home/yy/factory_ws/install/wpr_simulation2/local/lib/python3.10/dist-packages/wpr_simulation2/wpr_simulation2_s__rosidl_typesupport_fastrtps_c.cpython-310-x86_64-linux-gnu.so
[0.255s] -- Up-to-date: /home/yy/factory_ws/install/wpr_simulation2/local/lib/python3.10/dist-packages/wpr_simulation2/wpr_simulation2_s__rosidl_typesupport_introspection_c.cpython-310-x86_64-linux-gnu.so
[0.255s] -- Up-to-date: /home/yy/factory_ws/install/wpr_simulation2/local/lib/python3.10/dist-packages/wpr_simulation2/wpr_simulation2_s__rosidl_typesupport_c.cpython-310-x86_64-linux-gnu.so
[0.255s] -- Up-to-date: /home/yy/factory_ws/install/wpr_simulation2/lib/libwpr_simulation2__rosidl_generator_py.so
[0.255s] -- Up-to-date: /home/yy/factory_ws/install/wpr_simulation2/share/wpr_simulation2/msg/Object.idl
[0.255s] -- Up-to-date: /home/yy/factory_ws/install/wpr_simulation2/share/wpr_simulation2/msg/Object.msg
[0.255s] -- Up-to-date: /home/yy/factory_ws/install/wpr_simulation2/share/wpr_simulation2/config
[0.255s] -- Up-to-date: /home/yy/factory_ws/install/wpr_simulation2/share/wpr_simulation2/config/nav2_params.yaml
[0.255s] -- Up-to-date: /home/yy/factory_ws/install/wpr_simulation2/share/wpr_simulation2/config/wpb_home_controller.yaml
[0.255s] -- Up-to-date: /home/yy/factory_ws/install/wpr_simulation2/share/wpr_simulation2/launch
[0.255s] -- Up-to-date: /home/yy/factory_ws/install/wpr_simulation2/share/wpr_simulation2/launch/spawn_persons.launch.py
[0.255s] -- Up-to-date: /home/yy/factory_ws/install/wpr_simulation2/share/wpr_simulation2/launch/demo_mani_ctrl.launch.py
[0.255s] -- Up-to-date: /home/yy/factory_ws/install/wpr_simulation2/share/wpr_simulation2/launch/wpb_table.launch.py
[0.255s] -- Up-to-date: /home/yy/factory_ws/install/wpr_simulation2/share/wpr_simulation2/launch/spawn_wpb_head_up.launch.py
[0.255s] -- Up-to-date: /home/yy/factory_ws/install/wpr_simulation2/share/wpr_simulation2/launch/wpb_simple.launch.py
[0.255s] -- Up-to-date: /home/yy/factory_ws/install/wpr_simulation2/share/wpr_simulation2/launch/wpb_balls.launch.py
[0.255s] -- Up-to-date: /home/yy/factory_ws/install/wpr_simulation2/share/wpr_simulation2/launch/robocup_home_mani.launch.py
[0.255s] -- Up-to-date: /home/yy/factory_ws/install/wpr_simulation2/share/wpr_simulation2/launch/wpb_mani.launch.py
[0.255s] -- Up-to-date: /home/yy/factory_ws/install/wpr_simulation2/share/wpr_simulation2/launch/wpb_objects.launch.py
[0.256s] -- Up-to-date: /home/yy/factory_ws/install/wpr_simulation2/share/wpr_simulation2/launch/spawn_objects.launch.py
[0.256s] -- Up-to-date: /home/yy/factory_ws/install/wpr_simulation2/share/wpr_simulation2/launch/world.launch.py
[0.256s] -- Up-to-date: /home/yy/factory_ws/install/wpr_simulation2/share/wpr_simulation2/launch/wpb_face.launch.py
[0.256s] -- Up-to-date: /home/yy/factory_ws/install/wpr_simulation2/share/wpr_simulation2/launch/spawn_wpb.launch.py
[0.256s] -- Up-to-date: /home/yy/factory_ws/install/wpr_simulation2/share/wpr_simulation2/launch/wpb_scene_1.launch.py
[0.256s] -- Up-to-date: /home/yy/factory_ws/install/wpr_simulation2/share/wpr_simulation2/launch/navigation.launch.py
[0.256s] -- Up-to-date: /home/yy/factory_ws/install/wpr_simulation2/share/wpr_simulation2/launch/map_tools.launch.py
[0.256s] -- Up-to-date: /home/yy/factory_ws/install/wpr_simulation2/share/wpr_simulation2/launch/slam.launch.py
[0.256s] -- Up-to-date: /home/yy/factory_ws/install/wpr_simulation2/share/wpr_simulation2/launch/spawn_wpb_mani.launch.py
[0.256s] -- Up-to-date: /home/yy/factory_ws/install/wpr_simulation2/share/wpr_simulation2/launch/factory.launch.py
[0.256s] -- Up-to-date: /home/yy/factory_ws/install/wpr_simulation2/share/wpr_simulation2/launch/spawn_wpb_lidar.launch.py
[0.256s] -- Up-to-date: /home/yy/factory_ws/install/wpr_simulation2/share/wpr_simulation2/demo_launch
[0.256s] -- Up-to-date: /home/yy/factory_ws/install/wpr_simulation2/share/wpr_simulation2/demo_launch/7_slam.launch.py
[0.256s] -- Up-to-date: /home/yy/factory_ws/install/wpr_simulation2/share/wpr_simulation2/demo_launch/8_waypoint_nav.launch.py
[0.256s] -- Up-to-date: /home/yy/factory_ws/install/wpr_simulation2/share/wpr_simulation2/demo_launch/3_pub_sub.launch.yaml
[0.256s] -- Up-to-date: /home/yy/factory_ws/install/wpr_simulation2/share/wpr_simulation2/demo_launch/12_home.launch.py
[0.256s] -- Up-to-date: /home/yy/factory_ws/install/wpr_simulation2/share/wpr_simulation2/demo_launch/3_pub_sub.launch.py
[0.256s] -- Up-to-date: /home/yy/factory_ws/install/wpr_simulation2/share/wpr_simulation2/demo_launch/3_pub_sub.launch.xml
[0.256s] -- Up-to-date: /home/yy/factory_ws/install/wpr_simulation2/share/wpr_simulation2/demo_launch/8_nav.launch.py
[0.256s] -- Up-to-date: /home/yy/factory_ws/install/wpr_simulation2/share/wpr_simulation2/worlds
[0.256s] -- Up-to-date: /home/yy/factory_ws/install/wpr_simulation2/share/wpr_simulation2/worlds/wpb_pose.world
[0.256s] -- Installing: /home/yy/factory_ws/install/wpr_simulation2/share/wpr_simulation2/worlds/factory.world
[0.256s] -- Up-to-date: /home/yy/factory_ws/install/wpr_simulation2/share/wpr_simulation2/worlds/light.world
[0.256s] -- Up-to-date: /home/yy/factory_ws/install/wpr_simulation2/share/wpr_simulation2/worlds/simple.world
[0.256s] -- Up-to-date: /home/yy/factory_ws/install/wpr_simulation2/share/wpr_simulation2/worlds/table.world
[0.256s] -- Up-to-date: /home/yy/factory_ws/install/wpr_simulation2/share/wpr_simulation2/worlds/wpb_simple.world
[0.256s] -- Up-to-date: /home/yy/factory_ws/install/wpr_simulation2/share/wpr_simulation2/worlds/robocup_home.world
[0.256s] -- Up-to-date: /home/yy/factory_ws/install/wpr_simulation2/share/wpr_simulation2/models
[0.256s] -- Up-to-date: /home/yy/factory_ws/install/wpr_simulation2/share/wpr_simulation2/models/MobiBot.model
[0.256s] -- Up-to-date: /home/yy/factory_ws/install/wpr_simulation2/share/wpr_simulation2/models/sofa.model
[0.256s] -- Up-to-date: /home/yy/factory_ws/install/wpr_simulation2/share/wpr_simulation2/models/tea_table.model
[0.256s] -- Up-to-date: /home/yy/factory_ws/install/wpr_simulation2/share/wpr_simulation2/models/balls
[0.256s] -- Up-to-date: /home/yy/factory_ws/install/wpr_simulation2/share/wpr_simulation2/models/balls/green_ball.model
[0.256s] -- Up-to-date: /home/yy/factory_ws/install/wpr_simulation2/share/wpr_simulation2/models/balls/red_ball.model
[0.256s] -- Up-to-date: /home/yy/factory_ws/install/wpr_simulation2/share/wpr_simulation2/models/balls/blue_ball.model
[0.256s] -- Up-to-date: /home/yy/factory_ws/install/wpr_simulation2/share/wpr_simulation2/models/balls/orange_ball.model
[0.256s] -- Up-to-date: /home/yy/factory_ws/install/wpr_simulation2/share/wpr_simulation2/models/man_1.model
[0.256s] -- Up-to-date: /home/yy/factory_ws/install/wpr_simulation2/share/wpr_simulation2/models/chair.model
[0.256s] -- Up-to-date: /home/yy/factory_ws/install/wpr_simulation2/share/wpr_simulation2/models/bed.model
[0.256s] -- Up-to-date: /home/yy/factory_ws/install/wpr_simulation2/share/wpr_simulation2/models/cupboard.model
[0.257s] -- Up-to-date: /home/yy/factory_ws/install/wpr_simulation2/share/wpr_simulation2/models/bookshelft.model
[0.257s] -- Up-to-date: /home/yy/factory_ws/install/wpr_simulation2/share/wpr_simulation2/models/wpb_home_lidar.model
[0.257s] -- Up-to-date: /home/yy/factory_ws/install/wpr_simulation2/share/wpr_simulation2/models/table.model
[0.257s] -- Up-to-date: /home/yy/factory_ws/install/wpr_simulation2/share/wpr_simulation2/models/wpv3.model
[0.257s] -- Up-to-date: /home/yy/factory_ws/install/wpr_simulation2/share/wpr_simulation2/models/kai_standing.model
[0.257s] -- Up-to-date: /home/yy/factory_ws/install/wpr_simulation2/share/wpr_simulation2/models/woman.model
[0.257s] -- Up-to-date: /home/yy/factory_ws/install/wpr_simulation2/share/wpr_simulation2/models/wpb_home.model
[0.257s] -- Up-to-date: /home/yy/factory_ws/install/wpr_simulation2/share/wpr_simulation2/models/wpr1.model
[0.257s] -- Up-to-date: /home/yy/factory_ws/install/wpr_simulation2/share/wpr_simulation2/models/wpb_home_mani.model
[0.257s] -- Up-to-date: /home/yy/factory_ws/install/wpr_simulation2/share/wpr_simulation2/models/wpb_home_head_up.model
[0.257s] -- Up-to-date: /home/yy/factory_ws/install/wpr_simulation2/share/wpr_simulation2/models/bottles
[0.257s] -- Up-to-date: /home/yy/factory_ws/install/wpr_simulation2/share/wpr_simulation2/models/bottles/green_bottle.model
[0.257s] -- Up-to-date: /home/yy/factory_ws/install/wpr_simulation2/share/wpr_simulation2/models/bottles/red_bottle.model
[0.257s] -- Up-to-date: /home/yy/factory_ws/install/wpr_simulation2/share/wpr_simulation2/models/man_2.model
[0.257s] -- Up-to-date: /home/yy/factory_ws/install/wpr_simulation2/share/wpr_simulation2/meshes
[0.257s] -- Up-to-date: /home/yy/factory_ws/install/wpr_simulation2/share/wpr_simulation2/meshes/man_2
[0.257s] -- Up-to-date: /home/yy/factory_ws/install/wpr_simulation2/share/wpr_simulation2/meshes/man_2/man_2.dae
[0.257s] -- Up-to-date: /home/yy/factory_ws/install/wpr_simulation2/share/wpr_simulation2/meshes/man_2/color.png
[0.257s] -- Up-to-date: /home/yy/factory_ws/install/wpr_simulation2/share/wpr_simulation2/meshes/bookshelft.dae
[0.257s] -- Up-to-date: /home/yy/factory_ws/install/wpr_simulation2/share/wpr_simulation2/meshes/kai
[0.257s] -- Up-to-date: /home/yy/factory_ws/install/wpr_simulation2/share/wpr_simulation2/meshes/kai/1931_LaFeiEr_D_512.png
[0.257s] -- Up-to-date: /home/yy/factory_ws/install/wpr_simulation2/share/wpr_simulation2/meshes/kai/kai_standing.dae
[0.257s] -- Up-to-date: /home/yy/factory_ws/install/wpr_simulation2/share/wpr_simulation2/meshes/sofa.dae
[0.257s] -- Up-to-date: /home/yy/factory_ws/install/wpr_simulation2/share/wpr_simulation2/meshes/woman
[0.257s] -- Up-to-date: /home/yy/factory_ws/install/wpr_simulation2/share/wpr_simulation2/meshes/woman/woman.dae
[0.257s] -- Up-to-date: /home/yy/factory_ws/install/wpr_simulation2/share/wpr_simulation2/meshes/woman/color.png
[0.257s] -- Up-to-date: /home/yy/factory_ws/install/wpr_simulation2/share/wpr_simulation2/meshes/wpb_home
[0.257s] -- Up-to-date: /home/yy/factory_ws/install/wpr_simulation2/share/wpr_simulation2/meshes/wpb_home/forearm.dae
[0.257s] -- Up-to-date: /home/yy/factory_ws/install/wpr_simulation2/share/wpr_simulation2/meshes/wpb_home/wpb_home_std.dae
[0.257s] -- Up-to-date: /home/yy/factory_ws/install/wpr_simulation2/share/wpr_simulation2/meshes/wpb_home/wpb_home_mani.dae
[0.257s] -- Up-to-date: /home/yy/factory_ws/install/wpr_simulation2/share/wpr_simulation2/meshes/bottle.stl
[0.257s] -- Up-to-date: /home/yy/factory_ws/install/wpr_simulation2/share/wpr_simulation2/meshes/chair
[0.257s] -- Up-to-date: /home/yy/factory_ws/install/wpr_simulation2/share/wpr_simulation2/meshes/chair/Wood_Cherry_Original.jpg
[0.257s] -- Up-to-date: /home/yy/factory_ws/install/wpr_simulation2/share/wpr_simulation2/meshes/tea_table.dae
[0.257s] -- Up-to-date: /home/yy/factory_ws/install/wpr_simulation2/share/wpr_simulation2/meshes/wpv3
[0.257s] -- Up-to-date: /home/yy/factory_ws/install/wpr_simulation2/share/wpr_simulation2/meshes/wpv3/wpv3.dae
[0.257s] -- Up-to-date: /home/yy/factory_ws/install/wpr_simulation2/share/wpr_simulation2/meshes/bed
[0.257s] -- Up-to-date: /home/yy/factory_ws/install/wpr_simulation2/share/wpr_simulation2/meshes/bed/Carpet_Pattern_Squares_Multi.jpg
[0.257s] -- Up-to-date: /home/yy/factory_ws/install/wpr_simulation2/share/wpr_simulation2/meshes/bed/Wood_Bamboo.jpg
[0.257s] -- Up-to-date: /home/yy/factory_ws/install/wpr_simulation2/share/wpr_simulation2/meshes/man_1
[0.257s] -- Up-to-date: /home/yy/factory_ws/install/wpr_simulation2/share/wpr_simulation2/meshes/man_1/man_1.dae
[0.258s] -- Up-to-date: /home/yy/factory_ws/install/wpr_simulation2/share/wpr_simulation2/meshes/man_1/color.png
[0.258s] -- Up-to-date: /home/yy/factory_ws/install/wpr_simulation2/share/wpr_simulation2/meshes/chair.dae
[0.258s] -- Up-to-date: /home/yy/factory_ws/install/wpr_simulation2/share/wpr_simulation2/meshes/table.dae
[0.258s] -- Up-to-date: /home/yy/factory_ws/install/wpr_simulation2/share/wpr_simulation2/meshes/cupboard.dae
[0.258s] -- Up-to-date: /home/yy/factory_ws/install/wpr_simulation2/share/wpr_simulation2/meshes/tea_table
[0.258s] -- Up-to-date: /home/yy/factory_ws/install/wpr_simulation2/share/wpr_simulation2/meshes/tea_table/Wood_Cherry_Original.jpg
[0.258s] -- Up-to-date: /home/yy/factory_ws/install/wpr_simulation2/share/wpr_simulation2/meshes/sofa
[0.258s] -- Up-to-date: /home/yy/factory_ws/install/wpr_simulation2/share/wpr_simulation2/meshes/sofa/Carpet_Loop_Pattern.jpg
[0.258s] -- Up-to-date: /home/yy/factory_ws/install/wpr_simulation2/share/wpr_simulation2/meshes/cupboard
[0.258s] -- Up-to-date: /home/yy/factory_ws/install/wpr_simulation2/share/wpr_simulation2/meshes/cupboard/Wood_Veneer_02.jpg
[0.258s] -- Up-to-date: /home/yy/factory_ws/install/wpr_simulation2/share/wpr_simulation2/meshes/table
[0.258s] -- Up-to-date: /home/yy/factory_ws/install/wpr_simulation2/share/wpr_simulation2/meshes/table/Wood_Cherry_Original.jpg
[0.258s] -- Up-to-date: /home/yy/factory_ws/install/wpr_simulation2/share/wpr_simulation2/meshes/wpr1
[0.258s] -- Up-to-date: /home/yy/factory_ws/install/wpr_simulation2/share/wpr_simulation2/meshes/wpr1/palm.dae
[0.258s] -- Up-to-date: /home/yy/factory_ws/install/wpr_simulation2/share/wpr_simulation2/meshes/wpr1/upperarm.dae
[0.258s] -- Up-to-date: /home/yy/factory_ws/install/wpr_simulation2/share/wpr_simulation2/meshes/wpr1/fingertip.dae
[0.258s] -- Up-to-date: /home/yy/factory_ws/install/wpr_simulation2/share/wpr_simulation2/meshes/wpr1/base.dae
[0.258s] -- Up-to-date: /home/yy/factory_ws/install/wpr_simulation2/share/wpr_simulation2/meshes/wpr1/finger.dae
[0.258s] -- Up-to-date: /home/yy/factory_ws/install/wpr_simulation2/share/wpr_simulation2/meshes/wpr1/forearm.dae
[0.258s] -- Up-to-date: /home/yy/factory_ws/install/wpr_simulation2/share/wpr_simulation2/meshes/wpr1/torso.dae
[0.258s] -- Up-to-date: /home/yy/factory_ws/install/wpr_simulation2/share/wpr_simulation2/meshes/bed.dae
[0.258s] -- Up-to-date: /home/yy/factory_ws/install/wpr_simulation2/share/wpr_simulation2/meshes/bookshelft
[0.258s] -- Up-to-date: /home/yy/factory_ws/install/wpr_simulation2/share/wpr_simulation2/meshes/bookshelft/Wood_Veneer_02.jpg
[0.258s] -- Up-to-date: /home/yy/factory_ws/install/wpr_simulation2/share/wpr_simulation2/rviz
[0.258s] -- Up-to-date: /home/yy/factory_ws/install/wpr_simulation2/share/wpr_simulation2/rviz/slam.rviz
[0.258s] -- Up-to-date: /home/yy/factory_ws/install/wpr_simulation2/share/wpr_simulation2/rviz/navi.rviz
[0.258s] -- Up-to-date: /home/yy/factory_ws/install/wpr_simulation2/share/wpr_simulation2/rviz/sensor.rviz
[0.258s] -- Up-to-date: /home/yy/factory_ws/install/wpr_simulation2/share/wpr_simulation2/rviz/navi_3d.rviz
[0.258s] -- Up-to-date: /home/yy/factory_ws/install/wpr_simulation2/share/wpr_simulation2/rviz/objects.rviz
[0.258s] -- Up-to-date: /home/yy/factory_ws/install/wpr_simulation2/share/wpr_simulation2/rviz/pointcloud.rviz
[0.258s] -- Up-to-date: /home/yy/factory_ws/install/wpr_simulation2/share/wpr_simulation2/rviz/fetch.rviz
[0.258s] -- Up-to-date: /home/yy/factory_ws/install/wpr_simulation2/share/wpr_simulation2/src
[0.258s] -- Up-to-date: /home/yy/factory_ws/install/wpr_simulation2/share/wpr_simulation2/src/face_detector.py
[0.258s] -- Up-to-date: /home/yy/factory_ws/install/wpr_simulation2/share/wpr_simulation2/src/grab_object_sim.cpp
[0.258s] -- Up-to-date: /home/yy/factory_ws/install/wpr_simulation2/share/wpr_simulation2/src/ball_random_move.cpp
[0.258s] -- Up-to-date: /home/yy/factory_ws/install/wpr_simulation2/share/wpr_simulation2/src/wpb_home_mani_sim.cpp
[0.258s] -- Up-to-date: /home/yy/factory_ws/install/wpr_simulation2/share/wpr_simulation2/src/objects_publisher.cpp
[0.258s] -- Up-to-date: /home/yy/factory_ws/install/wpr_simulation2/share/wpr_simulation2/src/keyboard_vel_cmd.cpp
[0.258s] -- Up-to-date: /home/yy/factory_ws/install/wpr_simulation2/share/wpr_simulation2/msg
[0.258s] -- Up-to-date: /home/yy/factory_ws/install/wpr_simulation2/share/wpr_simulation2/msg/Object.msg
[0.258s] -- Up-to-date: /home/yy/factory_ws/install/wpr_simulation2/share/wpr_simulation2/maps
[0.258s] -- Up-to-date: /home/yy/factory_ws/install/wpr_simulation2/share/wpr_simulation2/maps/map.yaml
[0.258s] -- Up-to-date: /home/yy/factory_ws/install/wpr_simulation2/share/wpr_simulation2/maps/map.pgm
[0.258s] -- Up-to-date: /home/yy/factory_ws/install/wpr_simulation2/share/wpr_simulation2/maps/.gitignore
[0.258s] -- Up-to-date: /home/yy/factory_ws/install/wpr_simulation2/lib/wpr_simulation2/face_detector.py
[0.259s] -- Up-to-date: /home/yy/factory_ws/install/wpr_simulation2/lib/wpr_simulation2/wpb_home_mani_sim
[0.259s] -- Up-to-date: /home/yy/factory_ws/install/wpr_simulation2/lib/wpr_simulation2/keyboard_vel_cmd
[0.259s] -- Up-to-date: /home/yy/factory_ws/install/wpr_simulation2/lib/wpr_simulation2/ball_random_move
[0.259s] -- Up-to-date: /home/yy/factory_ws/install/wpr_simulation2/lib/wpr_simulation2/objects_publisher
[0.259s] -- Up-to-date: /home/yy/factory_ws/install/wpr_simulation2/lib/wpr_simulation2/grab_object_sim
[0.259s] -- Up-to-date: /home/yy/factory_ws/install/wpr_simulation2/lib/wpr_simulation2/3_publisher_node
[0.259s] -- Up-to-date: /home/yy/factory_ws/install/wpr_simulation2/lib/wpr_simulation2/3_subscriber_node
[0.259s] -- Up-to-date: /home/yy/factory_ws/install/wpr_simulation2/lib/wpr_simulation2/4_velocity_command
[0.259s] -- Up-to-date: /home/yy/factory_ws/install/wpr_simulation2/lib/wpr_simulation2/5_lidar_data
[0.259s] -- Up-to-date: /home/yy/factory_ws/install/wpr_simulation2/lib/wpr_simulation2/5_lidar_behavior
[0.259s] -- Up-to-date: /home/yy/factory_ws/install/wpr_simulation2/lib/wpr_simulation2/6_imu_data
[0.259s] -- Up-to-date: /home/yy/factory_ws/install/wpr_simulation2/lib/wpr_simulation2/6_imu_behavior
[0.259s] -- Up-to-date: /home/yy/factory_ws/install/wpr_simulation2/lib/wpr_simulation2/8_waypoint_navigation
[0.259s] -- Up-to-date: /home/yy/factory_ws/install/wpr_simulation2/lib/wpr_simulation2/9_cv_image
[0.259s] -- Up-to-date: /home/yy/factory_ws/install/wpr_simulation2/lib/wpr_simulation2/9_cv_hsv
[0.259s] -- Up-to-date: /home/yy/factory_ws/install/wpr_simulation2/lib/wpr_simulation2/9_cv_follow
[0.259s] -- Up-to-date: /home/yy/factory_ws/install/wpr_simulation2/lib/wpr_simulation2/9_cv_face_detect
[0.259s] -- Up-to-date: /home/yy/factory_ws/install/wpr_simulation2/lib/wpr_simulation2/10_pc_data
[0.259s] -- Up-to-date: /home/yy/factory_ws/install/wpr_simulation2/lib/wpr_simulation2/10_pc_objects
[0.259s] -- Up-to-date: /home/yy/factory_ws/install/wpr_simulation2/lib/wpr_simulation2/11_mani_ctrl
[0.259s] -- Up-to-date: /home/yy/factory_ws/install/wpr_simulation2/lib/wpr_simulation2/11_grab_object
[0.259s] -- Up-to-date: /home/yy/factory_ws/install/wpr_simulation2/lib/wpr_simulation2/12_fetch
[0.259s] -- Up-to-date: /home/yy/factory_ws/install/wpr_simulation2/lib/wpr_simulation2/demo_nav2_client
[0.259s] -- Up-to-date: /home/yy/factory_ws/install/wpr_simulation2/share/ament_index/resource_index/package_run_dependencies/wpr_simulation2
[0.259s] -- Up-to-date: /home/yy/factory_ws/install/wpr_simulation2/share/ament_index/resource_index/parent_prefix_path/wpr_simulation2
[0.259s] -- Up-to-date: /home/yy/factory_ws/install/wpr_simulation2/share/wpr_simulation2/environment/ament_prefix_path.sh
[0.260s] -- Up-to-date: /home/yy/factory_ws/install/wpr_simulation2/share/wpr_simulation2/environment/ament_prefix_path.dsv
[0.260s] -- Up-to-date: /home/yy/factory_ws/install/wpr_simulation2/share/wpr_simulation2/environment/path.sh
[0.260s] -- Up-to-date: /home/yy/factory_ws/install/wpr_simulation2/share/wpr_simulation2/environment/path.dsv
[0.260s] -- Up-to-date: /home/yy/factory_ws/install/wpr_simulation2/share/wpr_simulation2/local_setup.bash
[0.260s] -- Up-to-date: /home/yy/factory_ws/install/wpr_simulation2/share/wpr_simulation2/local_setup.sh
[0.260s] -- Up-to-date: /home/yy/factory_ws/install/wpr_simulation2/share/wpr_simulation2/local_setup.zsh
[0.260s] -- Up-to-date: /home/yy/factory_ws/install/wpr_simulation2/share/wpr_simulation2/local_setup.dsv
[0.260s] -- Installing: /home/yy/factory_ws/install/wpr_simulation2/share/wpr_simulation2/package.dsv
[0.260s] -- Up-to-date: /home/yy/factory_ws/install/wpr_simulation2/share/ament_index/resource_index/packages/wpr_simulation2
[0.260s] -- Up-to-date: /home/yy/factory_ws/install/wpr_simulation2/share/wpr_simulation2/cmake/export_wpr_simulation2__rosidl_generator_cExport.cmake
[0.260s] -- Up-to-date: /home/yy/factory_ws/install/wpr_simulation2/share/wpr_simulation2/cmake/export_wpr_simulation2__rosidl_generator_cExport-noconfig.cmake
[0.260s] -- Up-to-date: /home/yy/factory_ws/install/wpr_simulation2/share/wpr_simulation2/cmake/export_wpr_simulation2__rosidl_typesupport_fastrtps_cExport.cmake
[0.260s] -- Up-to-date: /home/yy/factory_ws/install/wpr_simulation2/share/wpr_simulation2/cmake/export_wpr_simulation2__rosidl_typesupport_fastrtps_cExport-noconfig.cmake
[0.260s] -- Up-to-date: /home/yy/factory_ws/install/wpr_simulation2/share/wpr_simulation2/cmake/export_wpr_simulation2__rosidl_generator_cppExport.cmake
[0.260s] -- Up-to-date: /home/yy/factory_ws/install/wpr_simulation2/share/wpr_simulation2/cmake/export_wpr_simulation2__rosidl_typesupport_fastrtps_cppExport.cmake
[0.260s] -- Up-to-date: /home/yy/factory_ws/install/wpr_simulation2/share/wpr_simulation2/cmake/export_wpr_simulation2__rosidl_typesupport_fastrtps_cppExport-noconfig.cmake
[0.260s] -- Up-to-date: /home/yy/factory_ws/install/wpr_simulation2/share/wpr_simulation2/cmake/wpr_simulation2__rosidl_typesupport_introspection_cExport.cmake
[0.260s] -- Up-to-date: /home/yy/factory_ws/install/wpr_simulation2/share/wpr_simulation2/cmake/wpr_simulation2__rosidl_typesupport_introspection_cExport-noconfig.cmake
[0.260s] -- Up-to-date: /home/yy/factory_ws/install/wpr_simulation2/share/wpr_simulation2/cmake/wpr_simulation2__rosidl_typesupport_cExport.cmake
[0.261s] -- Up-to-date: /home/yy/factory_ws/install/wpr_simulation2/share/wpr_simulation2/cmake/wpr_simulation2__rosidl_typesupport_cExport-noconfig.cmake
[0.261s] -- Up-to-date: /home/yy/factory_ws/install/wpr_simulation2/share/wpr_simulation2/cmake/wpr_simulation2__rosidl_typesupport_introspection_cppExport.cmake
[0.261s] -- Up-to-date: /home/yy/factory_ws/install/wpr_simulation2/share/wpr_simulation2/cmake/wpr_simulation2__rosidl_typesupport_introspection_cppExport-noconfig.cmake
[0.261s] -- Up-to-date: /home/yy/factory_ws/install/wpr_simulation2/share/wpr_simulation2/cmake/wpr_simulation2__rosidl_typesupport_cppExport.cmake
[0.261s] -- Up-to-date: /home/yy/factory_ws/install/wpr_simulation2/share/wpr_simulation2/cmake/wpr_simulation2__rosidl_typesupport_cppExport-noconfig.cmake
[0.261s] -- Up-to-date: /home/yy/factory_ws/install/wpr_simulation2/share/wpr_simulation2/cmake/export_wpr_simulation2__rosidl_generator_pyExport.cmake
[0.261s] -- Up-to-date: /home/yy/factory_ws/install/wpr_simulation2/share/wpr_simulation2/cmake/export_wpr_simulation2__rosidl_generator_pyExport-noconfig.cmake
[0.261s] -- Up-to-date: /home/yy/factory_ws/install/wpr_simulation2/share/wpr_simulation2/cmake/rosidl_cmake-extras.cmake
[0.261s] -- Up-to-date: /home/yy/factory_ws/install/wpr_simulation2/share/wpr_simulation2/cmake/ament_cmake_export_dependencies-extras.cmake
[0.261s] -- Up-to-date: /home/yy/factory_ws/install/wpr_simulation2/share/wpr_simulation2/cmake/ament_cmake_export_include_directories-extras.cmake
[0.261s] -- Up-to-date: /home/yy/factory_ws/install/wpr_simulation2/share/wpr_simulation2/cmake/ament_cmake_export_libraries-extras.cmake
[0.261s] -- Up-to-date: /home/yy/factory_ws/install/wpr_simulation2/share/wpr_simulation2/cmake/ament_cmake_export_targets-extras.cmake
[0.261s] -- Up-to-date: /home/yy/factory_ws/install/wpr_simulation2/share/wpr_simulation2/cmake/rosidl_cmake_export_typesupport_targets-extras.cmake
[0.261s] -- Up-to-date: /home/yy/factory_ws/install/wpr_simulation2/share/wpr_simulation2/cmake/rosidl_cmake_export_typesupport_libraries-extras.cmake
[0.261s] -- Up-to-date: /home/yy/factory_ws/install/wpr_simulation2/share/wpr_simulation2/cmake/wpr_simulation2Config.cmake
[0.261s] -- Up-to-date: /home/yy/factory_ws/install/wpr_simulation2/share/wpr_simulation2/cmake/wpr_simulation2Config-version.cmake
[0.261s] -- Up-to-date: /home/yy/factory_ws/install/wpr_simulation2/share/wpr_simulation2/package.xml
[0.262s] Invoked command in '/home/yy/factory_ws/build/wpr_simulation2' returned '0': CMAKE_PREFIX_PATH=/opt/ros/humble /usr/bin/cmake --install /home/yy/factory_ws/build/wpr_simulation2
