[0.047s] DEBUG:colcon:Command line arguments: ['/usr/bin/colcon', 'build']
[0.047s] DEBUG:colcon:Parsed command line arguments: Namespace(log_base=None, log_level=None, verb_name='build', build_base='build', install_base='install', merge_install=False, symlink_install=False, test_result_base=None, continue_on_error=False, executor='parallel', parallel_workers=20, event_handlers=None, ignore_user_meta=False, metas=['./colcon.meta'], base_paths=['.'], packages_ignore=None, packages_ignore_regex=None, paths=None, packages_up_to=None, packages_up_to_regex=None, packages_above=None, packages_above_and_dependencies=None, packages_above_depth=None, packages_select_by_dep=None, packages_skip_by_dep=None, packages_skip_up_to=None, packages_select_build_failed=False, packages_skip_build_finished=False, packages_select_test_failures=False, packages_skip_test_passed=False, packages_select=None, packages_skip=None, packages_select_regex=None, packages_skip_regex=None, packages_start=None, packages_end=None, allow_overriding=[], cmake_args=None, cmake_target=None, cmake_target_skip_unavailable=False, cmake_clean_cache=False, cmake_clean_first=False, cmake_force_configure=False, ament_cmake_args=None, catkin_cmake_args=None, catkin_skip_building_tests=False, mixin_files=None, mixin=None, verb_parser=<colcon_mixin.mixin.mixin_argument.MixinArgumentDecorator object at 0x70cdba74eec0>, verb_extension=<colcon_core.verb.build.BuildVerb object at 0x70cdba86bdf0>, main=<bound method BuildVerb.main of <colcon_core.verb.build.BuildVerb object at 0x70cdba86bdf0>>, mixin_verb=('build',))
[0.119s] Level 1:colcon.colcon_core.package_discovery:discover_packages(colcon_meta) check parameters
[0.119s] Level 1:colcon.colcon_core.package_discovery:discover_packages(recursive) check parameters
[0.119s] Level 1:colcon.colcon_core.package_discovery:discover_packages(ignore) check parameters
[0.119s] Level 1:colcon.colcon_core.package_discovery:discover_packages(path) check parameters
[0.119s] Level 1:colcon.colcon_core.package_discovery:discover_packages(colcon_meta) discover
[0.119s] Level 1:colcon.colcon_core.package_discovery:discover_packages(recursive) discover
[0.119s] INFO:colcon.colcon_core.package_discovery:Crawling recursively for packages in '/home/yy/factory_ws'
[0.119s] Level 1:colcon.colcon_core.package_identification:_identify(.) by extensions ['ignore', 'ignore_ament_install']
[0.119s] Level 1:colcon.colcon_core.package_identification:_identify(.) by extension 'ignore'
[0.119s] Level 1:colcon.colcon_core.package_identification:_identify(.) by extension 'ignore_ament_install'
[0.119s] Level 1:colcon.colcon_core.package_identification:_identify(.) by extensions ['colcon_pkg']
[0.119s] Level 1:colcon.colcon_core.package_identification:_identify(.) by extension 'colcon_pkg'
[0.119s] Level 1:colcon.colcon_core.package_identification:_identify(.) by extensions ['colcon_meta']
[0.119s] Level 1:colcon.colcon_core.package_identification:_identify(.) by extension 'colcon_meta'
[0.119s] Level 1:colcon.colcon_core.package_identification:_identify(.) by extensions ['ros']
[0.119s] Level 1:colcon.colcon_core.package_identification:_identify(.) by extension 'ros'
[0.125s] Level 1:colcon.colcon_core.package_identification:_identify(.) by extensions ['cmake', 'python']
[0.125s] Level 1:colcon.colcon_core.package_identification:_identify(.) by extension 'cmake'
[0.125s] Level 1:colcon.colcon_core.package_identification:_identify(.) by extension 'python'
[0.125s] Level 1:colcon.colcon_core.package_identification:_identify(.) by extensions ['python_setup_py']
[0.125s] Level 1:colcon.colcon_core.package_identification:_identify(.) by extension 'python_setup_py'
[0.125s] Level 1:colcon.colcon_core.package_identification:_identify(build) by extensions ['ignore', 'ignore_ament_install']
[0.125s] Level 1:colcon.colcon_core.package_identification:_identify(build) by extension 'ignore'
[0.125s] Level 1:colcon.colcon_core.package_identification:_identify(build) ignored
[0.125s] Level 1:colcon.colcon_core.package_identification:_identify(install) by extensions ['ignore', 'ignore_ament_install']
[0.125s] Level 1:colcon.colcon_core.package_identification:_identify(install) by extension 'ignore'
[0.125s] Level 1:colcon.colcon_core.package_identification:_identify(install) ignored
[0.125s] Level 1:colcon.colcon_core.package_identification:_identify(log) by extensions ['ignore', 'ignore_ament_install']
[0.125s] Level 1:colcon.colcon_core.package_identification:_identify(log) by extension 'ignore'
[0.125s] Level 1:colcon.colcon_core.package_identification:_identify(log) ignored
[0.125s] Level 1:colcon.colcon_core.package_identification:_identify(src) by extensions ['ignore', 'ignore_ament_install']
[0.125s] Level 1:colcon.colcon_core.package_identification:_identify(src) by extension 'ignore'
[0.125s] Level 1:colcon.colcon_core.package_identification:_identify(src) by extension 'ignore_ament_install'
[0.125s] Level 1:colcon.colcon_core.package_identification:_identify(src) by extensions ['colcon_pkg']
[0.125s] Level 1:colcon.colcon_core.package_identification:_identify(src) by extension 'colcon_pkg'
[0.125s] Level 1:colcon.colcon_core.package_identification:_identify(src) by extensions ['colcon_meta']
[0.125s] Level 1:colcon.colcon_core.package_identification:_identify(src) by extension 'colcon_meta'
[0.125s] Level 1:colcon.colcon_core.package_identification:_identify(src) by extensions ['ros']
[0.125s] Level 1:colcon.colcon_core.package_identification:_identify(src) by extension 'ros'
[0.125s] Level 1:colcon.colcon_core.package_identification:_identify(src) by extensions ['cmake', 'python']
[0.125s] Level 1:colcon.colcon_core.package_identification:_identify(src) by extension 'cmake'
[0.125s] Level 1:colcon.colcon_core.package_identification:_identify(src) by extension 'python'
[0.125s] Level 1:colcon.colcon_core.package_identification:_identify(src) by extensions ['python_setup_py']
[0.125s] Level 1:colcon.colcon_core.package_identification:_identify(src) by extension 'python_setup_py'
[0.125s] Level 1:colcon.colcon_core.package_identification:_identify(src/nav_pkg) by extensions ['ignore', 'ignore_ament_install']
[0.125s] Level 1:colcon.colcon_core.package_identification:_identify(src/nav_pkg) by extension 'ignore'
[0.125s] Level 1:colcon.colcon_core.package_identification:_identify(src/nav_pkg) by extension 'ignore_ament_install'
[0.125s] Level 1:colcon.colcon_core.package_identification:_identify(src/nav_pkg) by extensions ['colcon_pkg']
[0.125s] Level 1:colcon.colcon_core.package_identification:_identify(src/nav_pkg) by extension 'colcon_pkg'
[0.125s] Level 1:colcon.colcon_core.package_identification:_identify(src/nav_pkg) by extensions ['colcon_meta']
[0.125s] Level 1:colcon.colcon_core.package_identification:_identify(src/nav_pkg) by extension 'colcon_meta'
[0.125s] Level 1:colcon.colcon_core.package_identification:_identify(src/nav_pkg) by extensions ['ros']
[0.125s] Level 1:colcon.colcon_core.package_identification:_identify(src/nav_pkg) by extension 'ros'
[0.126s] DEBUG:colcon.colcon_core.package_identification:Package 'src/nav_pkg' with type 'ros.ament_cmake' and name 'nav_pkg'
[0.127s] Level 1:colcon.colcon_core.package_identification:_identify(src/slam_pkg) by extensions ['ignore', 'ignore_ament_install']
[0.127s] Level 1:colcon.colcon_core.package_identification:_identify(src/slam_pkg) by extension 'ignore'
[0.127s] Level 1:colcon.colcon_core.package_identification:_identify(src/slam_pkg) by extension 'ignore_ament_install'
[0.127s] Level 1:colcon.colcon_core.package_identification:_identify(src/slam_pkg) by extensions ['colcon_pkg']
[0.127s] Level 1:colcon.colcon_core.package_identification:_identify(src/slam_pkg) by extension 'colcon_pkg'
[0.127s] Level 1:colcon.colcon_core.package_identification:_identify(src/slam_pkg) by extensions ['colcon_meta']
[0.127s] Level 1:colcon.colcon_core.package_identification:_identify(src/slam_pkg) by extension 'colcon_meta'
[0.127s] Level 1:colcon.colcon_core.package_identification:_identify(src/slam_pkg) by extensions ['ros']
[0.127s] Level 1:colcon.colcon_core.package_identification:_identify(src/slam_pkg) by extension 'ros'
[0.131s] DEBUG:colcon.colcon_core.package_identification:Package 'src/slam_pkg' with type 'ros.ament_cmake' and name 'slam_pkg'
[0.131s] Level 1:colcon.colcon_core.package_identification:_identify(src/wpr_simulation2) by extensions ['ignore', 'ignore_ament_install']
[0.131s] Level 1:colcon.colcon_core.package_identification:_identify(src/wpr_simulation2) by extension 'ignore'
[0.131s] Level 1:colcon.colcon_core.package_identification:_identify(src/wpr_simulation2) by extension 'ignore_ament_install'
[0.131s] Level 1:colcon.colcon_core.package_identification:_identify(src/wpr_simulation2) by extensions ['colcon_pkg']
[0.131s] Level 1:colcon.colcon_core.package_identification:_identify(src/wpr_simulation2) by extension 'colcon_pkg'
[0.131s] Level 1:colcon.colcon_core.package_identification:_identify(src/wpr_simulation2) by extensions ['colcon_meta']
[0.131s] Level 1:colcon.colcon_core.package_identification:_identify(src/wpr_simulation2) by extension 'colcon_meta'
[0.131s] Level 1:colcon.colcon_core.package_identification:_identify(src/wpr_simulation2) by extensions ['ros']
[0.131s] Level 1:colcon.colcon_core.package_identification:_identify(src/wpr_simulation2) by extension 'ros'
[0.132s] DEBUG:colcon.colcon_core.package_identification:Package 'src/wpr_simulation2' with type 'ros.ament_cmake' and name 'wpr_simulation2'
[0.132s] Level 1:colcon.colcon_core.package_discovery:discover_packages(recursive) using defaults
[0.132s] Level 1:colcon.colcon_core.package_discovery:discover_packages(ignore) discover
[0.132s] Level 1:colcon.colcon_core.package_discovery:discover_packages(ignore) using defaults
[0.132s] Level 1:colcon.colcon_core.package_discovery:discover_packages(path) discover
[0.132s] Level 1:colcon.colcon_core.package_discovery:discover_packages(path) using defaults
[0.141s] Level 1:colcon.colcon_core.package_discovery:discover_packages(prefix_path) check parameters
[0.141s] Level 1:colcon.colcon_core.package_discovery:discover_packages(prefix_path) discover
[0.142s] DEBUG:colcon.colcon_installed_package_information.package_discovery:Found 386 installed packages in /opt/ros/humble
[0.143s] Level 1:colcon.colcon_core.package_discovery:discover_packages(prefix_path) using defaults
[0.162s] Level 5:colcon.colcon_core.verb:set package 'nav_pkg' build argument 'cmake_args' from command line to 'None'
[0.162s] Level 5:colcon.colcon_core.verb:set package 'nav_pkg' build argument 'cmake_target' from command line to 'None'
[0.162s] Level 5:colcon.colcon_core.verb:set package 'nav_pkg' build argument 'cmake_target_skip_unavailable' from command line to 'False'
[0.162s] Level 5:colcon.colcon_core.verb:set package 'nav_pkg' build argument 'cmake_clean_cache' from command line to 'False'
[0.162s] Level 5:colcon.colcon_core.verb:set package 'nav_pkg' build argument 'cmake_clean_first' from command line to 'False'
[0.162s] Level 5:colcon.colcon_core.verb:set package 'nav_pkg' build argument 'cmake_force_configure' from command line to 'False'
[0.162s] Level 5:colcon.colcon_core.verb:set package 'nav_pkg' build argument 'ament_cmake_args' from command line to 'None'
[0.162s] Level 5:colcon.colcon_core.verb:set package 'nav_pkg' build argument 'catkin_cmake_args' from command line to 'None'
[0.162s] Level 5:colcon.colcon_core.verb:set package 'nav_pkg' build argument 'catkin_skip_building_tests' from command line to 'False'
[0.162s] DEBUG:colcon.colcon_core.verb:Building package 'nav_pkg' with the following arguments: {'ament_cmake_args': None, 'build_base': '/home/yy/factory_ws/build/nav_pkg', 'catkin_cmake_args': None, 'catkin_skip_building_tests': False, 'cmake_args': None, 'cmake_clean_cache': False, 'cmake_clean_first': False, 'cmake_force_configure': False, 'cmake_target': None, 'cmake_target_skip_unavailable': False, 'install_base': '/home/yy/factory_ws/install/nav_pkg', 'merge_install': False, 'path': '/home/yy/factory_ws/src/nav_pkg', 'symlink_install': False, 'test_result_base': None}
[0.162s] Level 5:colcon.colcon_core.verb:set package 'slam_pkg' build argument 'cmake_args' from command line to 'None'
[0.162s] Level 5:colcon.colcon_core.verb:set package 'slam_pkg' build argument 'cmake_target' from command line to 'None'
[0.162s] Level 5:colcon.colcon_core.verb:set package 'slam_pkg' build argument 'cmake_target_skip_unavailable' from command line to 'False'
[0.162s] Level 5:colcon.colcon_core.verb:set package 'slam_pkg' build argument 'cmake_clean_cache' from command line to 'False'
[0.162s] Level 5:colcon.colcon_core.verb:set package 'slam_pkg' build argument 'cmake_clean_first' from command line to 'False'
[0.162s] Level 5:colcon.colcon_core.verb:set package 'slam_pkg' build argument 'cmake_force_configure' from command line to 'False'
[0.162s] Level 5:colcon.colcon_core.verb:set package 'slam_pkg' build argument 'ament_cmake_args' from command line to 'None'
[0.162s] Level 5:colcon.colcon_core.verb:set package 'slam_pkg' build argument 'catkin_cmake_args' from command line to 'None'
[0.162s] Level 5:colcon.colcon_core.verb:set package 'slam_pkg' build argument 'catkin_skip_building_tests' from command line to 'False'
[0.162s] DEBUG:colcon.colcon_core.verb:Building package 'slam_pkg' with the following arguments: {'ament_cmake_args': None, 'build_base': '/home/yy/factory_ws/build/slam_pkg', 'catkin_cmake_args': None, 'catkin_skip_building_tests': False, 'cmake_args': None, 'cmake_clean_cache': False, 'cmake_clean_first': False, 'cmake_force_configure': False, 'cmake_target': None, 'cmake_target_skip_unavailable': False, 'install_base': '/home/yy/factory_ws/install/slam_pkg', 'merge_install': False, 'path': '/home/yy/factory_ws/src/slam_pkg', 'symlink_install': False, 'test_result_base': None}
[0.163s] Level 5:colcon.colcon_core.verb:set package 'wpr_simulation2' build argument 'cmake_args' from command line to 'None'
[0.163s] Level 5:colcon.colcon_core.verb:set package 'wpr_simulation2' build argument 'cmake_target' from command line to 'None'
[0.163s] Level 5:colcon.colcon_core.verb:set package 'wpr_simulation2' build argument 'cmake_target_skip_unavailable' from command line to 'False'
[0.163s] Level 5:colcon.colcon_core.verb:set package 'wpr_simulation2' build argument 'cmake_clean_cache' from command line to 'False'
[0.163s] Level 5:colcon.colcon_core.verb:set package 'wpr_simulation2' build argument 'cmake_clean_first' from command line to 'False'
[0.163s] Level 5:colcon.colcon_core.verb:set package 'wpr_simulation2' build argument 'cmake_force_configure' from command line to 'False'
[0.163s] Level 5:colcon.colcon_core.verb:set package 'wpr_simulation2' build argument 'ament_cmake_args' from command line to 'None'
[0.163s] Level 5:colcon.colcon_core.verb:set package 'wpr_simulation2' build argument 'catkin_cmake_args' from command line to 'None'
[0.163s] Level 5:colcon.colcon_core.verb:set package 'wpr_simulation2' build argument 'catkin_skip_building_tests' from command line to 'False'
[0.163s] DEBUG:colcon.colcon_core.verb:Building package 'wpr_simulation2' with the following arguments: {'ament_cmake_args': None, 'build_base': '/home/yy/factory_ws/build/wpr_simulation2', 'catkin_cmake_args': None, 'catkin_skip_building_tests': False, 'cmake_args': None, 'cmake_clean_cache': False, 'cmake_clean_first': False, 'cmake_force_configure': False, 'cmake_target': None, 'cmake_target_skip_unavailable': False, 'install_base': '/home/yy/factory_ws/install/wpr_simulation2', 'merge_install': False, 'path': '/home/yy/factory_ws/src/wpr_simulation2', 'symlink_install': False, 'test_result_base': None}
[0.163s] INFO:colcon.colcon_core.executor:Executing jobs using 'parallel' executor
[0.163s] DEBUG:colcon.colcon_parallel_executor.executor.parallel:run_until_complete
[0.163s] INFO:colcon.colcon_ros.task.ament_cmake.build:Building ROS package in '/home/yy/factory_ws/src/nav_pkg' with build type 'ament_cmake'
[0.163s] INFO:colcon.colcon_cmake.task.cmake.build:Building CMake package in '/home/yy/factory_ws/src/nav_pkg'
[0.164s] INFO:colcon.colcon_core.plugin_system:Skipping extension 'colcon_core.shell.bat': Not used on non-Windows systems
[0.164s] INFO:colcon.colcon_core.shell:Skip shell extension 'powershell' for command environment: Not usable outside of PowerShell
[0.164s] DEBUG:colcon.colcon_core.shell:Skip shell extension 'dsv' for command environment
[0.166s] INFO:colcon.colcon_ros.task.ament_cmake.build:Building ROS package in '/home/yy/factory_ws/src/slam_pkg' with build type 'ament_cmake'
[0.166s] INFO:colcon.colcon_cmake.task.cmake.build:Building CMake package in '/home/yy/factory_ws/src/slam_pkg'
[0.166s] INFO:colcon.colcon_core.shell:Skip shell extension 'powershell' for command environment: Not usable outside of PowerShell
[0.166s] DEBUG:colcon.colcon_core.shell:Skip shell extension 'dsv' for command environment
[0.167s] INFO:colcon.colcon_ros.task.ament_cmake.build:Building ROS package in '/home/yy/factory_ws/src/wpr_simulation2' with build type 'ament_cmake'
[0.167s] INFO:colcon.colcon_cmake.task.cmake.build:Building CMake package in '/home/yy/factory_ws/src/wpr_simulation2'
[0.167s] INFO:colcon.colcon_core.shell:Skip shell extension 'powershell' for command environment: Not usable outside of PowerShell
[0.167s] DEBUG:colcon.colcon_core.shell:Skip shell extension 'dsv' for command environment
[0.172s] DEBUG:colcon.colcon_core.event_handler.log_command:Invoking command in '/home/yy/factory_ws/build/nav_pkg': CMAKE_PREFIX_PATH=/opt/ros/humble /usr/bin/cmake --build /home/yy/factory_ws/build/nav_pkg -- -j20 -l20
[0.173s] DEBUG:colcon.colcon_core.event_handler.log_command:Invoking command in '/home/yy/factory_ws/build/slam_pkg': CMAKE_PREFIX_PATH=/opt/ros/humble /usr/bin/cmake --build /home/yy/factory_ws/build/slam_pkg -- -j20 -l20
[0.177s] DEBUG:colcon.colcon_core.event_handler.log_command:Invoking command in '/home/yy/factory_ws/build/wpr_simulation2': CMAKE_PREFIX_PATH=/opt/ros/humble /usr/bin/cmake --build /home/yy/factory_ws/build/wpr_simulation2 -- -j20 -l20
[0.194s] DEBUG:colcon.colcon_core.event_handler.log_command:Invoked command in '/home/yy/factory_ws/build/slam_pkg' returned '0': CMAKE_PREFIX_PATH=/opt/ros/humble /usr/bin/cmake --build /home/yy/factory_ws/build/slam_pkg -- -j20 -l20
[0.201s] DEBUG:colcon.colcon_core.event_handler.log_command:Invoking command in '/home/yy/factory_ws/build/slam_pkg': CMAKE_PREFIX_PATH=/opt/ros/humble /usr/bin/cmake --install /home/yy/factory_ws/build/slam_pkg
[0.201s] DEBUG:colcon.colcon_core.event_handler.log_command:Invoked command in '/home/yy/factory_ws/build/nav_pkg' returned '0': CMAKE_PREFIX_PATH=/opt/ros/humble /usr/bin/cmake --build /home/yy/factory_ws/build/nav_pkg -- -j20 -l20
[0.202s] DEBUG:colcon.colcon_core.event_handler.log_command:Invoking command in '/home/yy/factory_ws/build/nav_pkg': CMAKE_PREFIX_PATH=/opt/ros/humble /usr/bin/cmake --install /home/yy/factory_ws/build/nav_pkg
[0.210s] Level 1:colcon.colcon_core.environment:create_environment_scripts_only(slam_pkg)
[0.212s] DEBUG:colcon.colcon_core.event_handler.log_command:Invoked command in '/home/yy/factory_ws/build/slam_pkg' returned '0': CMAKE_PREFIX_PATH=/opt/ros/humble /usr/bin/cmake --install /home/yy/factory_ws/build/slam_pkg
[0.213s] Level 1:colcon.colcon_core.environment:checking '/home/yy/factory_ws/install/slam_pkg' for CMake module files
[0.214s] Level 1:colcon.colcon_core.environment:checking '/home/yy/factory_ws/install/slam_pkg' for CMake config files
[0.214s] Level 1:colcon.colcon_core.shell:create_environment_hook('slam_pkg', 'cmake_prefix_path')
[0.214s] INFO:colcon.colcon_core.shell:Creating environment hook '/home/yy/factory_ws/install/slam_pkg/share/slam_pkg/hook/cmake_prefix_path.ps1'
[0.214s] INFO:colcon.colcon_core.shell:Creating environment descriptor '/home/yy/factory_ws/install/slam_pkg/share/slam_pkg/hook/cmake_prefix_path.dsv'
[0.215s] INFO:colcon.colcon_core.shell:Creating environment hook '/home/yy/factory_ws/install/slam_pkg/share/slam_pkg/hook/cmake_prefix_path.sh'
[0.215s] Level 1:colcon.colcon_core.environment:checking '/home/yy/factory_ws/install/slam_pkg/bin'
[0.216s] Level 1:colcon.colcon_core.environment:checking '/home/yy/factory_ws/install/slam_pkg/lib/pkgconfig/slam_pkg.pc'
[0.216s] Level 1:colcon.colcon_core.environment:checking '/home/yy/factory_ws/install/slam_pkg/lib/python3.10/site-packages'
[0.216s] Level 1:colcon.colcon_core.environment:checking '/home/yy/factory_ws/install/slam_pkg/bin'
[0.216s] INFO:colcon.colcon_core.shell:Creating package script '/home/yy/factory_ws/install/slam_pkg/share/slam_pkg/package.ps1'
[0.217s] INFO:colcon.colcon_core.shell:Creating package descriptor '/home/yy/factory_ws/install/slam_pkg/share/slam_pkg/package.dsv'
[0.217s] INFO:colcon.colcon_core.shell:Creating package script '/home/yy/factory_ws/install/slam_pkg/share/slam_pkg/package.sh'
[0.218s] INFO:colcon.colcon_core.shell:Creating package script '/home/yy/factory_ws/install/slam_pkg/share/slam_pkg/package.bash'
[0.218s] INFO:colcon.colcon_core.shell:Creating package script '/home/yy/factory_ws/install/slam_pkg/share/slam_pkg/package.zsh'
[0.219s] Level 1:colcon.colcon_core.environment:create_file_with_runtime_dependencies(/home/yy/factory_ws/install/slam_pkg/share/colcon-core/packages/slam_pkg)
[0.219s] Level 1:colcon.colcon_core.environment:create_environment_scripts_only(slam_pkg)
[0.219s] Level 1:colcon.colcon_core.environment:checking '/home/yy/factory_ws/install/slam_pkg' for CMake module files
[0.220s] Level 1:colcon.colcon_core.environment:checking '/home/yy/factory_ws/install/slam_pkg' for CMake config files
[0.220s] Level 1:colcon.colcon_core.shell:create_environment_hook('slam_pkg', 'cmake_prefix_path')
[0.220s] INFO:colcon.colcon_core.shell:Creating environment hook '/home/yy/factory_ws/install/slam_pkg/share/slam_pkg/hook/cmake_prefix_path.ps1'
[0.221s] INFO:colcon.colcon_core.shell:Creating environment descriptor '/home/yy/factory_ws/install/slam_pkg/share/slam_pkg/hook/cmake_prefix_path.dsv'
[0.221s] INFO:colcon.colcon_core.shell:Creating environment hook '/home/yy/factory_ws/install/slam_pkg/share/slam_pkg/hook/cmake_prefix_path.sh'
[0.222s] Level 1:colcon.colcon_core.environment:checking '/home/yy/factory_ws/install/slam_pkg/bin'
[0.222s] Level 1:colcon.colcon_core.environment:checking '/home/yy/factory_ws/install/slam_pkg/lib/pkgconfig/slam_pkg.pc'
[0.222s] Level 1:colcon.colcon_core.environment:checking '/home/yy/factory_ws/install/slam_pkg/lib/python3.10/site-packages'
[0.222s] Level 1:colcon.colcon_core.environment:checking '/home/yy/factory_ws/install/slam_pkg/bin'
[0.223s] INFO:colcon.colcon_core.shell:Creating package script '/home/yy/factory_ws/install/slam_pkg/share/slam_pkg/package.ps1'
[0.223s] INFO:colcon.colcon_core.shell:Creating package descriptor '/home/yy/factory_ws/install/slam_pkg/share/slam_pkg/package.dsv'
[0.224s] INFO:colcon.colcon_core.shell:Creating package script '/home/yy/factory_ws/install/slam_pkg/share/slam_pkg/package.sh'
[0.224s] INFO:colcon.colcon_core.shell:Creating package script '/home/yy/factory_ws/install/slam_pkg/share/slam_pkg/package.bash'
[0.225s] INFO:colcon.colcon_core.shell:Creating package script '/home/yy/factory_ws/install/slam_pkg/share/slam_pkg/package.zsh'
[0.225s] Level 1:colcon.colcon_core.environment:create_file_with_runtime_dependencies(/home/yy/factory_ws/install/slam_pkg/share/colcon-core/packages/slam_pkg)
[0.226s] Level 1:colcon.colcon_core.environment:create_environment_scripts_only(nav_pkg)
[0.226s] Level 1:colcon.colcon_core.environment:checking '/home/yy/factory_ws/install/nav_pkg' for CMake module files
[0.227s] DEBUG:colcon.colcon_core.event_handler.log_command:Invoked command in '/home/yy/factory_ws/build/nav_pkg' returned '0': CMAKE_PREFIX_PATH=/opt/ros/humble /usr/bin/cmake --install /home/yy/factory_ws/build/nav_pkg
[0.227s] Level 1:colcon.colcon_core.environment:checking '/home/yy/factory_ws/install/nav_pkg' for CMake config files
[0.227s] Level 1:colcon.colcon_core.shell:create_environment_hook('nav_pkg', 'cmake_prefix_path')
[0.228s] INFO:colcon.colcon_core.shell:Creating environment hook '/home/yy/factory_ws/install/nav_pkg/share/nav_pkg/hook/cmake_prefix_path.ps1'
[0.228s] INFO:colcon.colcon_core.shell:Creating environment descriptor '/home/yy/factory_ws/install/nav_pkg/share/nav_pkg/hook/cmake_prefix_path.dsv'
[0.228s] INFO:colcon.colcon_core.shell:Creating environment hook '/home/yy/factory_ws/install/nav_pkg/share/nav_pkg/hook/cmake_prefix_path.sh'
[0.229s] Level 1:colcon.colcon_core.environment:checking '/home/yy/factory_ws/install/nav_pkg/bin'
[0.229s] Level 1:colcon.colcon_core.environment:checking '/home/yy/factory_ws/install/nav_pkg/lib/pkgconfig/nav_pkg.pc'
[0.229s] Level 1:colcon.colcon_core.environment:checking '/home/yy/factory_ws/install/nav_pkg/lib/python3.10/site-packages'
[0.229s] Level 1:colcon.colcon_core.environment:checking '/home/yy/factory_ws/install/nav_pkg/bin'
[0.229s] INFO:colcon.colcon_core.shell:Creating package script '/home/yy/factory_ws/install/nav_pkg/share/nav_pkg/package.ps1'
[0.229s] INFO:colcon.colcon_core.shell:Creating package descriptor '/home/yy/factory_ws/install/nav_pkg/share/nav_pkg/package.dsv'
[0.229s] INFO:colcon.colcon_core.shell:Creating package script '/home/yy/factory_ws/install/nav_pkg/share/nav_pkg/package.sh'
[0.230s] INFO:colcon.colcon_core.shell:Creating package script '/home/yy/factory_ws/install/nav_pkg/share/nav_pkg/package.bash'
[0.230s] INFO:colcon.colcon_core.shell:Creating package script '/home/yy/factory_ws/install/nav_pkg/share/nav_pkg/package.zsh'
[0.230s] Level 1:colcon.colcon_core.environment:create_file_with_runtime_dependencies(/home/yy/factory_ws/install/nav_pkg/share/colcon-core/packages/nav_pkg)
[0.230s] Level 1:colcon.colcon_core.environment:create_environment_scripts_only(nav_pkg)
[0.230s] Level 1:colcon.colcon_core.environment:checking '/home/yy/factory_ws/install/nav_pkg' for CMake module files
[0.231s] Level 1:colcon.colcon_core.environment:checking '/home/yy/factory_ws/install/nav_pkg' for CMake config files
[0.231s] Level 1:colcon.colcon_core.shell:create_environment_hook('nav_pkg', 'cmake_prefix_path')
[0.231s] INFO:colcon.colcon_core.shell:Creating environment hook '/home/yy/factory_ws/install/nav_pkg/share/nav_pkg/hook/cmake_prefix_path.ps1'
[0.231s] INFO:colcon.colcon_core.shell:Creating environment descriptor '/home/yy/factory_ws/install/nav_pkg/share/nav_pkg/hook/cmake_prefix_path.dsv'
[0.231s] INFO:colcon.colcon_core.shell:Creating environment hook '/home/yy/factory_ws/install/nav_pkg/share/nav_pkg/hook/cmake_prefix_path.sh'
[0.231s] Level 1:colcon.colcon_core.environment:checking '/home/yy/factory_ws/install/nav_pkg/bin'
[0.232s] Level 1:colcon.colcon_core.environment:checking '/home/yy/factory_ws/install/nav_pkg/lib/pkgconfig/nav_pkg.pc'
[0.232s] Level 1:colcon.colcon_core.environment:checking '/home/yy/factory_ws/install/nav_pkg/lib/python3.10/site-packages'
[0.232s] Level 1:colcon.colcon_core.environment:checking '/home/yy/factory_ws/install/nav_pkg/bin'
[0.232s] INFO:colcon.colcon_core.shell:Creating package script '/home/yy/factory_ws/install/nav_pkg/share/nav_pkg/package.ps1'
[0.232s] INFO:colcon.colcon_core.shell:Creating package descriptor '/home/yy/factory_ws/install/nav_pkg/share/nav_pkg/package.dsv'
[0.232s] INFO:colcon.colcon_core.shell:Creating package script '/home/yy/factory_ws/install/nav_pkg/share/nav_pkg/package.sh'
[0.233s] INFO:colcon.colcon_core.shell:Creating package script '/home/yy/factory_ws/install/nav_pkg/share/nav_pkg/package.bash'
[0.233s] INFO:colcon.colcon_core.shell:Creating package script '/home/yy/factory_ws/install/nav_pkg/share/nav_pkg/package.zsh'
[0.234s] Level 1:colcon.colcon_core.environment:create_file_with_runtime_dependencies(/home/yy/factory_ws/install/nav_pkg/share/colcon-core/packages/nav_pkg)
[0.358s] DEBUG:colcon.colcon_core.event_handler.log_command:Invoked command in '/home/yy/factory_ws/build/wpr_simulation2' returned '0': CMAKE_PREFIX_PATH=/opt/ros/humble /usr/bin/cmake --build /home/yy/factory_ws/build/wpr_simulation2 -- -j20 -l20
[0.360s] DEBUG:colcon.colcon_core.event_handler.log_command:Invoking command in '/home/yy/factory_ws/build/wpr_simulation2': CMAKE_PREFIX_PATH=/opt/ros/humble /usr/bin/cmake --install /home/yy/factory_ws/build/wpr_simulation2
[0.393s] Level 1:colcon.colcon_core.environment:create_environment_scripts_only(wpr_simulation2)
[0.393s] Level 1:colcon.colcon_core.environment:checking '/home/yy/factory_ws/install/wpr_simulation2' for CMake module files
[0.396s] Level 1:colcon.colcon_core.environment:checking '/home/yy/factory_ws/install/wpr_simulation2' for CMake config files
[0.399s] DEBUG:colcon.colcon_core.event_handler.log_command:Invoked command in '/home/yy/factory_ws/build/wpr_simulation2' returned '0': CMAKE_PREFIX_PATH=/opt/ros/humble /usr/bin/cmake --install /home/yy/factory_ws/build/wpr_simulation2
[0.399s] Level 1:colcon.colcon_core.shell:create_environment_hook('wpr_simulation2', 'cmake_prefix_path')
[0.400s] INFO:colcon.colcon_core.shell:Creating environment hook '/home/yy/factory_ws/install/wpr_simulation2/share/wpr_simulation2/hook/cmake_prefix_path.ps1'
[0.400s] INFO:colcon.colcon_core.shell:Creating environment descriptor '/home/yy/factory_ws/install/wpr_simulation2/share/wpr_simulation2/hook/cmake_prefix_path.dsv'
[0.400s] INFO:colcon.colcon_core.shell:Creating environment hook '/home/yy/factory_ws/install/wpr_simulation2/share/wpr_simulation2/hook/cmake_prefix_path.sh'
[0.401s] Level 1:colcon.colcon_core.environment:checking '/home/yy/factory_ws/install/wpr_simulation2/lib'
[0.401s] Level 1:colcon.colcon_core.shell:create_environment_hook('wpr_simulation2', 'ld_library_path_lib')
[0.401s] INFO:colcon.colcon_core.shell:Creating environment hook '/home/yy/factory_ws/install/wpr_simulation2/share/wpr_simulation2/hook/ld_library_path_lib.ps1'
[0.401s] INFO:colcon.colcon_core.shell:Creating environment descriptor '/home/yy/factory_ws/install/wpr_simulation2/share/wpr_simulation2/hook/ld_library_path_lib.dsv'
[0.401s] INFO:colcon.colcon_core.shell:Creating environment hook '/home/yy/factory_ws/install/wpr_simulation2/share/wpr_simulation2/hook/ld_library_path_lib.sh'
[0.402s] Level 1:colcon.colcon_core.environment:checking '/home/yy/factory_ws/install/wpr_simulation2/bin'
[0.402s] Level 1:colcon.colcon_core.environment:checking '/home/yy/factory_ws/install/wpr_simulation2/lib/pkgconfig/wpr_simulation2.pc'
[0.402s] Level 1:colcon.colcon_core.environment:checking '/home/yy/factory_ws/install/wpr_simulation2/lib/python3.10/site-packages'
[0.402s] Level 1:colcon.colcon_core.environment:checking '/home/yy/factory_ws/install/wpr_simulation2/bin'
[0.402s] INFO:colcon.colcon_core.shell:Creating package script '/home/yy/factory_ws/install/wpr_simulation2/share/wpr_simulation2/package.ps1'
[0.402s] INFO:colcon.colcon_core.shell:Creating package descriptor '/home/yy/factory_ws/install/wpr_simulation2/share/wpr_simulation2/package.dsv'
[0.402s] INFO:colcon.colcon_core.shell:Creating package script '/home/yy/factory_ws/install/wpr_simulation2/share/wpr_simulation2/package.sh'
[0.403s] INFO:colcon.colcon_core.shell:Creating package script '/home/yy/factory_ws/install/wpr_simulation2/share/wpr_simulation2/package.bash'
[0.403s] INFO:colcon.colcon_core.shell:Creating package script '/home/yy/factory_ws/install/wpr_simulation2/share/wpr_simulation2/package.zsh'
[0.403s] Level 1:colcon.colcon_core.environment:create_file_with_runtime_dependencies(/home/yy/factory_ws/install/wpr_simulation2/share/colcon-core/packages/wpr_simulation2)
[0.403s] Level 1:colcon.colcon_core.environment:create_environment_scripts_only(wpr_simulation2)
[0.403s] Level 1:colcon.colcon_core.environment:checking '/home/yy/factory_ws/install/wpr_simulation2' for CMake module files
[0.403s] Level 1:colcon.colcon_core.environment:checking '/home/yy/factory_ws/install/wpr_simulation2' for CMake config files
[0.404s] Level 1:colcon.colcon_core.shell:create_environment_hook('wpr_simulation2', 'cmake_prefix_path')
[0.404s] INFO:colcon.colcon_core.shell:Creating environment hook '/home/yy/factory_ws/install/wpr_simulation2/share/wpr_simulation2/hook/cmake_prefix_path.ps1'
[0.449s] INFO:colcon.colcon_core.shell:Creating environment descriptor '/home/yy/factory_ws/install/wpr_simulation2/share/wpr_simulation2/hook/cmake_prefix_path.dsv'
[0.449s] INFO:colcon.colcon_core.shell:Creating environment hook '/home/yy/factory_ws/install/wpr_simulation2/share/wpr_simulation2/hook/cmake_prefix_path.sh'
[0.449s] Level 1:colcon.colcon_core.environment:checking '/home/yy/factory_ws/install/wpr_simulation2/lib'
[0.449s] Level 1:colcon.colcon_core.shell:create_environment_hook('wpr_simulation2', 'ld_library_path_lib')
[0.449s] INFO:colcon.colcon_core.shell:Creating environment hook '/home/yy/factory_ws/install/wpr_simulation2/share/wpr_simulation2/hook/ld_library_path_lib.ps1'
[0.449s] INFO:colcon.colcon_core.shell:Creating environment descriptor '/home/yy/factory_ws/install/wpr_simulation2/share/wpr_simulation2/hook/ld_library_path_lib.dsv'
[0.450s] INFO:colcon.colcon_core.shell:Creating environment hook '/home/yy/factory_ws/install/wpr_simulation2/share/wpr_simulation2/hook/ld_library_path_lib.sh'
[0.450s] Level 1:colcon.colcon_core.environment:checking '/home/yy/factory_ws/install/wpr_simulation2/bin'
[0.450s] Level 1:colcon.colcon_core.environment:checking '/home/yy/factory_ws/install/wpr_simulation2/lib/pkgconfig/wpr_simulation2.pc'
[0.450s] Level 1:colcon.colcon_core.environment:checking '/home/yy/factory_ws/install/wpr_simulation2/lib/python3.10/site-packages'
[0.450s] Level 1:colcon.colcon_core.environment:checking '/home/yy/factory_ws/install/wpr_simulation2/bin'
[0.450s] INFO:colcon.colcon_core.shell:Creating package script '/home/yy/factory_ws/install/wpr_simulation2/share/wpr_simulation2/package.ps1'
[0.450s] INFO:colcon.colcon_core.shell:Creating package descriptor '/home/yy/factory_ws/install/wpr_simulation2/share/wpr_simulation2/package.dsv'
[0.450s] INFO:colcon.colcon_core.shell:Creating package script '/home/yy/factory_ws/install/wpr_simulation2/share/wpr_simulation2/package.sh'
[0.451s] INFO:colcon.colcon_core.shell:Creating package script '/home/yy/factory_ws/install/wpr_simulation2/share/wpr_simulation2/package.bash'
[0.451s] INFO:colcon.colcon_core.shell:Creating package script '/home/yy/factory_ws/install/wpr_simulation2/share/wpr_simulation2/package.zsh'
[0.451s] Level 1:colcon.colcon_core.environment:create_file_with_runtime_dependencies(/home/yy/factory_ws/install/wpr_simulation2/share/colcon-core/packages/wpr_simulation2)
[0.451s] DEBUG:colcon.colcon_parallel_executor.executor.parallel:closing loop
[0.451s] DEBUG:colcon.colcon_parallel_executor.executor.parallel:loop closed
[0.451s] DEBUG:colcon.colcon_parallel_executor.executor.parallel:run_until_complete finished with '0'
[0.451s] DEBUG:colcon.colcon_core.event_reactor:joining thread
[0.455s] INFO:colcon.colcon_core.plugin_system:Skipping extension 'colcon_notification.desktop_notification.terminal_notifier': Not used on non-Darwin systems
[0.455s] INFO:colcon.colcon_core.plugin_system:Skipping extension 'colcon_notification.desktop_notification.win32': Not used on non-Windows systems
[0.455s] INFO:colcon.colcon_notification.desktop_notification:Sending desktop notification using 'notify2'
[0.461s] DEBUG:colcon.colcon_core.event_reactor:joined thread
[0.461s] INFO:colcon.colcon_core.shell:Creating prefix script '/home/yy/factory_ws/install/local_setup.ps1'
[0.461s] INFO:colcon.colcon_core.shell:Creating prefix util module '/home/yy/factory_ws/install/_local_setup_util_ps1.py'
[0.462s] INFO:colcon.colcon_core.shell:Creating prefix chain script '/home/yy/factory_ws/install/setup.ps1'
[0.462s] INFO:colcon.colcon_core.shell:Creating prefix script '/home/yy/factory_ws/install/local_setup.sh'
[0.463s] INFO:colcon.colcon_core.shell:Creating prefix util module '/home/yy/factory_ws/install/_local_setup_util_sh.py'
[0.463s] INFO:colcon.colcon_core.shell:Creating prefix chain script '/home/yy/factory_ws/install/setup.sh'
[0.463s] INFO:colcon.colcon_core.shell:Creating prefix script '/home/yy/factory_ws/install/local_setup.bash'
[0.463s] INFO:colcon.colcon_core.shell:Creating prefix chain script '/home/yy/factory_ws/install/setup.bash'
[0.464s] INFO:colcon.colcon_core.shell:Creating prefix script '/home/yy/factory_ws/install/local_setup.zsh'
[0.464s] INFO:colcon.colcon_core.shell:Creating prefix chain script '/home/yy/factory_ws/install/setup.zsh'
