[  3%] Built target wpr_simulation2__rosidl_generator_c
[  6%] Built target ball_random_move
[  8%] Built target 5_lidar_data
[ 11%] Built target 3_subscriber_node
[ 12%] Built target wpr_simulation2__cpp
[ 17%] Built target 3_my_node
[ 17%] Built target wpb_home_mani_sim
[ 20%] Built target keyboard_vel_cmd
[ 22%] Built target 3_publisher_node
[ 25%] Built target 4_velocity_command
[ 27%] Built target 6_imu_data
[ 30%] Built target 8_waypoint_navigation
[ 32%] Built target 6_imu_behavior
[ 32%] Built target ament_cmake_python_copy_wpr_simulation2
[ 35%] Built target 9_cv_follow
[ 37%] Built target 5_lidar_behavior
[ 40%] Built target 9_cv_hsv
[ 43%] Built target 9_cv_image
[ 45%] Built target 9_cv_face_detect
[ 48%] Built target 10_pc_data
[ 51%] Built target wpr_simulation2__rosidl_typesupport_introspection_c
[ 55%] Built target wpr_simulation2__rosidl_typesupport_introspection_cpp
[ 59%] Built target wpr_simulation2__rosidl_typesupport_cpp
[ 65%] Built target wpr_simulation2__rosidl_typesupport_c
[ 67%] Built target wpr_simulation2__rosidl_typesupport_fastrtps_c
[ 69%] Built target demo_nav2_client
[ 73%] Built target wpr_simulation2__rosidl_typesupport_fastrtps_cpp
[ 75%] Built target 11_mani_ctrl
[ 78%] Built target 12_fetch
[ 81%] Built target 10_pc_objects
[ 81%] Built target wpr_simulation2
[ 83%] Built target grab_object_sim
[ 86%] Built target 11_grab_object
[ 88%] Built target objects_publisher
[ 89%] Built target wpr_simulation2__py
[ 92%] Built target wpr_simulation2__rosidl_generator_py
[ 94%] Built target wpr_simulation2__rosidl_typesupport_c__pyext
[ 97%] Built target wpr_simulation2__rosidl_typesupport_introspection_c__pyext
[100%] Built target wpr_simulation2__rosidl_typesupport_fastrtps_c__pyext
running egg_info
writing wpr_simulation2.egg-info/PKG-INFO
writing dependency_links to wpr_simulation2.egg-info/dependency_links.txt
writing top-level names to wpr_simulation2.egg-info/top_level.txt
reading manifest file 'wpr_simulation2.egg-info/SOURCES.txt'
writing manifest file 'wpr_simulation2.egg-info/SOURCES.txt'
[100%] Built target ament_cmake_python_build_wpr_simulation2_egg
-- Install configuration: ""
-- Up-to-date: /home/yy/factory_ws/install/wpr_simulation2/share/ament_index/resource_index/rosidl_interfaces/wpr_simulation2
-- Up-to-date: /home/yy/factory_ws/install/wpr_simulation2/include/wpr_simulation2/wpr_simulation2
-- Up-to-date: /home/yy/factory_ws/install/wpr_simulation2/include/wpr_simulation2/wpr_simulation2/msg
-- Up-to-date: /home/yy/factory_ws/install/wpr_simulation2/include/wpr_simulation2/wpr_simulation2/msg/object.h
-- Up-to-date: /home/yy/factory_ws/install/wpr_simulation2/include/wpr_simulation2/wpr_simulation2/msg/detail
-- Up-to-date: /home/yy/factory_ws/install/wpr_simulation2/include/wpr_simulation2/wpr_simulation2/msg/detail/object__type_support.h
-- Up-to-date: /home/yy/factory_ws/install/wpr_simulation2/include/wpr_simulation2/wpr_simulation2/msg/detail/object__functions.c
-- Up-to-date: /home/yy/factory_ws/install/wpr_simulation2/include/wpr_simulation2/wpr_simulation2/msg/detail/object__struct.h
-- Up-to-date: /home/yy/factory_ws/install/wpr_simulation2/include/wpr_simulation2/wpr_simulation2/msg/detail/object__functions.h
-- Up-to-date: /home/yy/factory_ws/install/wpr_simulation2/include/wpr_simulation2/wpr_simulation2/msg/rosidl_generator_c__visibility_control.h
-- Up-to-date: /home/yy/factory_ws/install/wpr_simulation2/share/wpr_simulation2/environment/library_path.sh
-- Up-to-date: /home/yy/factory_ws/install/wpr_simulation2/share/wpr_simulation2/environment/library_path.dsv
-- Up-to-date: /home/yy/factory_ws/install/wpr_simulation2/lib/libwpr_simulation2__rosidl_generator_c.so
-- Up-to-date: /home/yy/factory_ws/install/wpr_simulation2/include/wpr_simulation2/wpr_simulation2
-- Up-to-date: /home/yy/factory_ws/install/wpr_simulation2/include/wpr_simulation2/wpr_simulation2/msg
-- Up-to-date: /home/yy/factory_ws/install/wpr_simulation2/include/wpr_simulation2/wpr_simulation2/msg/detail
-- Up-to-date: /home/yy/factory_ws/install/wpr_simulation2/include/wpr_simulation2/wpr_simulation2/msg/detail/object__rosidl_typesupport_fastrtps_c.h
-- Up-to-date: /home/yy/factory_ws/install/wpr_simulation2/include/wpr_simulation2/wpr_simulation2/msg/rosidl_typesupport_fastrtps_c__visibility_control.h
-- Up-to-date: /home/yy/factory_ws/install/wpr_simulation2/lib/libwpr_simulation2__rosidl_typesupport_fastrtps_c.so
-- Up-to-date: /home/yy/factory_ws/install/wpr_simulation2/include/wpr_simulation2/wpr_simulation2
-- Up-to-date: /home/yy/factory_ws/install/wpr_simulation2/include/wpr_simulation2/wpr_simulation2/msg
-- Up-to-date: /home/yy/factory_ws/install/wpr_simulation2/include/wpr_simulation2/wpr_simulation2/msg/detail
-- Up-to-date: /home/yy/factory_ws/install/wpr_simulation2/include/wpr_simulation2/wpr_simulation2/msg/detail/object__builder.hpp
-- Up-to-date: /home/yy/factory_ws/install/wpr_simulation2/include/wpr_simulation2/wpr_simulation2/msg/detail/object__type_support.hpp
-- Up-to-date: /home/yy/factory_ws/install/wpr_simulation2/include/wpr_simulation2/wpr_simulation2/msg/detail/object__traits.hpp
-- Up-to-date: /home/yy/factory_ws/install/wpr_simulation2/include/wpr_simulation2/wpr_simulation2/msg/detail/object__struct.hpp
-- Up-to-date: /home/yy/factory_ws/install/wpr_simulation2/include/wpr_simulation2/wpr_simulation2/msg/rosidl_generator_cpp__visibility_control.hpp
-- Up-to-date: /home/yy/factory_ws/install/wpr_simulation2/include/wpr_simulation2/wpr_simulation2/msg/object.hpp
-- Up-to-date: /home/yy/factory_ws/install/wpr_simulation2/include/wpr_simulation2/wpr_simulation2
-- Up-to-date: /home/yy/factory_ws/install/wpr_simulation2/include/wpr_simulation2/wpr_simulation2/msg
-- Up-to-date: /home/yy/factory_ws/install/wpr_simulation2/include/wpr_simulation2/wpr_simulation2/msg/detail
-- Up-to-date: /home/yy/factory_ws/install/wpr_simulation2/include/wpr_simulation2/wpr_simulation2/msg/detail/dds_fastrtps
-- Up-to-date: /home/yy/factory_ws/install/wpr_simulation2/include/wpr_simulation2/wpr_simulation2/msg/detail/object__rosidl_typesupport_fastrtps_cpp.hpp
-- Up-to-date: /home/yy/factory_ws/install/wpr_simulation2/include/wpr_simulation2/wpr_simulation2/msg/rosidl_typesupport_fastrtps_cpp__visibility_control.h
-- Up-to-date: /home/yy/factory_ws/install/wpr_simulation2/lib/libwpr_simulation2__rosidl_typesupport_fastrtps_cpp.so
-- Up-to-date: /home/yy/factory_ws/install/wpr_simulation2/include/wpr_simulation2/wpr_simulation2
-- Up-to-date: /home/yy/factory_ws/install/wpr_simulation2/include/wpr_simulation2/wpr_simulation2/msg
-- Up-to-date: /home/yy/factory_ws/install/wpr_simulation2/include/wpr_simulation2/wpr_simulation2/msg/detail
-- Up-to-date: /home/yy/factory_ws/install/wpr_simulation2/include/wpr_simulation2/wpr_simulation2/msg/detail/object__rosidl_typesupport_introspection_c.h
-- Up-to-date: /home/yy/factory_ws/install/wpr_simulation2/include/wpr_simulation2/wpr_simulation2/msg/detail/object__type_support.c
-- Up-to-date: /home/yy/factory_ws/install/wpr_simulation2/include/wpr_simulation2/wpr_simulation2/msg/rosidl_typesupport_introspection_c__visibility_control.h
-- Up-to-date: /home/yy/factory_ws/install/wpr_simulation2/lib/libwpr_simulation2__rosidl_typesupport_introspection_c.so
-- Up-to-date: /home/yy/factory_ws/install/wpr_simulation2/lib/libwpr_simulation2__rosidl_typesupport_c.so
-- Up-to-date: /home/yy/factory_ws/install/wpr_simulation2/include/wpr_simulation2/wpr_simulation2
-- Up-to-date: /home/yy/factory_ws/install/wpr_simulation2/include/wpr_simulation2/wpr_simulation2/msg
-- Up-to-date: /home/yy/factory_ws/install/wpr_simulation2/include/wpr_simulation2/wpr_simulation2/msg/detail
-- Up-to-date: /home/yy/factory_ws/install/wpr_simulation2/include/wpr_simulation2/wpr_simulation2/msg/detail/object__type_support.cpp
-- Up-to-date: /home/yy/factory_ws/install/wpr_simulation2/include/wpr_simulation2/wpr_simulation2/msg/detail/object__rosidl_typesupport_introspection_cpp.hpp
-- Up-to-date: /home/yy/factory_ws/install/wpr_simulation2/lib/libwpr_simulation2__rosidl_typesupport_introspection_cpp.so
-- Up-to-date: /home/yy/factory_ws/install/wpr_simulation2/lib/libwpr_simulation2__rosidl_typesupport_cpp.so
-- Up-to-date: /home/yy/factory_ws/install/wpr_simulation2/share/wpr_simulation2/environment/pythonpath.sh
-- Up-to-date: /home/yy/factory_ws/install/wpr_simulation2/share/wpr_simulation2/environment/pythonpath.dsv
-- Up-to-date: /home/yy/factory_ws/install/wpr_simulation2/local/lib/python3.10/dist-packages/wpr_simulation2-1.0.0-py3.10.egg-info
-- Installing: /home/yy/factory_ws/install/wpr_simulation2/local/lib/python3.10/dist-packages/wpr_simulation2-1.0.0-py3.10.egg-info/SOURCES.txt
-- Installing: /home/yy/factory_ws/install/wpr_simulation2/local/lib/python3.10/dist-packages/wpr_simulation2-1.0.0-py3.10.egg-info/top_level.txt
-- Installing: /home/yy/factory_ws/install/wpr_simulation2/local/lib/python3.10/dist-packages/wpr_simulation2-1.0.0-py3.10.egg-info/PKG-INFO
-- Installing: /home/yy/factory_ws/install/wpr_simulation2/local/lib/python3.10/dist-packages/wpr_simulation2-1.0.0-py3.10.egg-info/dependency_links.txt
-- Up-to-date: /home/yy/factory_ws/install/wpr_simulation2/local/lib/python3.10/dist-packages/wpr_simulation2
-- Up-to-date: /home/yy/factory_ws/install/wpr_simulation2/local/lib/python3.10/dist-packages/wpr_simulation2/wpr_simulation2_s__rosidl_typesupport_c.cpython-310-x86_64-linux-gnu.so
-- Up-to-date: /home/yy/factory_ws/install/wpr_simulation2/local/lib/python3.10/dist-packages/wpr_simulation2/_wpr_simulation2_s.ep.rosidl_typesupport_introspection_c.c
-- Up-to-date: /home/yy/factory_ws/install/wpr_simulation2/local/lib/python3.10/dist-packages/wpr_simulation2/wpr_simulation2_s__rosidl_typesupport_fastrtps_c.cpython-310-x86_64-linux-gnu.so
-- Up-to-date: /home/yy/factory_ws/install/wpr_simulation2/local/lib/python3.10/dist-packages/wpr_simulation2/wpr_simulation2_s__rosidl_typesupport_introspection_c.cpython-310-x86_64-linux-gnu.so
-- Up-to-date: /home/yy/factory_ws/install/wpr_simulation2/local/lib/python3.10/dist-packages/wpr_simulation2/__init__.py
-- Up-to-date: /home/yy/factory_ws/install/wpr_simulation2/local/lib/python3.10/dist-packages/wpr_simulation2/_wpr_simulation2_s.ep.rosidl_typesupport_fastrtps_c.c
-- Up-to-date: /home/yy/factory_ws/install/wpr_simulation2/local/lib/python3.10/dist-packages/wpr_simulation2/msg
-- Up-to-date: /home/yy/factory_ws/install/wpr_simulation2/local/lib/python3.10/dist-packages/wpr_simulation2/msg/_object_s.c
-- Up-to-date: /home/yy/factory_ws/install/wpr_simulation2/local/lib/python3.10/dist-packages/wpr_simulation2/msg/_object.py
-- Up-to-date: /home/yy/factory_ws/install/wpr_simulation2/local/lib/python3.10/dist-packages/wpr_simulation2/msg/__init__.py
-- Up-to-date: /home/yy/factory_ws/install/wpr_simulation2/local/lib/python3.10/dist-packages/wpr_simulation2/libwpr_simulation2__rosidl_generator_py.so
-- Up-to-date: /home/yy/factory_ws/install/wpr_simulation2/local/lib/python3.10/dist-packages/wpr_simulation2/_wpr_simulation2_s.ep.rosidl_typesupport_c.c
Listing '/home/yy/factory_ws/install/wpr_simulation2/local/lib/python3.10/dist-packages/wpr_simulation2'...
Listing '/home/yy/factory_ws/install/wpr_simulation2/local/lib/python3.10/dist-packages/wpr_simulation2/msg'...
-- Up-to-date: /home/yy/factory_ws/install/wpr_simulation2/local/lib/python3.10/dist-packages/wpr_simulation2/wpr_simulation2_s__rosidl_typesupport_fastrtps_c.cpython-310-x86_64-linux-gnu.so
-- Up-to-date: /home/yy/factory_ws/install/wpr_simulation2/local/lib/python3.10/dist-packages/wpr_simulation2/wpr_simulation2_s__rosidl_typesupport_introspection_c.cpython-310-x86_64-linux-gnu.so
-- Up-to-date: /home/yy/factory_ws/install/wpr_simulation2/local/lib/python3.10/dist-packages/wpr_simulation2/wpr_simulation2_s__rosidl_typesupport_c.cpython-310-x86_64-linux-gnu.so
-- Up-to-date: /home/yy/factory_ws/install/wpr_simulation2/lib/libwpr_simulation2__rosidl_generator_py.so
-- Up-to-date: /home/yy/factory_ws/install/wpr_simulation2/share/wpr_simulation2/msg/Object.idl
-- Up-to-date: /home/yy/factory_ws/install/wpr_simulation2/share/wpr_simulation2/msg/Object.msg
-- Up-to-date: /home/yy/factory_ws/install/wpr_simulation2/share/wpr_simulation2/config
-- Up-to-date: /home/yy/factory_ws/install/wpr_simulation2/share/wpr_simulation2/config/nav2_params.yaml
-- Up-to-date: /home/yy/factory_ws/install/wpr_simulation2/share/wpr_simulation2/config/wpb_home_controller.yaml
-- Up-to-date: /home/yy/factory_ws/install/wpr_simulation2/share/wpr_simulation2/launch
-- Up-to-date: /home/yy/factory_ws/install/wpr_simulation2/share/wpr_simulation2/launch/spawn_persons.launch.py
-- Up-to-date: /home/yy/factory_ws/install/wpr_simulation2/share/wpr_simulation2/launch/demo_mani_ctrl.launch.py
-- Up-to-date: /home/yy/factory_ws/install/wpr_simulation2/share/wpr_simulation2/launch/wpb_table.launch.py
-- Up-to-date: /home/yy/factory_ws/install/wpr_simulation2/share/wpr_simulation2/launch/spawn_wpb_head_up.launch.py
-- Up-to-date: /home/yy/factory_ws/install/wpr_simulation2/share/wpr_simulation2/launch/wpb_simple.launch.py
-- Up-to-date: /home/yy/factory_ws/install/wpr_simulation2/share/wpr_simulation2/launch/wpb_balls.launch.py
-- Up-to-date: /home/yy/factory_ws/install/wpr_simulation2/share/wpr_simulation2/launch/robocup_home_mani.launch.py
-- Up-to-date: /home/yy/factory_ws/install/wpr_simulation2/share/wpr_simulation2/launch/wpb_mani.launch.py
-- Up-to-date: /home/yy/factory_ws/install/wpr_simulation2/share/wpr_simulation2/launch/wpb_objects.launch.py
-- Up-to-date: /home/yy/factory_ws/install/wpr_simulation2/share/wpr_simulation2/launch/spawn_objects.launch.py
-- Up-to-date: /home/yy/factory_ws/install/wpr_simulation2/share/wpr_simulation2/launch/world.launch.py
-- Up-to-date: /home/yy/factory_ws/install/wpr_simulation2/share/wpr_simulation2/launch/wpb_face.launch.py
-- Up-to-date: /home/yy/factory_ws/install/wpr_simulation2/share/wpr_simulation2/launch/spawn_wpb.launch.py
-- Up-to-date: /home/yy/factory_ws/install/wpr_simulation2/share/wpr_simulation2/launch/wpb_scene_1.launch.py
-- Up-to-date: /home/yy/factory_ws/install/wpr_simulation2/share/wpr_simulation2/launch/navigation.launch.py
-- Up-to-date: /home/yy/factory_ws/install/wpr_simulation2/share/wpr_simulation2/launch/map_tools.launch.py
-- Up-to-date: /home/yy/factory_ws/install/wpr_simulation2/share/wpr_simulation2/launch/slam.launch.py
-- Up-to-date: /home/yy/factory_ws/install/wpr_simulation2/share/wpr_simulation2/launch/spawn_wpb_mani.launch.py
-- Installing: /home/yy/factory_ws/install/wpr_simulation2/share/wpr_simulation2/launch/factory.launch.py
-- Up-to-date: /home/yy/factory_ws/install/wpr_simulation2/share/wpr_simulation2/launch/spawn_wpb_lidar.launch.py
-- Up-to-date: /home/yy/factory_ws/install/wpr_simulation2/share/wpr_simulation2/demo_launch
-- Up-to-date: /home/yy/factory_ws/install/wpr_simulation2/share/wpr_simulation2/demo_launch/7_slam.launch.py
-- Up-to-date: /home/yy/factory_ws/install/wpr_simulation2/share/wpr_simulation2/demo_launch/8_waypoint_nav.launch.py
-- Up-to-date: /home/yy/factory_ws/install/wpr_simulation2/share/wpr_simulation2/demo_launch/3_pub_sub.launch.yaml
-- Up-to-date: /home/yy/factory_ws/install/wpr_simulation2/share/wpr_simulation2/demo_launch/12_home.launch.py
-- Up-to-date: /home/yy/factory_ws/install/wpr_simulation2/share/wpr_simulation2/demo_launch/3_pub_sub.launch.py
-- Up-to-date: /home/yy/factory_ws/install/wpr_simulation2/share/wpr_simulation2/demo_launch/3_pub_sub.launch.xml
-- Up-to-date: /home/yy/factory_ws/install/wpr_simulation2/share/wpr_simulation2/demo_launch/8_nav.launch.py
-- Up-to-date: /home/yy/factory_ws/install/wpr_simulation2/share/wpr_simulation2/worlds
-- Up-to-date: /home/yy/factory_ws/install/wpr_simulation2/share/wpr_simulation2/worlds/wpb_pose.world
-- Installing: /home/yy/factory_ws/install/wpr_simulation2/share/wpr_simulation2/worlds/factory.world
-- Up-to-date: /home/yy/factory_ws/install/wpr_simulation2/share/wpr_simulation2/worlds/light.world
-- Up-to-date: /home/yy/factory_ws/install/wpr_simulation2/share/wpr_simulation2/worlds/simple.world
-- Up-to-date: /home/yy/factory_ws/install/wpr_simulation2/share/wpr_simulation2/worlds/table.world
-- Up-to-date: /home/yy/factory_ws/install/wpr_simulation2/share/wpr_simulation2/worlds/wpb_simple.world
-- Up-to-date: /home/yy/factory_ws/install/wpr_simulation2/share/wpr_simulation2/worlds/robocup_home.world
-- Installing: /home/yy/factory_ws/install/wpr_simulation2/share/wpr_simulation2/worlds/factory1.world
-- Up-to-date: /home/yy/factory_ws/install/wpr_simulation2/share/wpr_simulation2/models
-- Up-to-date: /home/yy/factory_ws/install/wpr_simulation2/share/wpr_simulation2/models/MobiBot.model
-- Up-to-date: /home/yy/factory_ws/install/wpr_simulation2/share/wpr_simulation2/models/sofa.model
-- Up-to-date: /home/yy/factory_ws/install/wpr_simulation2/share/wpr_simulation2/models/tea_table.model
-- Up-to-date: /home/yy/factory_ws/install/wpr_simulation2/share/wpr_simulation2/models/balls
-- Up-to-date: /home/yy/factory_ws/install/wpr_simulation2/share/wpr_simulation2/models/balls/green_ball.model
-- Up-to-date: /home/yy/factory_ws/install/wpr_simulation2/share/wpr_simulation2/models/balls/red_ball.model
-- Up-to-date: /home/yy/factory_ws/install/wpr_simulation2/share/wpr_simulation2/models/balls/blue_ball.model
-- Up-to-date: /home/yy/factory_ws/install/wpr_simulation2/share/wpr_simulation2/models/balls/orange_ball.model
-- Up-to-date: /home/yy/factory_ws/install/wpr_simulation2/share/wpr_simulation2/models/man_1.model
-- Up-to-date: /home/yy/factory_ws/install/wpr_simulation2/share/wpr_simulation2/models/chair.model
-- Up-to-date: /home/yy/factory_ws/install/wpr_simulation2/share/wpr_simulation2/models/bed.model
-- Up-to-date: /home/yy/factory_ws/install/wpr_simulation2/share/wpr_simulation2/models/cupboard.model
-- Up-to-date: /home/yy/factory_ws/install/wpr_simulation2/share/wpr_simulation2/models/bookshelft.model
-- Up-to-date: /home/yy/factory_ws/install/wpr_simulation2/share/wpr_simulation2/models/wpb_home_lidar.model
-- Up-to-date: /home/yy/factory_ws/install/wpr_simulation2/share/wpr_simulation2/models/table.model
-- Up-to-date: /home/yy/factory_ws/install/wpr_simulation2/share/wpr_simulation2/models/wpv3.model
-- Up-to-date: /home/yy/factory_ws/install/wpr_simulation2/share/wpr_simulation2/models/kai_standing.model
-- Up-to-date: /home/yy/factory_ws/install/wpr_simulation2/share/wpr_simulation2/models/woman.model
-- Up-to-date: /home/yy/factory_ws/install/wpr_simulation2/share/wpr_simulation2/models/wpb_home.model
-- Up-to-date: /home/yy/factory_ws/install/wpr_simulation2/share/wpr_simulation2/models/wpr1.model
-- Up-to-date: /home/yy/factory_ws/install/wpr_simulation2/share/wpr_simulation2/models/wpb_home_mani.model
-- Up-to-date: /home/yy/factory_ws/install/wpr_simulation2/share/wpr_simulation2/models/wpb_home_head_up.model
-- Up-to-date: /home/yy/factory_ws/install/wpr_simulation2/share/wpr_simulation2/models/bottles
-- Up-to-date: /home/yy/factory_ws/install/wpr_simulation2/share/wpr_simulation2/models/bottles/green_bottle.model
-- Up-to-date: /home/yy/factory_ws/install/wpr_simulation2/share/wpr_simulation2/models/bottles/red_bottle.model
-- Up-to-date: /home/yy/factory_ws/install/wpr_simulation2/share/wpr_simulation2/models/man_2.model
-- Up-to-date: /home/yy/factory_ws/install/wpr_simulation2/share/wpr_simulation2/meshes
-- Up-to-date: /home/yy/factory_ws/install/wpr_simulation2/share/wpr_simulation2/meshes/man_2
-- Up-to-date: /home/yy/factory_ws/install/wpr_simulation2/share/wpr_simulation2/meshes/man_2/man_2.dae
-- Up-to-date: /home/yy/factory_ws/install/wpr_simulation2/share/wpr_simulation2/meshes/man_2/color.png
-- Up-to-date: /home/yy/factory_ws/install/wpr_simulation2/share/wpr_simulation2/meshes/bookshelft.dae
-- Up-to-date: /home/yy/factory_ws/install/wpr_simulation2/share/wpr_simulation2/meshes/kai
-- Up-to-date: /home/yy/factory_ws/install/wpr_simulation2/share/wpr_simulation2/meshes/kai/1931_LaFeiEr_D_512.png
-- Up-to-date: /home/yy/factory_ws/install/wpr_simulation2/share/wpr_simulation2/meshes/kai/kai_standing.dae
-- Up-to-date: /home/yy/factory_ws/install/wpr_simulation2/share/wpr_simulation2/meshes/sofa.dae
-- Up-to-date: /home/yy/factory_ws/install/wpr_simulation2/share/wpr_simulation2/meshes/woman
-- Up-to-date: /home/yy/factory_ws/install/wpr_simulation2/share/wpr_simulation2/meshes/woman/woman.dae
-- Up-to-date: /home/yy/factory_ws/install/wpr_simulation2/share/wpr_simulation2/meshes/woman/color.png
-- Up-to-date: /home/yy/factory_ws/install/wpr_simulation2/share/wpr_simulation2/meshes/wpb_home
-- Up-to-date: /home/yy/factory_ws/install/wpr_simulation2/share/wpr_simulation2/meshes/wpb_home/forearm.dae
-- Up-to-date: /home/yy/factory_ws/install/wpr_simulation2/share/wpr_simulation2/meshes/wpb_home/wpb_home_std.dae
-- Up-to-date: /home/yy/factory_ws/install/wpr_simulation2/share/wpr_simulation2/meshes/wpb_home/wpb_home_mani.dae
-- Up-to-date: /home/yy/factory_ws/install/wpr_simulation2/share/wpr_simulation2/meshes/bottle.stl
-- Up-to-date: /home/yy/factory_ws/install/wpr_simulation2/share/wpr_simulation2/meshes/chair
-- Up-to-date: /home/yy/factory_ws/install/wpr_simulation2/share/wpr_simulation2/meshes/chair/Wood_Cherry_Original.jpg
-- Up-to-date: /home/yy/factory_ws/install/wpr_simulation2/share/wpr_simulation2/meshes/tea_table.dae
-- Up-to-date: /home/yy/factory_ws/install/wpr_simulation2/share/wpr_simulation2/meshes/wpv3
-- Up-to-date: /home/yy/factory_ws/install/wpr_simulation2/share/wpr_simulation2/meshes/wpv3/wpv3.dae
-- Up-to-date: /home/yy/factory_ws/install/wpr_simulation2/share/wpr_simulation2/meshes/bed
-- Up-to-date: /home/yy/factory_ws/install/wpr_simulation2/share/wpr_simulation2/meshes/bed/Carpet_Pattern_Squares_Multi.jpg
-- Up-to-date: /home/yy/factory_ws/install/wpr_simulation2/share/wpr_simulation2/meshes/bed/Wood_Bamboo.jpg
-- Up-to-date: /home/yy/factory_ws/install/wpr_simulation2/share/wpr_simulation2/meshes/man_1
-- Up-to-date: /home/yy/factory_ws/install/wpr_simulation2/share/wpr_simulation2/meshes/man_1/man_1.dae
-- Up-to-date: /home/yy/factory_ws/install/wpr_simulation2/share/wpr_simulation2/meshes/man_1/color.png
-- Up-to-date: /home/yy/factory_ws/install/wpr_simulation2/share/wpr_simulation2/meshes/chair.dae
-- Up-to-date: /home/yy/factory_ws/install/wpr_simulation2/share/wpr_simulation2/meshes/table.dae
-- Up-to-date: /home/yy/factory_ws/install/wpr_simulation2/share/wpr_simulation2/meshes/cupboard.dae
-- Up-to-date: /home/yy/factory_ws/install/wpr_simulation2/share/wpr_simulation2/meshes/tea_table
-- Up-to-date: /home/yy/factory_ws/install/wpr_simulation2/share/wpr_simulation2/meshes/tea_table/Wood_Cherry_Original.jpg
-- Up-to-date: /home/yy/factory_ws/install/wpr_simulation2/share/wpr_simulation2/meshes/sofa
-- Up-to-date: /home/yy/factory_ws/install/wpr_simulation2/share/wpr_simulation2/meshes/sofa/Carpet_Loop_Pattern.jpg
-- Up-to-date: /home/yy/factory_ws/install/wpr_simulation2/share/wpr_simulation2/meshes/cupboard
-- Up-to-date: /home/yy/factory_ws/install/wpr_simulation2/share/wpr_simulation2/meshes/cupboard/Wood_Veneer_02.jpg
-- Up-to-date: /home/yy/factory_ws/install/wpr_simulation2/share/wpr_simulation2/meshes/table
-- Up-to-date: /home/yy/factory_ws/install/wpr_simulation2/share/wpr_simulation2/meshes/table/Wood_Cherry_Original.jpg
-- Up-to-date: /home/yy/factory_ws/install/wpr_simulation2/share/wpr_simulation2/meshes/wpr1
-- Up-to-date: /home/yy/factory_ws/install/wpr_simulation2/share/wpr_simulation2/meshes/wpr1/palm.dae
-- Up-to-date: /home/yy/factory_ws/install/wpr_simulation2/share/wpr_simulation2/meshes/wpr1/upperarm.dae
-- Up-to-date: /home/yy/factory_ws/install/wpr_simulation2/share/wpr_simulation2/meshes/wpr1/fingertip.dae
-- Up-to-date: /home/yy/factory_ws/install/wpr_simulation2/share/wpr_simulation2/meshes/wpr1/base.dae
-- Up-to-date: /home/yy/factory_ws/install/wpr_simulation2/share/wpr_simulation2/meshes/wpr1/finger.dae
-- Up-to-date: /home/yy/factory_ws/install/wpr_simulation2/share/wpr_simulation2/meshes/wpr1/forearm.dae
-- Up-to-date: /home/yy/factory_ws/install/wpr_simulation2/share/wpr_simulation2/meshes/wpr1/torso.dae
-- Up-to-date: /home/yy/factory_ws/install/wpr_simulation2/share/wpr_simulation2/meshes/bed.dae
-- Up-to-date: /home/yy/factory_ws/install/wpr_simulation2/share/wpr_simulation2/meshes/bookshelft
-- Up-to-date: /home/yy/factory_ws/install/wpr_simulation2/share/wpr_simulation2/meshes/bookshelft/Wood_Veneer_02.jpg
-- Up-to-date: /home/yy/factory_ws/install/wpr_simulation2/share/wpr_simulation2/rviz
-- Up-to-date: /home/yy/factory_ws/install/wpr_simulation2/share/wpr_simulation2/rviz/slam.rviz
-- Up-to-date: /home/yy/factory_ws/install/wpr_simulation2/share/wpr_simulation2/rviz/navi.rviz
-- Up-to-date: /home/yy/factory_ws/install/wpr_simulation2/share/wpr_simulation2/rviz/sensor.rviz
-- Up-to-date: /home/yy/factory_ws/install/wpr_simulation2/share/wpr_simulation2/rviz/navi_3d.rviz
-- Up-to-date: /home/yy/factory_ws/install/wpr_simulation2/share/wpr_simulation2/rviz/objects.rviz
-- Up-to-date: /home/yy/factory_ws/install/wpr_simulation2/share/wpr_simulation2/rviz/pointcloud.rviz
-- Up-to-date: /home/yy/factory_ws/install/wpr_simulation2/share/wpr_simulation2/rviz/fetch.rviz
-- Up-to-date: /home/yy/factory_ws/install/wpr_simulation2/share/wpr_simulation2/src
-- Up-to-date: /home/yy/factory_ws/install/wpr_simulation2/share/wpr_simulation2/src/face_detector.py
-- Up-to-date: /home/yy/factory_ws/install/wpr_simulation2/share/wpr_simulation2/src/grab_object_sim.cpp
-- Up-to-date: /home/yy/factory_ws/install/wpr_simulation2/share/wpr_simulation2/src/ball_random_move.cpp
-- Up-to-date: /home/yy/factory_ws/install/wpr_simulation2/share/wpr_simulation2/src/wpb_home_mani_sim.cpp
-- Up-to-date: /home/yy/factory_ws/install/wpr_simulation2/share/wpr_simulation2/src/objects_publisher.cpp
-- Up-to-date: /home/yy/factory_ws/install/wpr_simulation2/share/wpr_simulation2/src/keyboard_vel_cmd.cpp
-- Up-to-date: /home/yy/factory_ws/install/wpr_simulation2/share/wpr_simulation2/msg
-- Up-to-date: /home/yy/factory_ws/install/wpr_simulation2/share/wpr_simulation2/msg/Object.msg
-- Up-to-date: /home/yy/factory_ws/install/wpr_simulation2/share/wpr_simulation2/maps
-- Up-to-date: /home/yy/factory_ws/install/wpr_simulation2/share/wpr_simulation2/maps/map.yaml
-- Up-to-date: /home/yy/factory_ws/install/wpr_simulation2/share/wpr_simulation2/maps/map.pgm
-- Up-to-date: /home/yy/factory_ws/install/wpr_simulation2/share/wpr_simulation2/maps/.gitignore
-- Up-to-date: /home/yy/factory_ws/install/wpr_simulation2/lib/wpr_simulation2/face_detector.py
-- Up-to-date: /home/yy/factory_ws/install/wpr_simulation2/lib/wpr_simulation2/wpb_home_mani_sim
-- Up-to-date: /home/yy/factory_ws/install/wpr_simulation2/lib/wpr_simulation2/keyboard_vel_cmd
-- Up-to-date: /home/yy/factory_ws/install/wpr_simulation2/lib/wpr_simulation2/ball_random_move
-- Up-to-date: /home/yy/factory_ws/install/wpr_simulation2/lib/wpr_simulation2/objects_publisher
-- Up-to-date: /home/yy/factory_ws/install/wpr_simulation2/lib/wpr_simulation2/grab_object_sim
-- Up-to-date: /home/yy/factory_ws/install/wpr_simulation2/lib/wpr_simulation2/3_publisher_node
-- Up-to-date: /home/yy/factory_ws/install/wpr_simulation2/lib/wpr_simulation2/3_subscriber_node
-- Up-to-date: /home/yy/factory_ws/install/wpr_simulation2/lib/wpr_simulation2/4_velocity_command
-- Up-to-date: /home/yy/factory_ws/install/wpr_simulation2/lib/wpr_simulation2/5_lidar_data
-- Up-to-date: /home/yy/factory_ws/install/wpr_simulation2/lib/wpr_simulation2/5_lidar_behavior
-- Up-to-date: /home/yy/factory_ws/install/wpr_simulation2/lib/wpr_simulation2/6_imu_data
-- Up-to-date: /home/yy/factory_ws/install/wpr_simulation2/lib/wpr_simulation2/6_imu_behavior
-- Up-to-date: /home/yy/factory_ws/install/wpr_simulation2/lib/wpr_simulation2/8_waypoint_navigation
-- Up-to-date: /home/yy/factory_ws/install/wpr_simulation2/lib/wpr_simulation2/9_cv_image
-- Up-to-date: /home/yy/factory_ws/install/wpr_simulation2/lib/wpr_simulation2/9_cv_hsv
-- Up-to-date: /home/yy/factory_ws/install/wpr_simulation2/lib/wpr_simulation2/9_cv_follow
-- Up-to-date: /home/yy/factory_ws/install/wpr_simulation2/lib/wpr_simulation2/9_cv_face_detect
-- Up-to-date: /home/yy/factory_ws/install/wpr_simulation2/lib/wpr_simulation2/10_pc_data
-- Up-to-date: /home/yy/factory_ws/install/wpr_simulation2/lib/wpr_simulation2/10_pc_objects
-- Up-to-date: /home/yy/factory_ws/install/wpr_simulation2/lib/wpr_simulation2/11_mani_ctrl
-- Up-to-date: /home/yy/factory_ws/install/wpr_simulation2/lib/wpr_simulation2/11_grab_object
-- Up-to-date: /home/yy/factory_ws/install/wpr_simulation2/lib/wpr_simulation2/12_fetch
-- Up-to-date: /home/yy/factory_ws/install/wpr_simulation2/lib/wpr_simulation2/demo_nav2_client
-- Up-to-date: /home/yy/factory_ws/install/wpr_simulation2/share/ament_index/resource_index/package_run_dependencies/wpr_simulation2
-- Up-to-date: /home/yy/factory_ws/install/wpr_simulation2/share/ament_index/resource_index/parent_prefix_path/wpr_simulation2
-- Up-to-date: /home/yy/factory_ws/install/wpr_simulation2/share/wpr_simulation2/environment/ament_prefix_path.sh
-- Up-to-date: /home/yy/factory_ws/install/wpr_simulation2/share/wpr_simulation2/environment/ament_prefix_path.dsv
-- Up-to-date: /home/yy/factory_ws/install/wpr_simulation2/share/wpr_simulation2/environment/path.sh
-- Up-to-date: /home/yy/factory_ws/install/wpr_simulation2/share/wpr_simulation2/environment/path.dsv
-- Up-to-date: /home/yy/factory_ws/install/wpr_simulation2/share/wpr_simulation2/local_setup.bash
-- Up-to-date: /home/yy/factory_ws/install/wpr_simulation2/share/wpr_simulation2/local_setup.sh
-- Up-to-date: /home/yy/factory_ws/install/wpr_simulation2/share/wpr_simulation2/local_setup.zsh
-- Up-to-date: /home/yy/factory_ws/install/wpr_simulation2/share/wpr_simulation2/local_setup.dsv
-- Installing: /home/yy/factory_ws/install/wpr_simulation2/share/wpr_simulation2/package.dsv
-- Up-to-date: /home/yy/factory_ws/install/wpr_simulation2/share/ament_index/resource_index/packages/wpr_simulation2
-- Up-to-date: /home/yy/factory_ws/install/wpr_simulation2/share/wpr_simulation2/cmake/export_wpr_simulation2__rosidl_generator_cExport.cmake
-- Up-to-date: /home/yy/factory_ws/install/wpr_simulation2/share/wpr_simulation2/cmake/export_wpr_simulation2__rosidl_generator_cExport-noconfig.cmake
-- Up-to-date: /home/yy/factory_ws/install/wpr_simulation2/share/wpr_simulation2/cmake/export_wpr_simulation2__rosidl_typesupport_fastrtps_cExport.cmake
-- Up-to-date: /home/yy/factory_ws/install/wpr_simulation2/share/wpr_simulation2/cmake/export_wpr_simulation2__rosidl_typesupport_fastrtps_cExport-noconfig.cmake
-- Up-to-date: /home/yy/factory_ws/install/wpr_simulation2/share/wpr_simulation2/cmake/export_wpr_simulation2__rosidl_generator_cppExport.cmake
-- Up-to-date: /home/yy/factory_ws/install/wpr_simulation2/share/wpr_simulation2/cmake/export_wpr_simulation2__rosidl_typesupport_fastrtps_cppExport.cmake
-- Up-to-date: /home/yy/factory_ws/install/wpr_simulation2/share/wpr_simulation2/cmake/export_wpr_simulation2__rosidl_typesupport_fastrtps_cppExport-noconfig.cmake
-- Up-to-date: /home/yy/factory_ws/install/wpr_simulation2/share/wpr_simulation2/cmake/wpr_simulation2__rosidl_typesupport_introspection_cExport.cmake
-- Up-to-date: /home/yy/factory_ws/install/wpr_simulation2/share/wpr_simulation2/cmake/wpr_simulation2__rosidl_typesupport_introspection_cExport-noconfig.cmake
-- Up-to-date: /home/yy/factory_ws/install/wpr_simulation2/share/wpr_simulation2/cmake/wpr_simulation2__rosidl_typesupport_cExport.cmake
-- Up-to-date: /home/yy/factory_ws/install/wpr_simulation2/share/wpr_simulation2/cmake/wpr_simulation2__rosidl_typesupport_cExport-noconfig.cmake
-- Up-to-date: /home/yy/factory_ws/install/wpr_simulation2/share/wpr_simulation2/cmake/wpr_simulation2__rosidl_typesupport_introspection_cppExport.cmake
-- Up-to-date: /home/yy/factory_ws/install/wpr_simulation2/share/wpr_simulation2/cmake/wpr_simulation2__rosidl_typesupport_introspection_cppExport-noconfig.cmake
-- Up-to-date: /home/yy/factory_ws/install/wpr_simulation2/share/wpr_simulation2/cmake/wpr_simulation2__rosidl_typesupport_cppExport.cmake
-- Up-to-date: /home/yy/factory_ws/install/wpr_simulation2/share/wpr_simulation2/cmake/wpr_simulation2__rosidl_typesupport_cppExport-noconfig.cmake
-- Up-to-date: /home/yy/factory_ws/install/wpr_simulation2/share/wpr_simulation2/cmake/export_wpr_simulation2__rosidl_generator_pyExport.cmake
-- Up-to-date: /home/yy/factory_ws/install/wpr_simulation2/share/wpr_simulation2/cmake/export_wpr_simulation2__rosidl_generator_pyExport-noconfig.cmake
-- Up-to-date: /home/yy/factory_ws/install/wpr_simulation2/share/wpr_simulation2/cmake/rosidl_cmake-extras.cmake
-- Up-to-date: /home/yy/factory_ws/install/wpr_simulation2/share/wpr_simulation2/cmake/ament_cmake_export_dependencies-extras.cmake
-- Up-to-date: /home/yy/factory_ws/install/wpr_simulation2/share/wpr_simulation2/cmake/ament_cmake_export_include_directories-extras.cmake
-- Up-to-date: /home/yy/factory_ws/install/wpr_simulation2/share/wpr_simulation2/cmake/ament_cmake_export_libraries-extras.cmake
-- Up-to-date: /home/yy/factory_ws/install/wpr_simulation2/share/wpr_simulation2/cmake/ament_cmake_export_targets-extras.cmake
-- Up-to-date: /home/yy/factory_ws/install/wpr_simulation2/share/wpr_simulation2/cmake/rosidl_cmake_export_typesupport_targets-extras.cmake
-- Up-to-date: /home/yy/factory_ws/install/wpr_simulation2/share/wpr_simulation2/cmake/rosidl_cmake_export_typesupport_libraries-extras.cmake
-- Up-to-date: /home/yy/factory_ws/install/wpr_simulation2/share/wpr_simulation2/cmake/wpr_simulation2Config.cmake
-- Up-to-date: /home/yy/factory_ws/install/wpr_simulation2/share/wpr_simulation2/cmake/wpr_simulation2Config-version.cmake
-- Up-to-date: /home/yy/factory_ws/install/wpr_simulation2/share/wpr_simulation2/package.xml
