[0.006s] Invoking command in '/home/yy/factory_ws/build/wpr_simulation2': CMAKE_PREFIX_PATH=${CMAKE_PREFIX_PATH}:/opt/ros/humble /usr/bin/cmake --build /home/yy/factory_ws/build/wpr_simulation2 -- -j20 -l20
[0.055s] [  0%] Built target ament_cmake_python_copy_wpr_simulation2
[0.055s] [  5%] [32mBuilding CXX object CMakeFiles/keyboard_vel_cmd.dir/src/keyboard_vel_cmd.cpp.o[0m
[0.055s] [  5%] Built target wpb_home_mani_sim
[0.055s] [  6%] Built target 3_my_node
[0.055s] [  7%] Built target wpr_simulation2__cpp
[0.055s] [ 11%] Built target wpr_simulation2__rosidl_generator_c
[0.059s] [ 13%] Built target 3_publisher_node
[0.059s] [ 16%] Built target ball_random_move
[0.059s] [ 18%] Built target 9_cv_image
[0.059s] [ 21%] Built target 6_imu_data
[0.059s] [ 29%] Built target 5_lidar_data
[0.059s] [ 29%] Built target 4_velocity_command
[0.059s] [ 29%] Built target 5_lidar_behavior
[0.059s] [ 31%] Built target 9_cv_follow
[0.059s] [ 34%] Built target 9_cv_hsv
[0.059s] [ 39%] Built target 8_waypoint_navigation
[0.059s] [ 39%] Built target 3_subscriber_node
[0.059s] [ 41%] Built target 6_imu_behavior
[0.061s] [ 44%] Built target 9_cv_face_detect
[0.069s] [ 46%] Built target 10_pc_data
[0.072s] [ 56%] Built target wpr_simulation2__rosidl_typesupport_cpp
[0.072s] [ 58%] Built target wpr_simulation2__rosidl_typesupport_fastrtps_c
[0.072s] [ 56%] Built target wpr_simulation2__rosidl_typesupport_fastrtps_cpp
[0.073s] [ 62%] Built target wpr_simulation2__rosidl_typesupport_introspection_cpp
[0.074s] [ 65%] Built target wpr_simulation2__rosidl_typesupport_c
[0.074s] [ 68%] Built target 11_mani_ctrl
[0.074s] [ 72%] Built target wpr_simulation2__rosidl_typesupport_introspection_c
[0.075s] [ 74%] Built target demo_nav2_client
[0.076s] [ 77%] Built target 12_fetch
[0.082s] [ 79%] Built target 10_pc_objects
[0.087s] [ 79%] Built target wpr_simulation2
[0.090s] [ 82%] Built target grab_object_sim
[0.091s] [ 84%] Built target 11_grab_object
[0.099s] [ 87%] Built target objects_publisher
[0.099s] [ 88%] Built target wpr_simulation2__py
[0.115s] [ 91%] Built target wpr_simulation2__rosidl_generator_py
[0.132s] [ 93%] Built target wpr_simulation2__rosidl_typesupport_c__pyext
[0.134s] [ 98%] Built target wpr_simulation2__rosidl_typesupport_fastrtps_c__pyext
[0.134s] [ 98%] Built target wpr_simulation2__rosidl_typesupport_introspection_c__pyext
[0.182s] running egg_info
[0.182s] writing wpr_simulation2.egg-info/PKG-INFO
[0.183s] writing dependency_links to wpr_simulation2.egg-info/dependency_links.txt
[0.183s] writing top-level names to wpr_simulation2.egg-info/top_level.txt
[0.184s] reading manifest file 'wpr_simulation2.egg-info/SOURCES.txt'
[0.184s] writing manifest file 'wpr_simulation2.egg-info/SOURCES.txt'
[0.199s] [ 98%] Built target ament_cmake_python_build_wpr_simulation2_egg
[2.166s] [100%] [32m[1mLinking CXX executable keyboard_vel_cmd[0m
[2.264s] [100%] Built target keyboard_vel_cmd
[2.272s] Invoked command in '/home/yy/factory_ws/build/wpr_simulation2' returned '0': CMAKE_PREFIX_PATH=${CMAKE_PREFIX_PATH}:/opt/ros/humble /usr/bin/cmake --build /home/yy/factory_ws/build/wpr_simulation2 -- -j20 -l20
[2.273s] Invoking command in '/home/yy/factory_ws/build/wpr_simulation2': CMAKE_PREFIX_PATH=${CMAKE_PREFIX_PATH}:/opt/ros/humble /usr/bin/cmake --install /home/yy/factory_ws/build/wpr_simulation2
[2.278s] -- Install configuration: ""
[2.278s] -- Up-to-date: /home/yy/factory_ws/install/wpr_simulation2/share/ament_index/resource_index/rosidl_interfaces/wpr_simulation2
[2.279s] -- Up-to-date: /home/yy/factory_ws/install/wpr_simulation2/include/wpr_simulation2/wpr_simulation2
[2.279s] -- Up-to-date: /home/yy/factory_ws/install/wpr_simulation2/include/wpr_simulation2/wpr_simulation2/msg
[2.279s] -- Up-to-date: /home/yy/factory_ws/install/wpr_simulation2/include/wpr_simulation2/wpr_simulation2/msg/object.h
[2.279s] -- Up-to-date: /home/yy/factory_ws/install/wpr_simulation2/include/wpr_simulation2/wpr_simulation2/msg/detail
[2.279s] -- Up-to-date: /home/yy/factory_ws/install/wpr_simulation2/include/wpr_simulation2/wpr_simulation2/msg/detail/object__type_support.h
[2.279s] -- Up-to-date: /home/yy/factory_ws/install/wpr_simulation2/include/wpr_simulation2/wpr_simulation2/msg/detail/object__functions.c
[2.279s] -- Up-to-date: /home/yy/factory_ws/install/wpr_simulation2/include/wpr_simulation2/wpr_simulation2/msg/detail/object__struct.h
[2.279s] -- Up-to-date: /home/yy/factory_ws/install/wpr_simulation2/include/wpr_simulation2/wpr_simulation2/msg/detail/object__functions.h
[2.279s] -- Up-to-date: /home/yy/factory_ws/install/wpr_simulation2/include/wpr_simulation2/wpr_simulation2/msg/rosidl_generator_c__visibility_control.h
[2.279s] -- Up-to-date: /home/yy/factory_ws/install/wpr_simulation2/share/wpr_simulation2/environment/library_path.sh
[2.279s] -- Up-to-date: /home/yy/factory_ws/install/wpr_simulation2/share/wpr_simulation2/environment/library_path.dsv
[2.279s] -- Up-to-date: /home/yy/factory_ws/install/wpr_simulation2/lib/libwpr_simulation2__rosidl_generator_c.so
[2.279s] -- Up-to-date: /home/yy/factory_ws/install/wpr_simulation2/include/wpr_simulation2/wpr_simulation2
[2.279s] -- Up-to-date: /home/yy/factory_ws/install/wpr_simulation2/include/wpr_simulation2/wpr_simulation2/msg
[2.279s] -- Up-to-date: /home/yy/factory_ws/install/wpr_simulation2/include/wpr_simulation2/wpr_simulation2/msg/detail
[2.280s] -- Up-to-date: /home/yy/factory_ws/install/wpr_simulation2/include/wpr_simulation2/wpr_simulation2/msg/detail/object__rosidl_typesupport_fastrtps_c.h
[2.280s] -- Up-to-date: /home/yy/factory_ws/install/wpr_simulation2/include/wpr_simulation2/wpr_simulation2/msg/rosidl_typesupport_fastrtps_c__visibility_control.h
[2.280s] -- Up-to-date: /home/yy/factory_ws/install/wpr_simulation2/lib/libwpr_simulation2__rosidl_typesupport_fastrtps_c.so
[2.280s] -- Up-to-date: /home/yy/factory_ws/install/wpr_simulation2/include/wpr_simulation2/wpr_simulation2
[2.280s] -- Up-to-date: /home/yy/factory_ws/install/wpr_simulation2/include/wpr_simulation2/wpr_simulation2/msg
[2.280s] -- Up-to-date: /home/yy/factory_ws/install/wpr_simulation2/include/wpr_simulation2/wpr_simulation2/msg/detail
[2.280s] -- Up-to-date: /home/yy/factory_ws/install/wpr_simulation2/include/wpr_simulation2/wpr_simulation2/msg/detail/object__builder.hpp
[2.280s] -- Up-to-date: /home/yy/factory_ws/install/wpr_simulation2/include/wpr_simulation2/wpr_simulation2/msg/detail/object__type_support.hpp
[2.280s] -- Up-to-date: /home/yy/factory_ws/install/wpr_simulation2/include/wpr_simulation2/wpr_simulation2/msg/detail/object__traits.hpp
[2.280s] -- Up-to-date: /home/yy/factory_ws/install/wpr_simulation2/include/wpr_simulation2/wpr_simulation2/msg/detail/object__struct.hpp
[2.280s] -- Up-to-date: /home/yy/factory_ws/install/wpr_simulation2/include/wpr_simulation2/wpr_simulation2/msg/rosidl_generator_cpp__visibility_control.hpp
[2.280s] -- Up-to-date: /home/yy/factory_ws/install/wpr_simulation2/include/wpr_simulation2/wpr_simulation2/msg/object.hpp
[2.280s] -- Up-to-date: /home/yy/factory_ws/install/wpr_simulation2/include/wpr_simulation2/wpr_simulation2
[2.280s] -- Up-to-date: /home/yy/factory_ws/install/wpr_simulation2/include/wpr_simulation2/wpr_simulation2/msg
[2.280s] -- Up-to-date: /home/yy/factory_ws/install/wpr_simulation2/include/wpr_simulation2/wpr_simulation2/msg/detail
[2.280s] -- Up-to-date: /home/yy/factory_ws/install/wpr_simulation2/include/wpr_simulation2/wpr_simulation2/msg/detail/dds_fastrtps
[2.280s] -- Up-to-date: /home/yy/factory_ws/install/wpr_simulation2/include/wpr_simulation2/wpr_simulation2/msg/detail/object__rosidl_typesupport_fastrtps_cpp.hpp
[2.280s] -- Up-to-date: /home/yy/factory_ws/install/wpr_simulation2/include/wpr_simulation2/wpr_simulation2/msg/rosidl_typesupport_fastrtps_cpp__visibility_control.h
[2.281s] -- Up-to-date: /home/yy/factory_ws/install/wpr_simulation2/lib/libwpr_simulation2__rosidl_typesupport_fastrtps_cpp.so
[2.281s] -- Up-to-date: /home/yy/factory_ws/install/wpr_simulation2/include/wpr_simulation2/wpr_simulation2
[2.281s] -- Up-to-date: /home/yy/factory_ws/install/wpr_simulation2/include/wpr_simulation2/wpr_simulation2/msg
[2.281s] -- Up-to-date: /home/yy/factory_ws/install/wpr_simulation2/include/wpr_simulation2/wpr_simulation2/msg/detail
[2.281s] -- Up-to-date: /home/yy/factory_ws/install/wpr_simulation2/include/wpr_simulation2/wpr_simulation2/msg/detail/object__rosidl_typesupport_introspection_c.h
[2.281s] -- Up-to-date: /home/yy/factory_ws/install/wpr_simulation2/include/wpr_simulation2/wpr_simulation2/msg/detail/object__type_support.c
[2.281s] -- Up-to-date: /home/yy/factory_ws/install/wpr_simulation2/include/wpr_simulation2/wpr_simulation2/msg/rosidl_typesupport_introspection_c__visibility_control.h
[2.281s] -- Up-to-date: /home/yy/factory_ws/install/wpr_simulation2/lib/libwpr_simulation2__rosidl_typesupport_introspection_c.so
[2.281s] -- Up-to-date: /home/yy/factory_ws/install/wpr_simulation2/lib/libwpr_simulation2__rosidl_typesupport_c.so
[2.281s] -- Up-to-date: /home/yy/factory_ws/install/wpr_simulation2/include/wpr_simulation2/wpr_simulation2
[2.281s] -- Up-to-date: /home/yy/factory_ws/install/wpr_simulation2/include/wpr_simulation2/wpr_simulation2/msg
[2.281s] -- Up-to-date: /home/yy/factory_ws/install/wpr_simulation2/include/wpr_simulation2/wpr_simulation2/msg/detail
[2.281s] -- Up-to-date: /home/yy/factory_ws/install/wpr_simulation2/include/wpr_simulation2/wpr_simulation2/msg/detail/object__type_support.cpp
[2.281s] -- Up-to-date: /home/yy/factory_ws/install/wpr_simulation2/include/wpr_simulation2/wpr_simulation2/msg/detail/object__rosidl_typesupport_introspection_cpp.hpp
[2.281s] -- Up-to-date: /home/yy/factory_ws/install/wpr_simulation2/lib/libwpr_simulation2__rosidl_typesupport_introspection_cpp.so
[2.281s] -- Up-to-date: /home/yy/factory_ws/install/wpr_simulation2/lib/libwpr_simulation2__rosidl_typesupport_cpp.so
[2.281s] -- Up-to-date: /home/yy/factory_ws/install/wpr_simulation2/share/wpr_simulation2/environment/pythonpath.sh
[2.281s] -- Up-to-date: /home/yy/factory_ws/install/wpr_simulation2/share/wpr_simulation2/environment/pythonpath.dsv
[2.281s] -- Up-to-date: /home/yy/factory_ws/install/wpr_simulation2/local/lib/python3.10/dist-packages/wpr_simulation2-1.0.0-py3.10.egg-info
[2.281s] -- Installing: /home/yy/factory_ws/install/wpr_simulation2/local/lib/python3.10/dist-packages/wpr_simulation2-1.0.0-py3.10.egg-info/SOURCES.txt
[2.281s] -- Installing: /home/yy/factory_ws/install/wpr_simulation2/local/lib/python3.10/dist-packages/wpr_simulation2-1.0.0-py3.10.egg-info/top_level.txt
[2.281s] -- Installing: /home/yy/factory_ws/install/wpr_simulation2/local/lib/python3.10/dist-packages/wpr_simulation2-1.0.0-py3.10.egg-info/PKG-INFO
[2.282s] -- Installing: /home/yy/factory_ws/install/wpr_simulation2/local/lib/python3.10/dist-packages/wpr_simulation2-1.0.0-py3.10.egg-info/dependency_links.txt
[2.282s] -- Up-to-date: /home/yy/factory_ws/install/wpr_simulation2/local/lib/python3.10/dist-packages/wpr_simulation2
[2.282s] -- Up-to-date: /home/yy/factory_ws/install/wpr_simulation2/local/lib/python3.10/dist-packages/wpr_simulation2/wpr_simulation2_s__rosidl_typesupport_c.cpython-310-x86_64-linux-gnu.so
[2.282s] -- Up-to-date: /home/yy/factory_ws/install/wpr_simulation2/local/lib/python3.10/dist-packages/wpr_simulation2/_wpr_simulation2_s.ep.rosidl_typesupport_introspection_c.c
[2.282s] -- Up-to-date: /home/yy/factory_ws/install/wpr_simulation2/local/lib/python3.10/dist-packages/wpr_simulation2/wpr_simulation2_s__rosidl_typesupport_fastrtps_c.cpython-310-x86_64-linux-gnu.so
[2.282s] -- Up-to-date: /home/yy/factory_ws/install/wpr_simulation2/local/lib/python3.10/dist-packages/wpr_simulation2/wpr_simulation2_s__rosidl_typesupport_introspection_c.cpython-310-x86_64-linux-gnu.so
[2.282s] -- Up-to-date: /home/yy/factory_ws/install/wpr_simulation2/local/lib/python3.10/dist-packages/wpr_simulation2/__init__.py
[2.282s] -- Up-to-date: /home/yy/factory_ws/install/wpr_simulation2/local/lib/python3.10/dist-packages/wpr_simulation2/_wpr_simulation2_s.ep.rosidl_typesupport_fastrtps_c.c
[2.282s] -- Up-to-date: /home/yy/factory_ws/install/wpr_simulation2/local/lib/python3.10/dist-packages/wpr_simulation2/msg
[2.282s] -- Up-to-date: /home/yy/factory_ws/install/wpr_simulation2/local/lib/python3.10/dist-packages/wpr_simulation2/msg/_object_s.c
[2.282s] -- Up-to-date: /home/yy/factory_ws/install/wpr_simulation2/local/lib/python3.10/dist-packages/wpr_simulation2/msg/_object.py
[2.282s] -- Up-to-date: /home/yy/factory_ws/install/wpr_simulation2/local/lib/python3.10/dist-packages/wpr_simulation2/msg/__init__.py
[2.282s] -- Up-to-date: /home/yy/factory_ws/install/wpr_simulation2/local/lib/python3.10/dist-packages/wpr_simulation2/libwpr_simulation2__rosidl_generator_py.so
[2.282s] -- Up-to-date: /home/yy/factory_ws/install/wpr_simulation2/local/lib/python3.10/dist-packages/wpr_simulation2/_wpr_simulation2_s.ep.rosidl_typesupport_c.c
[2.298s] Listing '/home/yy/factory_ws/install/wpr_simulation2/local/lib/python3.10/dist-packages/wpr_simulation2'...
[2.298s] Listing '/home/yy/factory_ws/install/wpr_simulation2/local/lib/python3.10/dist-packages/wpr_simulation2/msg'...
[2.300s] -- Up-to-date: /home/yy/factory_ws/install/wpr_simulation2/local/lib/python3.10/dist-packages/wpr_simulation2/wpr_simulation2_s__rosidl_typesupport_fastrtps_c.cpython-310-x86_64-linux-gnu.so
[2.300s] -- Up-to-date: /home/yy/factory_ws/install/wpr_simulation2/local/lib/python3.10/dist-packages/wpr_simulation2/wpr_simulation2_s__rosidl_typesupport_introspection_c.cpython-310-x86_64-linux-gnu.so
[2.300s] -- Up-to-date: /home/yy/factory_ws/install/wpr_simulation2/local/lib/python3.10/dist-packages/wpr_simulation2/wpr_simulation2_s__rosidl_typesupport_c.cpython-310-x86_64-linux-gnu.so
[2.301s] -- Up-to-date: /home/yy/factory_ws/install/wpr_simulation2/lib/libwpr_simulation2__rosidl_generator_py.so
[2.301s] -- Up-to-date: /home/yy/factory_ws/install/wpr_simulation2/share/wpr_simulation2/msg/Object.idl
[2.301s] -- Up-to-date: /home/yy/factory_ws/install/wpr_simulation2/share/wpr_simulation2/msg/Object.msg
[2.301s] -- Up-to-date: /home/yy/factory_ws/install/wpr_simulation2/share/wpr_simulation2/config
[2.301s] -- Up-to-date: /home/yy/factory_ws/install/wpr_simulation2/share/wpr_simulation2/config/nav2_params.yaml
[2.301s] -- Up-to-date: /home/yy/factory_ws/install/wpr_simulation2/share/wpr_simulation2/config/wpb_home_controller.yaml
[2.301s] -- Up-to-date: /home/yy/factory_ws/install/wpr_simulation2/share/wpr_simulation2/launch
[2.301s] -- Up-to-date: /home/yy/factory_ws/install/wpr_simulation2/share/wpr_simulation2/launch/spawn_persons.launch.py
[2.301s] -- Up-to-date: /home/yy/factory_ws/install/wpr_simulation2/share/wpr_simulation2/launch/demo_mani_ctrl.launch.py
[2.301s] -- Up-to-date: /home/yy/factory_ws/install/wpr_simulation2/share/wpr_simulation2/launch/wpb_table.launch.py
[2.301s] -- Up-to-date: /home/yy/factory_ws/install/wpr_simulation2/share/wpr_simulation2/launch/spawn_wpb_head_up.launch.py
[2.301s] -- Up-to-date: /home/yy/factory_ws/install/wpr_simulation2/share/wpr_simulation2/launch/wpb_simple.launch.py
[2.301s] -- Up-to-date: /home/yy/factory_ws/install/wpr_simulation2/share/wpr_simulation2/launch/wpb_balls.launch.py
[2.301s] -- Up-to-date: /home/yy/factory_ws/install/wpr_simulation2/share/wpr_simulation2/launch/robocup_home_mani.launch.py
[2.301s] -- Up-to-date: /home/yy/factory_ws/install/wpr_simulation2/share/wpr_simulation2/launch/wpb_mani.launch.py
[2.301s] -- Up-to-date: /home/yy/factory_ws/install/wpr_simulation2/share/wpr_simulation2/launch/robocup_home.launch.py
[2.301s] -- Up-to-date: /home/yy/factory_ws/install/wpr_simulation2/share/wpr_simulation2/launch/wpb_objects.launch.py
[2.301s] -- Up-to-date: /home/yy/factory_ws/install/wpr_simulation2/share/wpr_simulation2/launch/spawn_objects.launch.py
[2.301s] -- Up-to-date: /home/yy/factory_ws/install/wpr_simulation2/share/wpr_simulation2/launch/world.launch.py
[2.301s] -- Up-to-date: /home/yy/factory_ws/install/wpr_simulation2/share/wpr_simulation2/launch/wpb_face.launch.py
[2.301s] -- Up-to-date: /home/yy/factory_ws/install/wpr_simulation2/share/wpr_simulation2/launch/spawn_wpb.launch.py
[2.302s] -- Up-to-date: /home/yy/factory_ws/install/wpr_simulation2/share/wpr_simulation2/launch/wpb_scene_1.launch.py
[2.302s] -- Up-to-date: /home/yy/factory_ws/install/wpr_simulation2/share/wpr_simulation2/launch/navigation.launch.py
[2.302s] -- Up-to-date: /home/yy/factory_ws/install/wpr_simulation2/share/wpr_simulation2/launch/map_tools.launch.py
[2.302s] -- Up-to-date: /home/yy/factory_ws/install/wpr_simulation2/share/wpr_simulation2/launch/slam.launch.py
[2.302s] -- Up-to-date: /home/yy/factory_ws/install/wpr_simulation2/share/wpr_simulation2/launch/spawn_wpb_mani.launch.py
[2.302s] -- Up-to-date: /home/yy/factory_ws/install/wpr_simulation2/share/wpr_simulation2/launch/spawn_wpb_lidar.launch.py
[2.302s] -- Up-to-date: /home/yy/factory_ws/install/wpr_simulation2/share/wpr_simulation2/demo_launch
[2.302s] -- Up-to-date: /home/yy/factory_ws/install/wpr_simulation2/share/wpr_simulation2/demo_launch/7_slam.launch.py
[2.302s] -- Up-to-date: /home/yy/factory_ws/install/wpr_simulation2/share/wpr_simulation2/demo_launch/8_waypoint_nav.launch.py
[2.303s] -- Up-to-date: /home/yy/factory_ws/install/wpr_simulation2/share/wpr_simulation2/demo_launch/3_pub_sub.launch.yaml
[2.303s] -- Up-to-date: /home/yy/factory_ws/install/wpr_simulation2/share/wpr_simulation2/demo_launch/12_home.launch.py
[2.303s] -- Up-to-date: /home/yy/factory_ws/install/wpr_simulation2/share/wpr_simulation2/demo_launch/3_pub_sub.launch.py
[2.303s] -- Up-to-date: /home/yy/factory_ws/install/wpr_simulation2/share/wpr_simulation2/demo_launch/3_pub_sub.launch.xml
[2.303s] -- Up-to-date: /home/yy/factory_ws/install/wpr_simulation2/share/wpr_simulation2/demo_launch/8_nav.launch.py
[2.303s] -- Up-to-date: /home/yy/factory_ws/install/wpr_simulation2/share/wpr_simulation2/worlds
[2.303s] -- Up-to-date: /home/yy/factory_ws/install/wpr_simulation2/share/wpr_simulation2/worlds/wpb_pose.world
[2.303s] -- Up-to-date: /home/yy/factory_ws/install/wpr_simulation2/share/wpr_simulation2/worlds/factory.world
[2.303s] -- Up-to-date: /home/yy/factory_ws/install/wpr_simulation2/share/wpr_simulation2/worlds/light.world
[2.303s] -- Up-to-date: /home/yy/factory_ws/install/wpr_simulation2/share/wpr_simulation2/worlds/simple.world
[2.303s] -- Up-to-date: /home/yy/factory_ws/install/wpr_simulation2/share/wpr_simulation2/worlds/table.world
[2.303s] -- Up-to-date: /home/yy/factory_ws/install/wpr_simulation2/share/wpr_simulation2/worlds/wpb_simple.world
[2.303s] -- Up-to-date: /home/yy/factory_ws/install/wpr_simulation2/share/wpr_simulation2/worlds/robocup_home.world
[2.303s] -- Up-to-date: /home/yy/factory_ws/install/wpr_simulation2/share/wpr_simulation2/models
[2.303s] -- Up-to-date: /home/yy/factory_ws/install/wpr_simulation2/share/wpr_simulation2/models/sofa.model
[2.303s] -- Up-to-date: /home/yy/factory_ws/install/wpr_simulation2/share/wpr_simulation2/models/tea_table.model
[2.303s] -- Up-to-date: /home/yy/factory_ws/install/wpr_simulation2/share/wpr_simulation2/models/balls
[2.303s] -- Up-to-date: /home/yy/factory_ws/install/wpr_simulation2/share/wpr_simulation2/models/balls/green_ball.model
[2.304s] -- Up-to-date: /home/yy/factory_ws/install/wpr_simulation2/share/wpr_simulation2/models/balls/red_ball.model
[2.304s] -- Up-to-date: /home/yy/factory_ws/install/wpr_simulation2/share/wpr_simulation2/models/balls/blue_ball.model
[2.304s] -- Up-to-date: /home/yy/factory_ws/install/wpr_simulation2/share/wpr_simulation2/models/balls/orange_ball.model
[2.304s] -- Up-to-date: /home/yy/factory_ws/install/wpr_simulation2/share/wpr_simulation2/models/man_1.model
[2.304s] -- Up-to-date: /home/yy/factory_ws/install/wpr_simulation2/share/wpr_simulation2/models/chair.model
[2.304s] -- Up-to-date: /home/yy/factory_ws/install/wpr_simulation2/share/wpr_simulation2/models/bed.model
[2.304s] -- Up-to-date: /home/yy/factory_ws/install/wpr_simulation2/share/wpr_simulation2/models/cupboard.model
[2.304s] -- Up-to-date: /home/yy/factory_ws/install/wpr_simulation2/share/wpr_simulation2/models/bookshelft.model
[2.304s] -- Up-to-date: /home/yy/factory_ws/install/wpr_simulation2/share/wpr_simulation2/models/wpb_home_lidar.model
[2.304s] -- Up-to-date: /home/yy/factory_ws/install/wpr_simulation2/share/wpr_simulation2/models/table.model
[2.304s] -- Up-to-date: /home/yy/factory_ws/install/wpr_simulation2/share/wpr_simulation2/models/wpv3.model
[2.304s] -- Up-to-date: /home/yy/factory_ws/install/wpr_simulation2/share/wpr_simulation2/models/kai_standing.model
[2.304s] -- Up-to-date: /home/yy/factory_ws/install/wpr_simulation2/share/wpr_simulation2/models/woman.model
[2.304s] -- Up-to-date: /home/yy/factory_ws/install/wpr_simulation2/share/wpr_simulation2/models/wpb_home.model
[2.304s] -- Up-to-date: /home/yy/factory_ws/install/wpr_simulation2/share/wpr_simulation2/models/wpr1.model
[2.304s] -- Up-to-date: /home/yy/factory_ws/install/wpr_simulation2/share/wpr_simulation2/models/wpb_home_mani.model
[2.304s] -- Up-to-date: /home/yy/factory_ws/install/wpr_simulation2/share/wpr_simulation2/models/wpb_home_head_up.model
[2.304s] -- Up-to-date: /home/yy/factory_ws/install/wpr_simulation2/share/wpr_simulation2/models/bottles
[2.304s] -- Up-to-date: /home/yy/factory_ws/install/wpr_simulation2/share/wpr_simulation2/models/bottles/green_bottle.model
[2.305s] -- Up-to-date: /home/yy/factory_ws/install/wpr_simulation2/share/wpr_simulation2/models/bottles/red_bottle.model
[2.305s] -- Up-to-date: /home/yy/factory_ws/install/wpr_simulation2/share/wpr_simulation2/models/man_2.model
[2.305s] -- Up-to-date: /home/yy/factory_ws/install/wpr_simulation2/share/wpr_simulation2/meshes
[2.305s] -- Up-to-date: /home/yy/factory_ws/install/wpr_simulation2/share/wpr_simulation2/meshes/man_2
[2.305s] -- Up-to-date: /home/yy/factory_ws/install/wpr_simulation2/share/wpr_simulation2/meshes/man_2/man_2.dae
[2.305s] -- Up-to-date: /home/yy/factory_ws/install/wpr_simulation2/share/wpr_simulation2/meshes/man_2/color.png
[2.305s] -- Up-to-date: /home/yy/factory_ws/install/wpr_simulation2/share/wpr_simulation2/meshes/bookshelft.dae
[2.305s] -- Up-to-date: /home/yy/factory_ws/install/wpr_simulation2/share/wpr_simulation2/meshes/kai
[2.305s] -- Up-to-date: /home/yy/factory_ws/install/wpr_simulation2/share/wpr_simulation2/meshes/kai/1931_LaFeiEr_D_512.png
[2.305s] -- Up-to-date: /home/yy/factory_ws/install/wpr_simulation2/share/wpr_simulation2/meshes/kai/kai_standing.dae
[2.305s] -- Up-to-date: /home/yy/factory_ws/install/wpr_simulation2/share/wpr_simulation2/meshes/sofa.dae
[2.305s] -- Up-to-date: /home/yy/factory_ws/install/wpr_simulation2/share/wpr_simulation2/meshes/woman
[2.305s] -- Up-to-date: /home/yy/factory_ws/install/wpr_simulation2/share/wpr_simulation2/meshes/woman/woman.dae
[2.305s] -- Up-to-date: /home/yy/factory_ws/install/wpr_simulation2/share/wpr_simulation2/meshes/woman/color.png
[2.305s] -- Up-to-date: /home/yy/factory_ws/install/wpr_simulation2/share/wpr_simulation2/meshes/wpb_home
[2.305s] -- Up-to-date: /home/yy/factory_ws/install/wpr_simulation2/share/wpr_simulation2/meshes/wpb_home/forearm.dae
[2.305s] -- Up-to-date: /home/yy/factory_ws/install/wpr_simulation2/share/wpr_simulation2/meshes/wpb_home/wpb_home_std.dae
[2.305s] -- Up-to-date: /home/yy/factory_ws/install/wpr_simulation2/share/wpr_simulation2/meshes/wpb_home/wpb_home_mani.dae
[2.306s] -- Up-to-date: /home/yy/factory_ws/install/wpr_simulation2/share/wpr_simulation2/meshes/bottle.stl
[2.306s] -- Up-to-date: /home/yy/factory_ws/install/wpr_simulation2/share/wpr_simulation2/meshes/chair
[2.306s] -- Up-to-date: /home/yy/factory_ws/install/wpr_simulation2/share/wpr_simulation2/meshes/chair/Wood_Cherry_Original.jpg
[2.306s] -- Up-to-date: /home/yy/factory_ws/install/wpr_simulation2/share/wpr_simulation2/meshes/tea_table.dae
[2.306s] -- Up-to-date: /home/yy/factory_ws/install/wpr_simulation2/share/wpr_simulation2/meshes/wpv3
[2.306s] -- Up-to-date: /home/yy/factory_ws/install/wpr_simulation2/share/wpr_simulation2/meshes/wpv3/wpv3.dae
[2.306s] -- Up-to-date: /home/yy/factory_ws/install/wpr_simulation2/share/wpr_simulation2/meshes/bed
[2.306s] -- Up-to-date: /home/yy/factory_ws/install/wpr_simulation2/share/wpr_simulation2/meshes/bed/Carpet_Pattern_Squares_Multi.jpg
[2.306s] -- Up-to-date: /home/yy/factory_ws/install/wpr_simulation2/share/wpr_simulation2/meshes/bed/Wood_Bamboo.jpg
[2.306s] -- Up-to-date: /home/yy/factory_ws/install/wpr_simulation2/share/wpr_simulation2/meshes/man_1
[2.306s] -- Up-to-date: /home/yy/factory_ws/install/wpr_simulation2/share/wpr_simulation2/meshes/man_1/man_1.dae
[2.306s] -- Up-to-date: /home/yy/factory_ws/install/wpr_simulation2/share/wpr_simulation2/meshes/man_1/color.png
[2.306s] -- Up-to-date: /home/yy/factory_ws/install/wpr_simulation2/share/wpr_simulation2/meshes/chair.dae
[2.306s] -- Up-to-date: /home/yy/factory_ws/install/wpr_simulation2/share/wpr_simulation2/meshes/table.dae
[2.306s] -- Up-to-date: /home/yy/factory_ws/install/wpr_simulation2/share/wpr_simulation2/meshes/cupboard.dae
[2.306s] -- Up-to-date: /home/yy/factory_ws/install/wpr_simulation2/share/wpr_simulation2/meshes/tea_table
[2.307s] -- Up-to-date: /home/yy/factory_ws/install/wpr_simulation2/share/wpr_simulation2/meshes/tea_table/Wood_Cherry_Original.jpg
[2.307s] -- Up-to-date: /home/yy/factory_ws/install/wpr_simulation2/share/wpr_simulation2/meshes/sofa
[2.307s] -- Up-to-date: /home/yy/factory_ws/install/wpr_simulation2/share/wpr_simulation2/meshes/sofa/Carpet_Loop_Pattern.jpg
[2.307s] -- Up-to-date: /home/yy/factory_ws/install/wpr_simulation2/share/wpr_simulation2/meshes/cupboard
[2.307s] -- Up-to-date: /home/yy/factory_ws/install/wpr_simulation2/share/wpr_simulation2/meshes/cupboard/Wood_Veneer_02.jpg
[2.307s] -- Up-to-date: /home/yy/factory_ws/install/wpr_simulation2/share/wpr_simulation2/meshes/table
[2.307s] -- Up-to-date: /home/yy/factory_ws/install/wpr_simulation2/share/wpr_simulation2/meshes/table/Wood_Cherry_Original.jpg
[2.307s] -- Up-to-date: /home/yy/factory_ws/install/wpr_simulation2/share/wpr_simulation2/meshes/wpr1
[2.307s] -- Up-to-date: /home/yy/factory_ws/install/wpr_simulation2/share/wpr_simulation2/meshes/wpr1/palm.dae
[2.307s] -- Up-to-date: /home/yy/factory_ws/install/wpr_simulation2/share/wpr_simulation2/meshes/wpr1/upperarm.dae
[2.307s] -- Up-to-date: /home/yy/factory_ws/install/wpr_simulation2/share/wpr_simulation2/meshes/wpr1/fingertip.dae
[2.307s] -- Up-to-date: /home/yy/factory_ws/install/wpr_simulation2/share/wpr_simulation2/meshes/wpr1/base.dae
[2.307s] -- Up-to-date: /home/yy/factory_ws/install/wpr_simulation2/share/wpr_simulation2/meshes/wpr1/finger.dae
[2.307s] -- Up-to-date: /home/yy/factory_ws/install/wpr_simulation2/share/wpr_simulation2/meshes/wpr1/forearm.dae
[2.307s] -- Up-to-date: /home/yy/factory_ws/install/wpr_simulation2/share/wpr_simulation2/meshes/wpr1/torso.dae
[2.307s] -- Up-to-date: /home/yy/factory_ws/install/wpr_simulation2/share/wpr_simulation2/meshes/bed.dae
[2.307s] -- Up-to-date: /home/yy/factory_ws/install/wpr_simulation2/share/wpr_simulation2/meshes/bookshelft
[2.307s] -- Up-to-date: /home/yy/factory_ws/install/wpr_simulation2/share/wpr_simulation2/meshes/bookshelft/Wood_Veneer_02.jpg
[2.307s] -- Up-to-date: /home/yy/factory_ws/install/wpr_simulation2/share/wpr_simulation2/rviz
[2.307s] -- Up-to-date: /home/yy/factory_ws/install/wpr_simulation2/share/wpr_simulation2/rviz/slam.rviz
[2.307s] -- Up-to-date: /home/yy/factory_ws/install/wpr_simulation2/share/wpr_simulation2/rviz/navi.rviz
[2.307s] -- Up-to-date: /home/yy/factory_ws/install/wpr_simulation2/share/wpr_simulation2/rviz/sensor.rviz
[2.307s] -- Up-to-date: /home/yy/factory_ws/install/wpr_simulation2/share/wpr_simulation2/rviz/navi_3d.rviz
[2.308s] -- Up-to-date: /home/yy/factory_ws/install/wpr_simulation2/share/wpr_simulation2/rviz/objects.rviz
[2.308s] -- Up-to-date: /home/yy/factory_ws/install/wpr_simulation2/share/wpr_simulation2/rviz/pointcloud.rviz
[2.308s] -- Up-to-date: /home/yy/factory_ws/install/wpr_simulation2/share/wpr_simulation2/rviz/fetch.rviz
[2.308s] -- Up-to-date: /home/yy/factory_ws/install/wpr_simulation2/share/wpr_simulation2/src
[2.308s] -- Up-to-date: /home/yy/factory_ws/install/wpr_simulation2/share/wpr_simulation2/src/face_detector.py
[2.308s] -- Up-to-date: /home/yy/factory_ws/install/wpr_simulation2/share/wpr_simulation2/src/grab_object_sim.cpp
[2.308s] -- Up-to-date: /home/yy/factory_ws/install/wpr_simulation2/share/wpr_simulation2/src/ball_random_move.cpp
[2.308s] -- Up-to-date: /home/yy/factory_ws/install/wpr_simulation2/share/wpr_simulation2/src/wpb_home_mani_sim.cpp
[2.308s] -- Up-to-date: /home/yy/factory_ws/install/wpr_simulation2/share/wpr_simulation2/src/objects_publisher.cpp
[2.308s] -- Installing: /home/yy/factory_ws/install/wpr_simulation2/share/wpr_simulation2/src/keyboard_vel_cmd.cpp
[2.308s] -- Up-to-date: /home/yy/factory_ws/install/wpr_simulation2/share/wpr_simulation2/msg
[2.308s] -- Up-to-date: /home/yy/factory_ws/install/wpr_simulation2/share/wpr_simulation2/msg/Object.msg
[2.308s] -- Up-to-date: /home/yy/factory_ws/install/wpr_simulation2/share/wpr_simulation2/maps
[2.308s] -- Up-to-date: /home/yy/factory_ws/install/wpr_simulation2/share/wpr_simulation2/maps/.gitignore
[2.308s] -- Up-to-date: /home/yy/factory_ws/install/wpr_simulation2/lib/wpr_simulation2/face_detector.py
[2.308s] -- Up-to-date: /home/yy/factory_ws/install/wpr_simulation2/lib/wpr_simulation2/wpb_home_mani_sim
[2.308s] -- Installing: /home/yy/factory_ws/install/wpr_simulation2/lib/wpr_simulation2/keyboard_vel_cmd
[2.308s] -- Set runtime path of "/home/yy/factory_ws/install/wpr_simulation2/lib/wpr_simulation2/keyboard_vel_cmd" to ""
[2.308s] -- Up-to-date: /home/yy/factory_ws/install/wpr_simulation2/lib/wpr_simulation2/ball_random_move
[2.309s] -- Up-to-date: /home/yy/factory_ws/install/wpr_simulation2/lib/wpr_simulation2/objects_publisher
[2.309s] -- Up-to-date: /home/yy/factory_ws/install/wpr_simulation2/lib/wpr_simulation2/grab_object_sim
[2.309s] -- Up-to-date: /home/yy/factory_ws/install/wpr_simulation2/lib/wpr_simulation2/3_publisher_node
[2.309s] -- Up-to-date: /home/yy/factory_ws/install/wpr_simulation2/lib/wpr_simulation2/3_subscriber_node
[2.309s] -- Up-to-date: /home/yy/factory_ws/install/wpr_simulation2/lib/wpr_simulation2/4_velocity_command
[2.309s] -- Up-to-date: /home/yy/factory_ws/install/wpr_simulation2/lib/wpr_simulation2/5_lidar_data
[2.309s] -- Up-to-date: /home/yy/factory_ws/install/wpr_simulation2/lib/wpr_simulation2/5_lidar_behavior
[2.309s] -- Up-to-date: /home/yy/factory_ws/install/wpr_simulation2/lib/wpr_simulation2/6_imu_data
[2.309s] -- Up-to-date: /home/yy/factory_ws/install/wpr_simulation2/lib/wpr_simulation2/6_imu_behavior
[2.309s] -- Up-to-date: /home/yy/factory_ws/install/wpr_simulation2/lib/wpr_simulation2/8_waypoint_navigation
[2.309s] -- Up-to-date: /home/yy/factory_ws/install/wpr_simulation2/lib/wpr_simulation2/9_cv_image
[2.309s] -- Up-to-date: /home/yy/factory_ws/install/wpr_simulation2/lib/wpr_simulation2/9_cv_hsv
[2.309s] -- Up-to-date: /home/yy/factory_ws/install/wpr_simulation2/lib/wpr_simulation2/9_cv_follow
[2.309s] -- Up-to-date: /home/yy/factory_ws/install/wpr_simulation2/lib/wpr_simulation2/9_cv_face_detect
[2.309s] -- Up-to-date: /home/yy/factory_ws/install/wpr_simulation2/lib/wpr_simulation2/10_pc_data
[2.309s] -- Up-to-date: /home/yy/factory_ws/install/wpr_simulation2/lib/wpr_simulation2/10_pc_objects
[2.309s] -- Up-to-date: /home/yy/factory_ws/install/wpr_simulation2/lib/wpr_simulation2/11_mani_ctrl
[2.309s] -- Up-to-date: /home/yy/factory_ws/install/wpr_simulation2/lib/wpr_simulation2/11_grab_object
[2.309s] -- Up-to-date: /home/yy/factory_ws/install/wpr_simulation2/lib/wpr_simulation2/12_fetch
[2.309s] -- Up-to-date: /home/yy/factory_ws/install/wpr_simulation2/lib/wpr_simulation2/demo_nav2_client
[2.309s] -- Up-to-date: /home/yy/factory_ws/install/wpr_simulation2/share/ament_index/resource_index/package_run_dependencies/wpr_simulation2
[2.309s] -- Up-to-date: /home/yy/factory_ws/install/wpr_simulation2/share/ament_index/resource_index/parent_prefix_path/wpr_simulation2
[2.309s] -- Up-to-date: /home/yy/factory_ws/install/wpr_simulation2/share/wpr_simulation2/environment/ament_prefix_path.sh
[2.309s] -- Up-to-date: /home/yy/factory_ws/install/wpr_simulation2/share/wpr_simulation2/environment/ament_prefix_path.dsv
[2.309s] -- Up-to-date: /home/yy/factory_ws/install/wpr_simulation2/share/wpr_simulation2/environment/path.sh
[2.309s] -- Up-to-date: /home/yy/factory_ws/install/wpr_simulation2/share/wpr_simulation2/environment/path.dsv
[2.309s] -- Up-to-date: /home/yy/factory_ws/install/wpr_simulation2/share/wpr_simulation2/local_setup.bash
[2.309s] -- Up-to-date: /home/yy/factory_ws/install/wpr_simulation2/share/wpr_simulation2/local_setup.sh
[2.309s] -- Up-to-date: /home/yy/factory_ws/install/wpr_simulation2/share/wpr_simulation2/local_setup.zsh
[2.309s] -- Up-to-date: /home/yy/factory_ws/install/wpr_simulation2/share/wpr_simulation2/local_setup.dsv
[2.309s] -- Installing: /home/yy/factory_ws/install/wpr_simulation2/share/wpr_simulation2/package.dsv
[2.309s] -- Up-to-date: /home/yy/factory_ws/install/wpr_simulation2/share/ament_index/resource_index/packages/wpr_simulation2
[2.309s] -- Up-to-date: /home/yy/factory_ws/install/wpr_simulation2/share/wpr_simulation2/cmake/export_wpr_simulation2__rosidl_generator_cExport.cmake
[2.309s] -- Up-to-date: /home/yy/factory_ws/install/wpr_simulation2/share/wpr_simulation2/cmake/export_wpr_simulation2__rosidl_generator_cExport-noconfig.cmake
[2.309s] -- Up-to-date: /home/yy/factory_ws/install/wpr_simulation2/share/wpr_simulation2/cmake/export_wpr_simulation2__rosidl_typesupport_fastrtps_cExport.cmake
[2.309s] -- Up-to-date: /home/yy/factory_ws/install/wpr_simulation2/share/wpr_simulation2/cmake/export_wpr_simulation2__rosidl_typesupport_fastrtps_cExport-noconfig.cmake
[2.309s] -- Up-to-date: /home/yy/factory_ws/install/wpr_simulation2/share/wpr_simulation2/cmake/export_wpr_simulation2__rosidl_generator_cppExport.cmake
[2.309s] -- Up-to-date: /home/yy/factory_ws/install/wpr_simulation2/share/wpr_simulation2/cmake/export_wpr_simulation2__rosidl_typesupport_fastrtps_cppExport.cmake
[2.309s] -- Up-to-date: /home/yy/factory_ws/install/wpr_simulation2/share/wpr_simulation2/cmake/export_wpr_simulation2__rosidl_typesupport_fastrtps_cppExport-noconfig.cmake
[2.309s] -- Up-to-date: /home/yy/factory_ws/install/wpr_simulation2/share/wpr_simulation2/cmake/wpr_simulation2__rosidl_typesupport_introspection_cExport.cmake
[2.309s] -- Up-to-date: /home/yy/factory_ws/install/wpr_simulation2/share/wpr_simulation2/cmake/wpr_simulation2__rosidl_typesupport_introspection_cExport-noconfig.cmake
[2.309s] -- Up-to-date: /home/yy/factory_ws/install/wpr_simulation2/share/wpr_simulation2/cmake/wpr_simulation2__rosidl_typesupport_cExport.cmake
[2.309s] -- Up-to-date: /home/yy/factory_ws/install/wpr_simulation2/share/wpr_simulation2/cmake/wpr_simulation2__rosidl_typesupport_cExport-noconfig.cmake
[2.310s] -- Up-to-date: /home/yy/factory_ws/install/wpr_simulation2/share/wpr_simulation2/cmake/wpr_simulation2__rosidl_typesupport_introspection_cppExport.cmake
[2.310s] -- Up-to-date: /home/yy/factory_ws/install/wpr_simulation2/share/wpr_simulation2/cmake/wpr_simulation2__rosidl_typesupport_introspection_cppExport-noconfig.cmake
[2.310s] -- Up-to-date: /home/yy/factory_ws/install/wpr_simulation2/share/wpr_simulation2/cmake/wpr_simulation2__rosidl_typesupport_cppExport.cmake
[2.310s] -- Up-to-date: /home/yy/factory_ws/install/wpr_simulation2/share/wpr_simulation2/cmake/wpr_simulation2__rosidl_typesupport_cppExport-noconfig.cmake
[2.310s] -- Up-to-date: /home/yy/factory_ws/install/wpr_simulation2/share/wpr_simulation2/cmake/export_wpr_simulation2__rosidl_generator_pyExport.cmake
[2.310s] -- Up-to-date: /home/yy/factory_ws/install/wpr_simulation2/share/wpr_simulation2/cmake/export_wpr_simulation2__rosidl_generator_pyExport-noconfig.cmake
[2.310s] -- Up-to-date: /home/yy/factory_ws/install/wpr_simulation2/share/wpr_simulation2/cmake/rosidl_cmake-extras.cmake
[2.310s] -- Up-to-date: /home/yy/factory_ws/install/wpr_simulation2/share/wpr_simulation2/cmake/ament_cmake_export_dependencies-extras.cmake
[2.310s] -- Up-to-date: /home/yy/factory_ws/install/wpr_simulation2/share/wpr_simulation2/cmake/ament_cmake_export_include_directories-extras.cmake
[2.310s] -- Up-to-date: /home/yy/factory_ws/install/wpr_simulation2/share/wpr_simulation2/cmake/ament_cmake_export_libraries-extras.cmake
[2.310s] -- Up-to-date: /home/yy/factory_ws/install/wpr_simulation2/share/wpr_simulation2/cmake/ament_cmake_export_targets-extras.cmake
[2.310s] -- Up-to-date: /home/yy/factory_ws/install/wpr_simulation2/share/wpr_simulation2/cmake/rosidl_cmake_export_typesupport_targets-extras.cmake
[2.310s] -- Up-to-date: /home/yy/factory_ws/install/wpr_simulation2/share/wpr_simulation2/cmake/rosidl_cmake_export_typesupport_libraries-extras.cmake
[2.310s] -- Up-to-date: /home/yy/factory_ws/install/wpr_simulation2/share/wpr_simulation2/cmake/wpr_simulation2Config.cmake
[2.310s] -- Up-to-date: /home/yy/factory_ws/install/wpr_simulation2/share/wpr_simulation2/cmake/wpr_simulation2Config-version.cmake
[2.310s] -- Up-to-date: /home/yy/factory_ws/install/wpr_simulation2/share/wpr_simulation2/package.xml
[2.310s] Invoked command in '/home/yy/factory_ws/build/wpr_simulation2' returned '0': CMAKE_PREFIX_PATH=${CMAKE_PREFIX_PATH}:/opt/ros/humble /usr/bin/cmake --install /home/yy/factory_ws/build/wpr_simulation2
