[0.008s] Invoking command in '/home/yy/factory_ws/build/slam_pkg': CMAKE_PREFIX_PATH=${CMAKE_PREFIX_PATH}:/opt/ros/humble /usr/bin/cmake /home/yy/factory_ws/src/slam_pkg -DCMAKE_INSTALL_PREFIX=/home/yy/factory_ws/install/slam_pkg
[0.097s] -- The C compiler identification is GNU 11.4.0
[0.168s] -- The CXX compiler identification is GNU 11.4.0
[0.174s] -- Detecting C compiler ABI info
[0.220s] -- Detecting C compiler ABI info - done
[0.223s] -- Check for working C compiler: /usr/bin/cc - skipped
[0.223s] -- Detecting C compile features
[0.223s] -- Detecting C compile features - done
[0.225s] -- Detecting CXX compiler ABI info
[0.278s] -- Detecting CXX compiler ABI info - done
[0.282s] -- Check for working CXX compiler: /usr/bin/c++ - skipped
[0.282s] -- Detecting CXX compile features
[0.282s] -- Detecting CXX compile features - done
[0.285s] -- Found ament_cmake: 1.3.11 (/opt/ros/humble/share/ament_cmake/cmake)
[0.373s] -- Found Python3: /usr/bin/python3 (found version "3.10.12") found components: Interpreter 
[0.424s] -- Found ament_lint_auto: 0.12.12 (/opt/ros/humble/share/ament_lint_auto/cmake)
[0.465s] -- Added test 'flake8' to check Python code syntax and style conventions
[0.465s] -- Added test 'lint_cmake' to check CMake code style
[0.466s] -- Added test 'pep257' to check Python code against some of the docstring style conventions in PEP 257
[0.466s] -- Added test 'xmllint' to check XML markup files
[0.467s] -- Configuring done
[0.468s] -- Generating done
[0.469s] -- Build files have been written to: /home/yy/factory_ws/build/slam_pkg
[0.474s] Invoked command in '/home/yy/factory_ws/build/slam_pkg' returned '0': CMAKE_PREFIX_PATH=${CMAKE_PREFIX_PATH}:/opt/ros/humble /usr/bin/cmake /home/yy/factory_ws/src/slam_pkg -DCMAKE_INSTALL_PREFIX=/home/yy/factory_ws/install/slam_pkg
[0.475s] Invoking command in '/home/yy/factory_ws/build/slam_pkg': CMAKE_PREFIX_PATH=${CMAKE_PREFIX_PATH}:/opt/ros/humble /usr/bin/cmake --build /home/yy/factory_ws/build/slam_pkg -- -j20 -l20
[0.506s] Invoked command in '/home/yy/factory_ws/build/slam_pkg' returned '0': CMAKE_PREFIX_PATH=${CMAKE_PREFIX_PATH}:/opt/ros/humble /usr/bin/cmake --build /home/yy/factory_ws/build/slam_pkg -- -j20 -l20
[0.506s] Invoking command in '/home/yy/factory_ws/build/slam_pkg': CMAKE_PREFIX_PATH=${CMAKE_PREFIX_PATH}:/opt/ros/humble /usr/bin/cmake --install /home/yy/factory_ws/build/slam_pkg
[0.511s] -- Install configuration: ""
[0.511s] -- Installing: /home/yy/factory_ws/install/slam_pkg/share/slam_pkg/launch
[0.511s] -- Installing: /home/yy/factory_ws/install/slam_pkg/share/slam_pkg/launch/slam.launch.py
[0.512s] -- Installing: /home/yy/factory_ws/install/slam_pkg/share/ament_index/resource_index/package_run_dependencies/slam_pkg
[0.512s] -- Installing: /home/yy/factory_ws/install/slam_pkg/share/ament_index/resource_index/parent_prefix_path/slam_pkg
[0.512s] -- Installing: /home/yy/factory_ws/install/slam_pkg/share/slam_pkg/environment/ament_prefix_path.sh
[0.512s] -- Installing: /home/yy/factory_ws/install/slam_pkg/share/slam_pkg/environment/ament_prefix_path.dsv
[0.512s] -- Installing: /home/yy/factory_ws/install/slam_pkg/share/slam_pkg/environment/path.sh
[0.512s] -- Installing: /home/yy/factory_ws/install/slam_pkg/share/slam_pkg/environment/path.dsv
[0.512s] -- Installing: /home/yy/factory_ws/install/slam_pkg/share/slam_pkg/local_setup.bash
[0.512s] -- Installing: /home/yy/factory_ws/install/slam_pkg/share/slam_pkg/local_setup.sh
[0.512s] -- Installing: /home/yy/factory_ws/install/slam_pkg/share/slam_pkg/local_setup.zsh
[0.512s] -- Installing: /home/yy/factory_ws/install/slam_pkg/share/slam_pkg/local_setup.dsv
[0.512s] -- Installing: /home/yy/factory_ws/install/slam_pkg/share/slam_pkg/package.dsv
[0.512s] -- Installing: /home/yy/factory_ws/install/slam_pkg/share/ament_index/resource_index/packages/slam_pkg
[0.512s] -- Installing: /home/yy/factory_ws/install/slam_pkg/share/slam_pkg/cmake/slam_pkgConfig.cmake
[0.512s] -- Installing: /home/yy/factory_ws/install/slam_pkg/share/slam_pkg/cmake/slam_pkgConfig-version.cmake
[0.512s] -- Installing: /home/yy/factory_ws/install/slam_pkg/share/slam_pkg/package.xml
[0.520s] Invoked command in '/home/yy/factory_ws/build/slam_pkg' returned '0': CMAKE_PREFIX_PATH=${CMAKE_PREFIX_PATH}:/opt/ros/humble /usr/bin/cmake --install /home/yy/factory_ws/build/slam_pkg
