[0.008s] Invoking command in '/home/yy/factory_ws/build/slam_pkg': CMAKE_PREFIX_PATH=${CMAKE_PREFIX_PATH}:/opt/ros/humble /usr/bin/cmake --build /home/yy/factory_ws/build/slam_pkg -- -j20 -l20
[0.040s] Invoked command in '/home/yy/factory_ws/build/slam_pkg' returned '0': CMAKE_PREFIX_PATH=${CMAKE_PREFIX_PATH}:/opt/ros/humble /usr/bin/cmake --build /home/yy/factory_ws/build/slam_pkg -- -j20 -l20
[0.041s] Invoking command in '/home/yy/factory_ws/build/slam_pkg': CMAKE_PREFIX_PATH=${CMAKE_PREFIX_PATH}:/opt/ros/humble /usr/bin/cmake --install /home/yy/factory_ws/build/slam_pkg
[0.054s] -- Install configuration: ""
[0.054s] -- Up-to-date: /home/yy/factory_ws/install/slam_pkg/share/slam_pkg/launch
[0.054s] -- Up-to-date: /home/yy/factory_ws/install/slam_pkg/share/slam_pkg/launch/slam.launch.py
[0.054s] -- Up-to-date: /home/yy/factory_ws/install/slam_pkg/share/ament_index/resource_index/package_run_dependencies/slam_pkg
[0.054s] -- Up-to-date: /home/yy/factory_ws/install/slam_pkg/share/ament_index/resource_index/parent_prefix_path/slam_pkg
[0.055s] -- Up-to-date: /home/yy/factory_ws/install/slam_pkg/share/slam_pkg/environment/ament_prefix_path.sh
[0.055s] -- Up-to-date: /home/yy/factory_ws/install/slam_pkg/share/slam_pkg/environment/ament_prefix_path.dsv
[0.055s] -- Up-to-date: /home/yy/factory_ws/install/slam_pkg/share/slam_pkg/environment/path.sh
[0.055s] -- Up-to-date: /home/yy/factory_ws/install/slam_pkg/share/slam_pkg/environment/path.dsv
[0.055s] -- Up-to-date: /home/yy/factory_ws/install/slam_pkg/share/slam_pkg/local_setup.bash
[0.055s] -- Up-to-date: /home/yy/factory_ws/install/slam_pkg/share/slam_pkg/local_setup.sh
[0.055s] -- Up-to-date: /home/yy/factory_ws/install/slam_pkg/share/slam_pkg/local_setup.zsh
[0.055s] -- Up-to-date: /home/yy/factory_ws/install/slam_pkg/share/slam_pkg/local_setup.dsv
[0.055s] -- Installing: /home/yy/factory_ws/install/slam_pkg/share/slam_pkg/package.dsv
[0.055s] -- Up-to-date: /home/yy/factory_ws/install/slam_pkg/share/ament_index/resource_index/packages/slam_pkg
[0.055s] -- Up-to-date: /home/yy/factory_ws/install/slam_pkg/share/slam_pkg/cmake/slam_pkgConfig.cmake
[0.055s] -- Up-to-date: /home/yy/factory_ws/install/slam_pkg/share/slam_pkg/cmake/slam_pkgConfig-version.cmake
[0.056s] -- Up-to-date: /home/yy/factory_ws/install/slam_pkg/share/slam_pkg/package.xml
[0.069s] Invoked command in '/home/yy/factory_ws/build/slam_pkg' returned '0': CMAKE_PREFIX_PATH=${CMAKE_PREFIX_PATH}:/opt/ros/humble /usr/bin/cmake --install /home/yy/factory_ws/build/slam_pkg
