[0.123s] DEBUG:colcon:Command line arguments: ['/usr/bin/colcon', 'build']
[0.123s] DEBUG:colcon:Parsed command line arguments: Namespace(log_base=None, log_level=None, verb_name='build', build_base='build', install_base='install', merge_install=False, symlink_install=False, test_result_base=None, continue_on_error=False, executor='parallel', parallel_workers=20, event_handlers=None, ignore_user_meta=False, metas=['./colcon.meta'], base_paths=['.'], packages_ignore=None, packages_ignore_regex=None, paths=None, packages_up_to=None, packages_up_to_regex=None, packages_above=None, packages_above_and_dependencies=None, packages_above_depth=None, packages_select_by_dep=None, packages_skip_by_dep=None, packages_skip_up_to=None, packages_select_build_failed=False, packages_skip_build_finished=False, packages_select_test_failures=False, packages_skip_test_passed=False, packages_select=None, packages_skip=None, packages_select_regex=None, packages_skip_regex=None, packages_start=None, packages_end=None, allow_overriding=[], cmake_args=None, cmake_target=None, cmake_target_skip_unavailable=False, cmake_clean_cache=False, cmake_clean_first=False, cmake_force_configure=False, ament_cmake_args=None, catkin_cmake_args=None, catkin_skip_building_tests=False, mixin_files=None, mixin=None, verb_parser=<colcon_mixin.mixin.mixin_argument.MixinArgumentDecorator object at 0x7436aa25f040>, verb_extension=<colcon_core.verb.build.BuildVerb object at 0x7436aa37bf70>, main=<bound method BuildVerb.main of <colcon_core.verb.build.BuildVerb object at 0x7436aa37bf70>>, mixin_verb=('build',))
[0.259s] Level 1:colcon.colcon_core.package_discovery:discover_packages(colcon_meta) check parameters
[0.259s] Level 1:colcon.colcon_core.package_discovery:discover_packages(recursive) check parameters
[0.259s] Level 1:colcon.colcon_core.package_discovery:discover_packages(ignore) check parameters
[0.259s] Level 1:colcon.colcon_core.package_discovery:discover_packages(path) check parameters
[0.259s] Level 1:colcon.colcon_core.package_discovery:discover_packages(colcon_meta) discover
[0.259s] Level 1:colcon.colcon_core.package_discovery:discover_packages(recursive) discover
[0.259s] INFO:colcon.colcon_core.package_discovery:Crawling recursively for packages in '/home/yy/factory_ws'
[0.259s] Level 1:colcon.colcon_core.package_identification:_identify(.) by extensions ['ignore', 'ignore_ament_install']
[0.259s] Level 1:colcon.colcon_core.package_identification:_identify(.) by extension 'ignore'
[0.259s] Level 1:colcon.colcon_core.package_identification:_identify(.) by extension 'ignore_ament_install'
[0.259s] Level 1:colcon.colcon_core.package_identification:_identify(.) by extensions ['colcon_pkg']
[0.259s] Level 1:colcon.colcon_core.package_identification:_identify(.) by extension 'colcon_pkg'
[0.259s] Level 1:colcon.colcon_core.package_identification:_identify(.) by extensions ['colcon_meta']
[0.259s] Level 1:colcon.colcon_core.package_identification:_identify(.) by extension 'colcon_meta'
[0.259s] Level 1:colcon.colcon_core.package_identification:_identify(.) by extensions ['ros']
[0.259s] Level 1:colcon.colcon_core.package_identification:_identify(.) by extension 'ros'
[0.267s] Level 1:colcon.colcon_core.package_identification:_identify(.) by extensions ['cmake', 'python']
[0.267s] Level 1:colcon.colcon_core.package_identification:_identify(.) by extension 'cmake'
[0.267s] Level 1:colcon.colcon_core.package_identification:_identify(.) by extension 'python'
[0.267s] Level 1:colcon.colcon_core.package_identification:_identify(.) by extensions ['python_setup_py']
[0.267s] Level 1:colcon.colcon_core.package_identification:_identify(.) by extension 'python_setup_py'
[0.267s] Level 1:colcon.colcon_core.package_identification:_identify(build) by extensions ['ignore', 'ignore_ament_install']
[0.267s] Level 1:colcon.colcon_core.package_identification:_identify(build) by extension 'ignore'
[0.267s] Level 1:colcon.colcon_core.package_identification:_identify(build) ignored
[0.267s] Level 1:colcon.colcon_core.package_identification:_identify(install) by extensions ['ignore', 'ignore_ament_install']
[0.267s] Level 1:colcon.colcon_core.package_identification:_identify(install) by extension 'ignore'
[0.267s] Level 1:colcon.colcon_core.package_identification:_identify(install) ignored
[0.267s] Level 1:colcon.colcon_core.package_identification:_identify(log) by extensions ['ignore', 'ignore_ament_install']
[0.267s] Level 1:colcon.colcon_core.package_identification:_identify(log) by extension 'ignore'
[0.267s] Level 1:colcon.colcon_core.package_identification:_identify(log) ignored
[0.267s] Level 1:colcon.colcon_core.package_identification:_identify(src) by extensions ['ignore', 'ignore_ament_install']
[0.267s] Level 1:colcon.colcon_core.package_identification:_identify(src) by extension 'ignore'
[0.267s] Level 1:colcon.colcon_core.package_identification:_identify(src) by extension 'ignore_ament_install'
[0.267s] Level 1:colcon.colcon_core.package_identification:_identify(src) by extensions ['colcon_pkg']
[0.267s] Level 1:colcon.colcon_core.package_identification:_identify(src) by extension 'colcon_pkg'
[0.267s] Level 1:colcon.colcon_core.package_identification:_identify(src) by extensions ['colcon_meta']
[0.267s] Level 1:colcon.colcon_core.package_identification:_identify(src) by extension 'colcon_meta'
[0.267s] Level 1:colcon.colcon_core.package_identification:_identify(src) by extensions ['ros']
[0.267s] Level 1:colcon.colcon_core.package_identification:_identify(src) by extension 'ros'
[0.267s] Level 1:colcon.colcon_core.package_identification:_identify(src) by extensions ['cmake', 'python']
[0.267s] Level 1:colcon.colcon_core.package_identification:_identify(src) by extension 'cmake'
[0.267s] Level 1:colcon.colcon_core.package_identification:_identify(src) by extension 'python'
[0.267s] Level 1:colcon.colcon_core.package_identification:_identify(src) by extensions ['python_setup_py']
[0.267s] Level 1:colcon.colcon_core.package_identification:_identify(src) by extension 'python_setup_py'
[0.268s] Level 1:colcon.colcon_core.package_identification:_identify(src/nav_pkg) by extensions ['ignore', 'ignore_ament_install']
[0.268s] Level 1:colcon.colcon_core.package_identification:_identify(src/nav_pkg) by extension 'ignore'
[0.268s] Level 1:colcon.colcon_core.package_identification:_identify(src/nav_pkg) by extension 'ignore_ament_install'
[0.268s] Level 1:colcon.colcon_core.package_identification:_identify(src/nav_pkg) by extensions ['colcon_pkg']
[0.268s] Level 1:colcon.colcon_core.package_identification:_identify(src/nav_pkg) by extension 'colcon_pkg'
[0.268s] Level 1:colcon.colcon_core.package_identification:_identify(src/nav_pkg) by extensions ['colcon_meta']
[0.268s] Level 1:colcon.colcon_core.package_identification:_identify(src/nav_pkg) by extension 'colcon_meta'
[0.268s] Level 1:colcon.colcon_core.package_identification:_identify(src/nav_pkg) by extensions ['ros']
[0.268s] Level 1:colcon.colcon_core.package_identification:_identify(src/nav_pkg) by extension 'ros'
[0.269s] DEBUG:colcon.colcon_core.package_identification:Package 'src/nav_pkg' with type 'ros.ament_cmake' and name 'nav_pkg'
[0.270s] Level 1:colcon.colcon_core.package_identification:_identify(src/slam_pkg) by extensions ['ignore', 'ignore_ament_install']
[0.270s] Level 1:colcon.colcon_core.package_identification:_identify(src/slam_pkg) by extension 'ignore'
[0.270s] Level 1:colcon.colcon_core.package_identification:_identify(src/slam_pkg) by extension 'ignore_ament_install'
[0.270s] Level 1:colcon.colcon_core.package_identification:_identify(src/slam_pkg) by extensions ['colcon_pkg']
[0.270s] Level 1:colcon.colcon_core.package_identification:_identify(src/slam_pkg) by extension 'colcon_pkg'
[0.270s] Level 1:colcon.colcon_core.package_identification:_identify(src/slam_pkg) by extensions ['colcon_meta']
[0.270s] Level 1:colcon.colcon_core.package_identification:_identify(src/slam_pkg) by extension 'colcon_meta'
[0.270s] Level 1:colcon.colcon_core.package_identification:_identify(src/slam_pkg) by extensions ['ros']
[0.270s] Level 1:colcon.colcon_core.package_identification:_identify(src/slam_pkg) by extension 'ros'
[0.274s] DEBUG:colcon.colcon_core.package_identification:Package 'src/slam_pkg' with type 'ros.ament_cmake' and name 'slam_pkg'
[0.274s] Level 1:colcon.colcon_core.package_identification:_identify(src/wpr_simulation2) by extensions ['ignore', 'ignore_ament_install']
[0.275s] Level 1:colcon.colcon_core.package_identification:_identify(src/wpr_simulation2) by extension 'ignore'
[0.275s] Level 1:colcon.colcon_core.package_identification:_identify(src/wpr_simulation2) by extension 'ignore_ament_install'
[0.275s] Level 1:colcon.colcon_core.package_identification:_identify(src/wpr_simulation2) by extensions ['colcon_pkg']
[0.275s] Level 1:colcon.colcon_core.package_identification:_identify(src/wpr_simulation2) by extension 'colcon_pkg'
[0.275s] Level 1:colcon.colcon_core.package_identification:_identify(src/wpr_simulation2) by extensions ['colcon_meta']
[0.275s] Level 1:colcon.colcon_core.package_identification:_identify(src/wpr_simulation2) by extension 'colcon_meta'
[0.275s] Level 1:colcon.colcon_core.package_identification:_identify(src/wpr_simulation2) by extensions ['ros']
[0.275s] Level 1:colcon.colcon_core.package_identification:_identify(src/wpr_simulation2) by extension 'ros'
[0.276s] DEBUG:colcon.colcon_core.package_identification:Package 'src/wpr_simulation2' with type 'ros.ament_cmake' and name 'wpr_simulation2'
[0.276s] Level 1:colcon.colcon_core.package_discovery:discover_packages(recursive) using defaults
[0.276s] Level 1:colcon.colcon_core.package_discovery:discover_packages(ignore) discover
[0.276s] Level 1:colcon.colcon_core.package_discovery:discover_packages(ignore) using defaults
[0.276s] Level 1:colcon.colcon_core.package_discovery:discover_packages(path) discover
[0.276s] Level 1:colcon.colcon_core.package_discovery:discover_packages(path) using defaults
[0.292s] Level 1:colcon.colcon_core.package_discovery:discover_packages(prefix_path) check parameters
[0.292s] Level 1:colcon.colcon_core.package_discovery:discover_packages(prefix_path) discover
[0.294s] DEBUG:colcon.colcon_installed_package_information.package_discovery:Found 386 installed packages in /opt/ros/humble
[0.295s] Level 1:colcon.colcon_core.package_discovery:discover_packages(prefix_path) using defaults
[0.315s] Level 5:colcon.colcon_core.verb:set package 'nav_pkg' build argument 'cmake_args' from command line to 'None'
[0.315s] Level 5:colcon.colcon_core.verb:set package 'nav_pkg' build argument 'cmake_target' from command line to 'None'
[0.315s] Level 5:colcon.colcon_core.verb:set package 'nav_pkg' build argument 'cmake_target_skip_unavailable' from command line to 'False'
[0.315s] Level 5:colcon.colcon_core.verb:set package 'nav_pkg' build argument 'cmake_clean_cache' from command line to 'False'
[0.315s] Level 5:colcon.colcon_core.verb:set package 'nav_pkg' build argument 'cmake_clean_first' from command line to 'False'
[0.315s] Level 5:colcon.colcon_core.verb:set package 'nav_pkg' build argument 'cmake_force_configure' from command line to 'False'
[0.315s] Level 5:colcon.colcon_core.verb:set package 'nav_pkg' build argument 'ament_cmake_args' from command line to 'None'
[0.315s] Level 5:colcon.colcon_core.verb:set package 'nav_pkg' build argument 'catkin_cmake_args' from command line to 'None'
[0.315s] Level 5:colcon.colcon_core.verb:set package 'nav_pkg' build argument 'catkin_skip_building_tests' from command line to 'False'
[0.315s] DEBUG:colcon.colcon_core.verb:Building package 'nav_pkg' with the following arguments: {'ament_cmake_args': None, 'build_base': '/home/yy/factory_ws/build/nav_pkg', 'catkin_cmake_args': None, 'catkin_skip_building_tests': False, 'cmake_args': None, 'cmake_clean_cache': False, 'cmake_clean_first': False, 'cmake_force_configure': False, 'cmake_target': None, 'cmake_target_skip_unavailable': False, 'install_base': '/home/yy/factory_ws/install/nav_pkg', 'merge_install': False, 'path': '/home/yy/factory_ws/src/nav_pkg', 'symlink_install': False, 'test_result_base': None}
[0.315s] Level 5:colcon.colcon_core.verb:set package 'slam_pkg' build argument 'cmake_args' from command line to 'None'
[0.315s] Level 5:colcon.colcon_core.verb:set package 'slam_pkg' build argument 'cmake_target' from command line to 'None'
[0.315s] Level 5:colcon.colcon_core.verb:set package 'slam_pkg' build argument 'cmake_target_skip_unavailable' from command line to 'False'
[0.315s] Level 5:colcon.colcon_core.verb:set package 'slam_pkg' build argument 'cmake_clean_cache' from command line to 'False'
[0.315s] Level 5:colcon.colcon_core.verb:set package 'slam_pkg' build argument 'cmake_clean_first' from command line to 'False'
[0.315s] Level 5:colcon.colcon_core.verb:set package 'slam_pkg' build argument 'cmake_force_configure' from command line to 'False'
[0.315s] Level 5:colcon.colcon_core.verb:set package 'slam_pkg' build argument 'ament_cmake_args' from command line to 'None'
[0.315s] Level 5:colcon.colcon_core.verb:set package 'slam_pkg' build argument 'catkin_cmake_args' from command line to 'None'
[0.315s] Level 5:colcon.colcon_core.verb:set package 'slam_pkg' build argument 'catkin_skip_building_tests' from command line to 'False'
[0.315s] DEBUG:colcon.colcon_core.verb:Building package 'slam_pkg' with the following arguments: {'ament_cmake_args': None, 'build_base': '/home/yy/factory_ws/build/slam_pkg', 'catkin_cmake_args': None, 'catkin_skip_building_tests': False, 'cmake_args': None, 'cmake_clean_cache': False, 'cmake_clean_first': False, 'cmake_force_configure': False, 'cmake_target': None, 'cmake_target_skip_unavailable': False, 'install_base': '/home/yy/factory_ws/install/slam_pkg', 'merge_install': False, 'path': '/home/yy/factory_ws/src/slam_pkg', 'symlink_install': False, 'test_result_base': None}
[0.315s] Level 5:colcon.colcon_core.verb:set package 'wpr_simulation2' build argument 'cmake_args' from command line to 'None'
[0.315s] Level 5:colcon.colcon_core.verb:set package 'wpr_simulation2' build argument 'cmake_target' from command line to 'None'
[0.315s] Level 5:colcon.colcon_core.verb:set package 'wpr_simulation2' build argument 'cmake_target_skip_unavailable' from command line to 'False'
[0.315s] Level 5:colcon.colcon_core.verb:set package 'wpr_simulation2' build argument 'cmake_clean_cache' from command line to 'False'
[0.315s] Level 5:colcon.colcon_core.verb:set package 'wpr_simulation2' build argument 'cmake_clean_first' from command line to 'False'
[0.315s] Level 5:colcon.colcon_core.verb:set package 'wpr_simulation2' build argument 'cmake_force_configure' from command line to 'False'
[0.315s] Level 5:colcon.colcon_core.verb:set package 'wpr_simulation2' build argument 'ament_cmake_args' from command line to 'None'
[0.315s] Level 5:colcon.colcon_core.verb:set package 'wpr_simulation2' build argument 'catkin_cmake_args' from command line to 'None'
[0.315s] Level 5:colcon.colcon_core.verb:set package 'wpr_simulation2' build argument 'catkin_skip_building_tests' from command line to 'False'
[0.315s] DEBUG:colcon.colcon_core.verb:Building package 'wpr_simulation2' with the following arguments: {'ament_cmake_args': None, 'build_base': '/home/yy/factory_ws/build/wpr_simulation2', 'catkin_cmake_args': None, 'catkin_skip_building_tests': False, 'cmake_args': None, 'cmake_clean_cache': False, 'cmake_clean_first': False, 'cmake_force_configure': False, 'cmake_target': None, 'cmake_target_skip_unavailable': False, 'install_base': '/home/yy/factory_ws/install/wpr_simulation2', 'merge_install': False, 'path': '/home/yy/factory_ws/src/wpr_simulation2', 'symlink_install': False, 'test_result_base': None}
[0.315s] INFO:colcon.colcon_core.executor:Executing jobs using 'parallel' executor
[0.316s] DEBUG:colcon.colcon_parallel_executor.executor.parallel:run_until_complete
[0.316s] INFO:colcon.colcon_ros.task.ament_cmake.build:Building ROS package in '/home/yy/factory_ws/src/nav_pkg' with build type 'ament_cmake'
[0.316s] INFO:colcon.colcon_cmake.task.cmake.build:Building CMake package in '/home/yy/factory_ws/src/nav_pkg'
[0.318s] INFO:colcon.colcon_core.plugin_system:Skipping extension 'colcon_core.shell.bat': Not used on non-Windows systems
[0.318s] INFO:colcon.colcon_core.shell:Skip shell extension 'powershell' for command environment: Not usable outside of PowerShell
[0.318s] DEBUG:colcon.colcon_core.shell:Skip shell extension 'dsv' for command environment
[0.320s] INFO:colcon.colcon_ros.task.ament_cmake.build:Building ROS package in '/home/yy/factory_ws/src/slam_pkg' with build type 'ament_cmake'
[0.320s] INFO:colcon.colcon_cmake.task.cmake.build:Building CMake package in '/home/yy/factory_ws/src/slam_pkg'
[0.320s] INFO:colcon.colcon_core.shell:Skip shell extension 'powershell' for command environment: Not usable outside of PowerShell
[0.320s] DEBUG:colcon.colcon_core.shell:Skip shell extension 'dsv' for command environment
[0.321s] INFO:colcon.colcon_ros.task.ament_cmake.build:Building ROS package in '/home/yy/factory_ws/src/wpr_simulation2' with build type 'ament_cmake'
[0.321s] INFO:colcon.colcon_cmake.task.cmake.build:Building CMake package in '/home/yy/factory_ws/src/wpr_simulation2'
[0.322s] INFO:colcon.colcon_core.shell:Skip shell extension 'powershell' for command environment: Not usable outside of PowerShell
[0.322s] DEBUG:colcon.colcon_core.shell:Skip shell extension 'dsv' for command environment
[0.325s] DEBUG:colcon.colcon_core.event_handler.log_command:Invoking command in '/home/yy/factory_ws/build/nav_pkg': CMAKE_PREFIX_PATH=/opt/ros/humble /usr/bin/cmake --build /home/yy/factory_ws/build/nav_pkg -- -j20 -l20
[0.328s] DEBUG:colcon.colcon_core.event_handler.log_command:Invoking command in '/home/yy/factory_ws/build/slam_pkg': CMAKE_PREFIX_PATH=/opt/ros/humble /usr/bin/cmake --build /home/yy/factory_ws/build/slam_pkg -- -j20 -l20
[0.330s] DEBUG:colcon.colcon_core.event_handler.log_command:Invoking command in '/home/yy/factory_ws/build/wpr_simulation2': CMAKE_PREFIX_PATH=/opt/ros/humble /usr/bin/cmake --build /home/yy/factory_ws/build/wpr_simulation2 -- -j20 -l20
[0.373s] DEBUG:colcon.colcon_core.event_handler.log_command:Invoked command in '/home/yy/factory_ws/build/slam_pkg' returned '0': CMAKE_PREFIX_PATH=/opt/ros/humble /usr/bin/cmake --build /home/yy/factory_ws/build/slam_pkg -- -j20 -l20
[0.379s] DEBUG:colcon.colcon_core.event_handler.log_command:Invoking command in '/home/yy/factory_ws/build/slam_pkg': CMAKE_PREFIX_PATH=/opt/ros/humble /usr/bin/cmake --install /home/yy/factory_ws/build/slam_pkg
[0.380s] DEBUG:colcon.colcon_core.event_handler.log_command:Invoked command in '/home/yy/factory_ws/build/nav_pkg' returned '0': CMAKE_PREFIX_PATH=/opt/ros/humble /usr/bin/cmake --build /home/yy/factory_ws/build/nav_pkg -- -j20 -l20
[0.381s] DEBUG:colcon.colcon_core.event_handler.log_command:Invoking command in '/home/yy/factory_ws/build/nav_pkg': CMAKE_PREFIX_PATH=/opt/ros/humble /usr/bin/cmake --install /home/yy/factory_ws/build/nav_pkg
[0.386s] Level 1:colcon.colcon_core.environment:create_environment_scripts_only(slam_pkg)
[0.386s] DEBUG:colcon.colcon_core.event_handler.log_command:Invoked command in '/home/yy/factory_ws/build/slam_pkg' returned '0': CMAKE_PREFIX_PATH=/opt/ros/humble /usr/bin/cmake --install /home/yy/factory_ws/build/slam_pkg
[0.393s] Level 1:colcon.colcon_core.environment:checking '/home/yy/factory_ws/install/slam_pkg' for CMake module files
[0.393s] Level 1:colcon.colcon_core.environment:checking '/home/yy/factory_ws/install/slam_pkg' for CMake config files
[0.393s] Level 1:colcon.colcon_core.shell:create_environment_hook('slam_pkg', 'cmake_prefix_path')
[0.393s] INFO:colcon.colcon_core.shell:Creating environment hook '/home/yy/factory_ws/install/slam_pkg/share/slam_pkg/hook/cmake_prefix_path.ps1'
[0.395s] INFO:colcon.colcon_core.shell:Creating environment descriptor '/home/yy/factory_ws/install/slam_pkg/share/slam_pkg/hook/cmake_prefix_path.dsv'
[0.395s] INFO:colcon.colcon_core.shell:Creating environment hook '/home/yy/factory_ws/install/slam_pkg/share/slam_pkg/hook/cmake_prefix_path.sh'
[0.396s] Level 1:colcon.colcon_core.environment:checking '/home/yy/factory_ws/install/slam_pkg/bin'
[0.396s] Level 1:colcon.colcon_core.environment:checking '/home/yy/factory_ws/install/slam_pkg/lib/pkgconfig/slam_pkg.pc'
[0.397s] Level 1:colcon.colcon_core.environment:checking '/home/yy/factory_ws/install/slam_pkg/lib/python3.10/site-packages'
[0.397s] Level 1:colcon.colcon_core.environment:checking '/home/yy/factory_ws/install/slam_pkg/bin'
[0.397s] INFO:colcon.colcon_core.shell:Creating package script '/home/yy/factory_ws/install/slam_pkg/share/slam_pkg/package.ps1'
[0.398s] INFO:colcon.colcon_core.shell:Creating package descriptor '/home/yy/factory_ws/install/slam_pkg/share/slam_pkg/package.dsv'
[0.399s] INFO:colcon.colcon_core.shell:Creating package script '/home/yy/factory_ws/install/slam_pkg/share/slam_pkg/package.sh'
[0.399s] INFO:colcon.colcon_core.shell:Creating package script '/home/yy/factory_ws/install/slam_pkg/share/slam_pkg/package.bash'
[0.400s] INFO:colcon.colcon_core.shell:Creating package script '/home/yy/factory_ws/install/slam_pkg/share/slam_pkg/package.zsh'
[0.401s] Level 1:colcon.colcon_core.environment:create_file_with_runtime_dependencies(/home/yy/factory_ws/install/slam_pkg/share/colcon-core/packages/slam_pkg)
[0.401s] Level 1:colcon.colcon_core.environment:create_environment_scripts_only(slam_pkg)
[0.402s] Level 1:colcon.colcon_core.environment:checking '/home/yy/factory_ws/install/slam_pkg' for CMake module files
[0.402s] Level 1:colcon.colcon_core.environment:checking '/home/yy/factory_ws/install/slam_pkg' for CMake config files
[0.402s] Level 1:colcon.colcon_core.shell:create_environment_hook('slam_pkg', 'cmake_prefix_path')
[0.402s] INFO:colcon.colcon_core.shell:Creating environment hook '/home/yy/factory_ws/install/slam_pkg/share/slam_pkg/hook/cmake_prefix_path.ps1'
[0.402s] INFO:colcon.colcon_core.shell:Creating environment descriptor '/home/yy/factory_ws/install/slam_pkg/share/slam_pkg/hook/cmake_prefix_path.dsv'
[0.402s] INFO:colcon.colcon_core.shell:Creating environment hook '/home/yy/factory_ws/install/slam_pkg/share/slam_pkg/hook/cmake_prefix_path.sh'
[0.402s] Level 1:colcon.colcon_core.environment:checking '/home/yy/factory_ws/install/slam_pkg/bin'
[0.403s] Level 1:colcon.colcon_core.environment:checking '/home/yy/factory_ws/install/slam_pkg/lib/pkgconfig/slam_pkg.pc'
[0.403s] Level 1:colcon.colcon_core.environment:checking '/home/yy/factory_ws/install/slam_pkg/lib/python3.10/site-packages'
[0.403s] Level 1:colcon.colcon_core.environment:checking '/home/yy/factory_ws/install/slam_pkg/bin'
[0.403s] INFO:colcon.colcon_core.shell:Creating package script '/home/yy/factory_ws/install/slam_pkg/share/slam_pkg/package.ps1'
[0.403s] INFO:colcon.colcon_core.shell:Creating package descriptor '/home/yy/factory_ws/install/slam_pkg/share/slam_pkg/package.dsv'
[0.403s] INFO:colcon.colcon_core.shell:Creating package script '/home/yy/factory_ws/install/slam_pkg/share/slam_pkg/package.sh'
[0.404s] INFO:colcon.colcon_core.shell:Creating package script '/home/yy/factory_ws/install/slam_pkg/share/slam_pkg/package.bash'
[0.404s] INFO:colcon.colcon_core.shell:Creating package script '/home/yy/factory_ws/install/slam_pkg/share/slam_pkg/package.zsh'
[0.404s] Level 1:colcon.colcon_core.environment:create_file_with_runtime_dependencies(/home/yy/factory_ws/install/slam_pkg/share/colcon-core/packages/slam_pkg)
[0.405s] Level 1:colcon.colcon_core.environment:create_environment_scripts_only(nav_pkg)
[0.405s] Level 1:colcon.colcon_core.environment:checking '/home/yy/factory_ws/install/nav_pkg' for CMake module files
[0.406s] DEBUG:colcon.colcon_core.event_handler.log_command:Invoked command in '/home/yy/factory_ws/build/nav_pkg' returned '0': CMAKE_PREFIX_PATH=/opt/ros/humble /usr/bin/cmake --install /home/yy/factory_ws/build/nav_pkg
[0.406s] Level 1:colcon.colcon_core.environment:checking '/home/yy/factory_ws/install/nav_pkg' for CMake config files
[0.407s] Level 1:colcon.colcon_core.shell:create_environment_hook('nav_pkg', 'cmake_prefix_path')
[0.407s] INFO:colcon.colcon_core.shell:Creating environment hook '/home/yy/factory_ws/install/nav_pkg/share/nav_pkg/hook/cmake_prefix_path.ps1'
[0.407s] INFO:colcon.colcon_core.shell:Creating environment descriptor '/home/yy/factory_ws/install/nav_pkg/share/nav_pkg/hook/cmake_prefix_path.dsv'
[0.407s] INFO:colcon.colcon_core.shell:Creating environment hook '/home/yy/factory_ws/install/nav_pkg/share/nav_pkg/hook/cmake_prefix_path.sh'
[0.407s] Level 1:colcon.colcon_core.environment:checking '/home/yy/factory_ws/install/nav_pkg/bin'
[0.407s] Level 1:colcon.colcon_core.environment:checking '/home/yy/factory_ws/install/nav_pkg/lib/pkgconfig/nav_pkg.pc'
[0.408s] Level 1:colcon.colcon_core.environment:checking '/home/yy/factory_ws/install/nav_pkg/lib/python3.10/site-packages'
[0.408s] Level 1:colcon.colcon_core.environment:checking '/home/yy/factory_ws/install/nav_pkg/bin'
[0.408s] INFO:colcon.colcon_core.shell:Creating package script '/home/yy/factory_ws/install/nav_pkg/share/nav_pkg/package.ps1'
[0.408s] INFO:colcon.colcon_core.shell:Creating package descriptor '/home/yy/factory_ws/install/nav_pkg/share/nav_pkg/package.dsv'
[0.408s] INFO:colcon.colcon_core.shell:Creating package script '/home/yy/factory_ws/install/nav_pkg/share/nav_pkg/package.sh'
[0.408s] INFO:colcon.colcon_core.shell:Creating package script '/home/yy/factory_ws/install/nav_pkg/share/nav_pkg/package.bash'
[0.408s] INFO:colcon.colcon_core.shell:Creating package script '/home/yy/factory_ws/install/nav_pkg/share/nav_pkg/package.zsh'
[0.409s] Level 1:colcon.colcon_core.environment:create_file_with_runtime_dependencies(/home/yy/factory_ws/install/nav_pkg/share/colcon-core/packages/nav_pkg)
[0.409s] Level 1:colcon.colcon_core.environment:create_environment_scripts_only(nav_pkg)
[0.409s] Level 1:colcon.colcon_core.environment:checking '/home/yy/factory_ws/install/nav_pkg' for CMake module files
[0.409s] Level 1:colcon.colcon_core.environment:checking '/home/yy/factory_ws/install/nav_pkg' for CMake config files
[0.409s] Level 1:colcon.colcon_core.shell:create_environment_hook('nav_pkg', 'cmake_prefix_path')
[0.410s] INFO:colcon.colcon_core.shell:Creating environment hook '/home/yy/factory_ws/install/nav_pkg/share/nav_pkg/hook/cmake_prefix_path.ps1'
[0.410s] INFO:colcon.colcon_core.shell:Creating environment descriptor '/home/yy/factory_ws/install/nav_pkg/share/nav_pkg/hook/cmake_prefix_path.dsv'
[0.410s] INFO:colcon.colcon_core.shell:Creating environment hook '/home/yy/factory_ws/install/nav_pkg/share/nav_pkg/hook/cmake_prefix_path.sh'
[0.410s] Level 1:colcon.colcon_core.environment:checking '/home/yy/factory_ws/install/nav_pkg/bin'
[0.410s] Level 1:colcon.colcon_core.environment:checking '/home/yy/factory_ws/install/nav_pkg/lib/pkgconfig/nav_pkg.pc'
[0.411s] Level 1:colcon.colcon_core.environment:checking '/home/yy/factory_ws/install/nav_pkg/lib/python3.10/site-packages'
[0.411s] Level 1:colcon.colcon_core.environment:checking '/home/yy/factory_ws/install/nav_pkg/bin'
[0.411s] INFO:colcon.colcon_core.shell:Creating package script '/home/yy/factory_ws/install/nav_pkg/share/nav_pkg/package.ps1'
[0.411s] INFO:colcon.colcon_core.shell:Creating package descriptor '/home/yy/factory_ws/install/nav_pkg/share/nav_pkg/package.dsv'
[0.411s] INFO:colcon.colcon_core.shell:Creating package script '/home/yy/factory_ws/install/nav_pkg/share/nav_pkg/package.sh'
[0.411s] INFO:colcon.colcon_core.shell:Creating package script '/home/yy/factory_ws/install/nav_pkg/share/nav_pkg/package.bash'
[0.411s] INFO:colcon.colcon_core.shell:Creating package script '/home/yy/factory_ws/install/nav_pkg/share/nav_pkg/package.zsh'
[0.412s] Level 1:colcon.colcon_core.environment:create_file_with_runtime_dependencies(/home/yy/factory_ws/install/nav_pkg/share/colcon-core/packages/nav_pkg)
[0.554s] DEBUG:colcon.colcon_core.event_handler.log_command:Invoked command in '/home/yy/factory_ws/build/wpr_simulation2' returned '0': CMAKE_PREFIX_PATH=/opt/ros/humble /usr/bin/cmake --build /home/yy/factory_ws/build/wpr_simulation2 -- -j20 -l20
[0.556s] DEBUG:colcon.colcon_core.event_handler.log_command:Invoking command in '/home/yy/factory_ws/build/wpr_simulation2': CMAKE_PREFIX_PATH=/opt/ros/humble /usr/bin/cmake --install /home/yy/factory_ws/build/wpr_simulation2
[0.604s] Level 1:colcon.colcon_core.environment:create_environment_scripts_only(wpr_simulation2)
[0.604s] Level 1:colcon.colcon_core.environment:checking '/home/yy/factory_ws/install/wpr_simulation2' for CMake module files
[0.604s] DEBUG:colcon.colcon_core.event_handler.log_command:Invoked command in '/home/yy/factory_ws/build/wpr_simulation2' returned '0': CMAKE_PREFIX_PATH=/opt/ros/humble /usr/bin/cmake --install /home/yy/factory_ws/build/wpr_simulation2
[0.605s] Level 1:colcon.colcon_core.environment:checking '/home/yy/factory_ws/install/wpr_simulation2' for CMake config files
[0.605s] Level 1:colcon.colcon_core.shell:create_environment_hook('wpr_simulation2', 'cmake_prefix_path')
[0.606s] INFO:colcon.colcon_core.shell:Creating environment hook '/home/yy/factory_ws/install/wpr_simulation2/share/wpr_simulation2/hook/cmake_prefix_path.ps1'
[0.606s] INFO:colcon.colcon_core.shell:Creating environment descriptor '/home/yy/factory_ws/install/wpr_simulation2/share/wpr_simulation2/hook/cmake_prefix_path.dsv'
[0.606s] INFO:colcon.colcon_core.shell:Creating environment hook '/home/yy/factory_ws/install/wpr_simulation2/share/wpr_simulation2/hook/cmake_prefix_path.sh'
[0.607s] Level 1:colcon.colcon_core.environment:checking '/home/yy/factory_ws/install/wpr_simulation2/lib'
[0.607s] Level 1:colcon.colcon_core.shell:create_environment_hook('wpr_simulation2', 'ld_library_path_lib')
[0.607s] INFO:colcon.colcon_core.shell:Creating environment hook '/home/yy/factory_ws/install/wpr_simulation2/share/wpr_simulation2/hook/ld_library_path_lib.ps1'
[0.607s] INFO:colcon.colcon_core.shell:Creating environment descriptor '/home/yy/factory_ws/install/wpr_simulation2/share/wpr_simulation2/hook/ld_library_path_lib.dsv'
[0.607s] INFO:colcon.colcon_core.shell:Creating environment hook '/home/yy/factory_ws/install/wpr_simulation2/share/wpr_simulation2/hook/ld_library_path_lib.sh'
[0.608s] Level 1:colcon.colcon_core.environment:checking '/home/yy/factory_ws/install/wpr_simulation2/bin'
[0.608s] Level 1:colcon.colcon_core.environment:checking '/home/yy/factory_ws/install/wpr_simulation2/lib/pkgconfig/wpr_simulation2.pc'
[0.608s] Level 1:colcon.colcon_core.environment:checking '/home/yy/factory_ws/install/wpr_simulation2/lib/python3.10/site-packages'
[0.608s] Level 1:colcon.colcon_core.environment:checking '/home/yy/factory_ws/install/wpr_simulation2/bin'
[0.608s] INFO:colcon.colcon_core.shell:Creating package script '/home/yy/factory_ws/install/wpr_simulation2/share/wpr_simulation2/package.ps1'
[0.609s] INFO:colcon.colcon_core.shell:Creating package descriptor '/home/yy/factory_ws/install/wpr_simulation2/share/wpr_simulation2/package.dsv'
[0.609s] INFO:colcon.colcon_core.shell:Creating package script '/home/yy/factory_ws/install/wpr_simulation2/share/wpr_simulation2/package.sh'
[0.609s] INFO:colcon.colcon_core.shell:Creating package script '/home/yy/factory_ws/install/wpr_simulation2/share/wpr_simulation2/package.bash'
[0.610s] INFO:colcon.colcon_core.shell:Creating package script '/home/yy/factory_ws/install/wpr_simulation2/share/wpr_simulation2/package.zsh'
[0.610s] Level 1:colcon.colcon_core.environment:create_file_with_runtime_dependencies(/home/yy/factory_ws/install/wpr_simulation2/share/colcon-core/packages/wpr_simulation2)
[0.610s] Level 1:colcon.colcon_core.environment:create_environment_scripts_only(wpr_simulation2)
[0.611s] Level 1:colcon.colcon_core.environment:checking '/home/yy/factory_ws/install/wpr_simulation2' for CMake module files
[0.611s] Level 1:colcon.colcon_core.environment:checking '/home/yy/factory_ws/install/wpr_simulation2' for CMake config files
[0.612s] Level 1:colcon.colcon_core.shell:create_environment_hook('wpr_simulation2', 'cmake_prefix_path')
[0.612s] INFO:colcon.colcon_core.shell:Creating environment hook '/home/yy/factory_ws/install/wpr_simulation2/share/wpr_simulation2/hook/cmake_prefix_path.ps1'
[0.612s] INFO:colcon.colcon_core.shell:Creating environment descriptor '/home/yy/factory_ws/install/wpr_simulation2/share/wpr_simulation2/hook/cmake_prefix_path.dsv'
[0.612s] INFO:colcon.colcon_core.shell:Creating environment hook '/home/yy/factory_ws/install/wpr_simulation2/share/wpr_simulation2/hook/cmake_prefix_path.sh'
[0.613s] Level 1:colcon.colcon_core.environment:checking '/home/yy/factory_ws/install/wpr_simulation2/lib'
[0.613s] Level 1:colcon.colcon_core.shell:create_environment_hook('wpr_simulation2', 'ld_library_path_lib')
[0.613s] INFO:colcon.colcon_core.shell:Creating environment hook '/home/yy/factory_ws/install/wpr_simulation2/share/wpr_simulation2/hook/ld_library_path_lib.ps1'
[0.613s] INFO:colcon.colcon_core.shell:Creating environment descriptor '/home/yy/factory_ws/install/wpr_simulation2/share/wpr_simulation2/hook/ld_library_path_lib.dsv'
[0.613s] INFO:colcon.colcon_core.shell:Creating environment hook '/home/yy/factory_ws/install/wpr_simulation2/share/wpr_simulation2/hook/ld_library_path_lib.sh'
[0.613s] Level 1:colcon.colcon_core.environment:checking '/home/yy/factory_ws/install/wpr_simulation2/bin'
[0.613s] Level 1:colcon.colcon_core.environment:checking '/home/yy/factory_ws/install/wpr_simulation2/lib/pkgconfig/wpr_simulation2.pc'
[0.613s] Level 1:colcon.colcon_core.environment:checking '/home/yy/factory_ws/install/wpr_simulation2/lib/python3.10/site-packages'
[0.614s] Level 1:colcon.colcon_core.environment:checking '/home/yy/factory_ws/install/wpr_simulation2/bin'
[0.614s] INFO:colcon.colcon_core.shell:Creating package script '/home/yy/factory_ws/install/wpr_simulation2/share/wpr_simulation2/package.ps1'
[0.614s] INFO:colcon.colcon_core.shell:Creating package descriptor '/home/yy/factory_ws/install/wpr_simulation2/share/wpr_simulation2/package.dsv'
[0.614s] INFO:colcon.colcon_core.shell:Creating package script '/home/yy/factory_ws/install/wpr_simulation2/share/wpr_simulation2/package.sh'
[0.614s] INFO:colcon.colcon_core.shell:Creating package script '/home/yy/factory_ws/install/wpr_simulation2/share/wpr_simulation2/package.bash'
[0.614s] INFO:colcon.colcon_core.shell:Creating package script '/home/yy/factory_ws/install/wpr_simulation2/share/wpr_simulation2/package.zsh'
[0.614s] Level 1:colcon.colcon_core.environment:create_file_with_runtime_dependencies(/home/yy/factory_ws/install/wpr_simulation2/share/colcon-core/packages/wpr_simulation2)
[0.615s] DEBUG:colcon.colcon_parallel_executor.executor.parallel:closing loop
[0.615s] DEBUG:colcon.colcon_parallel_executor.executor.parallel:loop closed
[0.615s] DEBUG:colcon.colcon_parallel_executor.executor.parallel:run_until_complete finished with '0'
[0.615s] DEBUG:colcon.colcon_core.event_reactor:joining thread
[0.617s] INFO:colcon.colcon_core.plugin_system:Skipping extension 'colcon_notification.desktop_notification.terminal_notifier': Not used on non-Darwin systems
[0.618s] INFO:colcon.colcon_core.plugin_system:Skipping extension 'colcon_notification.desktop_notification.win32': Not used on non-Windows systems
[0.618s] INFO:colcon.colcon_notification.desktop_notification:Sending desktop notification using 'notify2'
[0.627s] DEBUG:colcon.colcon_core.event_reactor:joined thread
[0.627s] INFO:colcon.colcon_core.shell:Creating prefix script '/home/yy/factory_ws/install/local_setup.ps1'
[0.628s] INFO:colcon.colcon_core.shell:Creating prefix util module '/home/yy/factory_ws/install/_local_setup_util_ps1.py'
[0.629s] INFO:colcon.colcon_core.shell:Creating prefix chain script '/home/yy/factory_ws/install/setup.ps1'
[0.629s] INFO:colcon.colcon_core.shell:Creating prefix script '/home/yy/factory_ws/install/local_setup.sh'
[0.630s] INFO:colcon.colcon_core.shell:Creating prefix util module '/home/yy/factory_ws/install/_local_setup_util_sh.py'
[0.630s] INFO:colcon.colcon_core.shell:Creating prefix chain script '/home/yy/factory_ws/install/setup.sh'
[0.630s] INFO:colcon.colcon_core.shell:Creating prefix script '/home/yy/factory_ws/install/local_setup.bash'
[0.631s] INFO:colcon.colcon_core.shell:Creating prefix chain script '/home/yy/factory_ws/install/setup.bash'
[0.631s] INFO:colcon.colcon_core.shell:Creating prefix script '/home/yy/factory_ws/install/local_setup.zsh'
[0.631s] INFO:colcon.colcon_core.shell:Creating prefix chain script '/home/yy/factory_ws/install/setup.zsh'
