[0.051s] DEBUG:colcon:Command line arguments: ['/usr/bin/colcon', 'build']
[0.051s] DEBUG:colcon:Parsed command line arguments: Namespace(log_base=None, log_level=None, verb_name='build', build_base='build', install_base='install', merge_install=False, symlink_install=False, test_result_base=None, continue_on_error=False, executor='parallel', parallel_workers=20, event_handlers=None, ignore_user_meta=False, metas=['./colcon.meta'], base_paths=['.'], packages_ignore=None, packages_ignore_regex=None, paths=None, packages_up_to=None, packages_up_to_regex=None, packages_above=None, packages_above_and_dependencies=None, packages_above_depth=None, packages_select_by_dep=None, packages_skip_by_dep=None, packages_skip_up_to=None, packages_select_build_failed=False, packages_skip_build_finished=False, packages_select_test_failures=False, packages_skip_test_passed=False, packages_select=None, packages_skip=None, packages_select_regex=None, packages_skip_regex=None, packages_start=None, packages_end=None, allow_overriding=[], cmake_args=None, cmake_target=None, cmake_target_skip_unavailable=False, cmake_clean_cache=False, cmake_clean_first=False, cmake_force_configure=False, ament_cmake_args=None, catkin_cmake_args=None, catkin_skip_building_tests=False, mixin_files=None, mixin=None, verb_parser=<colcon_mixin.mixin.mixin_argument.MixinArgumentDecorator object at 0x77917784f250>, verb_extension=<colcon_core.verb.build.BuildVerb object at 0x7791779a41c0>, main=<bound method BuildVerb.main of <colcon_core.verb.build.BuildVerb object at 0x7791779a41c0>>, mixin_verb=('build',))
[0.129s] Level 1:colcon.colcon_core.package_discovery:discover_packages(colcon_meta) check parameters
[0.129s] Level 1:colcon.colcon_core.package_discovery:discover_packages(recursive) check parameters
[0.129s] Level 1:colcon.colcon_core.package_discovery:discover_packages(ignore) check parameters
[0.129s] Level 1:colcon.colcon_core.package_discovery:discover_packages(path) check parameters
[0.129s] Level 1:colcon.colcon_core.package_discovery:discover_packages(colcon_meta) discover
[0.129s] Level 1:colcon.colcon_core.package_discovery:discover_packages(recursive) discover
[0.129s] INFO:colcon.colcon_core.package_discovery:Crawling recursively for packages in '/home/yy/factory_ws'
[0.129s] Level 1:colcon.colcon_core.package_identification:_identify(.) by extensions ['ignore', 'ignore_ament_install']
[0.129s] Level 1:colcon.colcon_core.package_identification:_identify(.) by extension 'ignore'
[0.129s] Level 1:colcon.colcon_core.package_identification:_identify(.) by extension 'ignore_ament_install'
[0.129s] Level 1:colcon.colcon_core.package_identification:_identify(.) by extensions ['colcon_pkg']
[0.129s] Level 1:colcon.colcon_core.package_identification:_identify(.) by extension 'colcon_pkg'
[0.129s] Level 1:colcon.colcon_core.package_identification:_identify(.) by extensions ['colcon_meta']
[0.129s] Level 1:colcon.colcon_core.package_identification:_identify(.) by extension 'colcon_meta'
[0.129s] Level 1:colcon.colcon_core.package_identification:_identify(.) by extensions ['ros']
[0.129s] Level 1:colcon.colcon_core.package_identification:_identify(.) by extension 'ros'
[0.134s] Level 1:colcon.colcon_core.package_identification:_identify(.) by extensions ['cmake', 'python']
[0.135s] Level 1:colcon.colcon_core.package_identification:_identify(.) by extension 'cmake'
[0.135s] Level 1:colcon.colcon_core.package_identification:_identify(.) by extension 'python'
[0.135s] Level 1:colcon.colcon_core.package_identification:_identify(.) by extensions ['python_setup_py']
[0.135s] Level 1:colcon.colcon_core.package_identification:_identify(.) by extension 'python_setup_py'
[0.135s] Level 1:colcon.colcon_core.package_identification:_identify(build) by extensions ['ignore', 'ignore_ament_install']
[0.135s] Level 1:colcon.colcon_core.package_identification:_identify(build) by extension 'ignore'
[0.135s] Level 1:colcon.colcon_core.package_identification:_identify(build) ignored
[0.135s] Level 1:colcon.colcon_core.package_identification:_identify(install) by extensions ['ignore', 'ignore_ament_install']
[0.135s] Level 1:colcon.colcon_core.package_identification:_identify(install) by extension 'ignore'
[0.135s] Level 1:colcon.colcon_core.package_identification:_identify(install) ignored
[0.135s] Level 1:colcon.colcon_core.package_identification:_identify(log) by extensions ['ignore', 'ignore_ament_install']
[0.135s] Level 1:colcon.colcon_core.package_identification:_identify(log) by extension 'ignore'
[0.135s] Level 1:colcon.colcon_core.package_identification:_identify(log) ignored
[0.135s] Level 1:colcon.colcon_core.package_identification:_identify(src) by extensions ['ignore', 'ignore_ament_install']
[0.135s] Level 1:colcon.colcon_core.package_identification:_identify(src) by extension 'ignore'
[0.135s] Level 1:colcon.colcon_core.package_identification:_identify(src) by extension 'ignore_ament_install'
[0.135s] Level 1:colcon.colcon_core.package_identification:_identify(src) by extensions ['colcon_pkg']
[0.135s] Level 1:colcon.colcon_core.package_identification:_identify(src) by extension 'colcon_pkg'
[0.135s] Level 1:colcon.colcon_core.package_identification:_identify(src) by extensions ['colcon_meta']
[0.135s] Level 1:colcon.colcon_core.package_identification:_identify(src) by extension 'colcon_meta'
[0.135s] Level 1:colcon.colcon_core.package_identification:_identify(src) by extensions ['ros']
[0.135s] Level 1:colcon.colcon_core.package_identification:_identify(src) by extension 'ros'
[0.135s] Level 1:colcon.colcon_core.package_identification:_identify(src) by extensions ['cmake', 'python']
[0.135s] Level 1:colcon.colcon_core.package_identification:_identify(src) by extension 'cmake'
[0.135s] Level 1:colcon.colcon_core.package_identification:_identify(src) by extension 'python'
[0.135s] Level 1:colcon.colcon_core.package_identification:_identify(src) by extensions ['python_setup_py']
[0.135s] Level 1:colcon.colcon_core.package_identification:_identify(src) by extension 'python_setup_py'
[0.135s] Level 1:colcon.colcon_core.package_identification:_identify(src/nav_pkg) by extensions ['ignore', 'ignore_ament_install']
[0.135s] Level 1:colcon.colcon_core.package_identification:_identify(src/nav_pkg) by extension 'ignore'
[0.135s] Level 1:colcon.colcon_core.package_identification:_identify(src/nav_pkg) by extension 'ignore_ament_install'
[0.135s] Level 1:colcon.colcon_core.package_identification:_identify(src/nav_pkg) by extensions ['colcon_pkg']
[0.135s] Level 1:colcon.colcon_core.package_identification:_identify(src/nav_pkg) by extension 'colcon_pkg'
[0.135s] Level 1:colcon.colcon_core.package_identification:_identify(src/nav_pkg) by extensions ['colcon_meta']
[0.135s] Level 1:colcon.colcon_core.package_identification:_identify(src/nav_pkg) by extension 'colcon_meta'
[0.135s] Level 1:colcon.colcon_core.package_identification:_identify(src/nav_pkg) by extensions ['ros']
[0.135s] Level 1:colcon.colcon_core.package_identification:_identify(src/nav_pkg) by extension 'ros'
[0.136s] DEBUG:colcon.colcon_core.package_identification:Package 'src/nav_pkg' with type 'ros.ament_cmake' and name 'nav_pkg'
[0.136s] Level 1:colcon.colcon_core.package_identification:_identify(src/slam_pkg) by extensions ['ignore', 'ignore_ament_install']
[0.136s] Level 1:colcon.colcon_core.package_identification:_identify(src/slam_pkg) by extension 'ignore'
[0.137s] Level 1:colcon.colcon_core.package_identification:_identify(src/slam_pkg) by extension 'ignore_ament_install'
[0.137s] Level 1:colcon.colcon_core.package_identification:_identify(src/slam_pkg) by extensions ['colcon_pkg']
[0.137s] Level 1:colcon.colcon_core.package_identification:_identify(src/slam_pkg) by extension 'colcon_pkg'
[0.137s] Level 1:colcon.colcon_core.package_identification:_identify(src/slam_pkg) by extensions ['colcon_meta']
[0.137s] Level 1:colcon.colcon_core.package_identification:_identify(src/slam_pkg) by extension 'colcon_meta'
[0.137s] Level 1:colcon.colcon_core.package_identification:_identify(src/slam_pkg) by extensions ['ros']
[0.137s] Level 1:colcon.colcon_core.package_identification:_identify(src/slam_pkg) by extension 'ros'
[0.141s] DEBUG:colcon.colcon_core.package_identification:Package 'src/slam_pkg' with type 'ros.ament_cmake' and name 'slam_pkg'
[0.141s] Level 1:colcon.colcon_core.package_identification:_identify(src/wpr_simulation2) by extensions ['ignore', 'ignore_ament_install']
[0.141s] Level 1:colcon.colcon_core.package_identification:_identify(src/wpr_simulation2) by extension 'ignore'
[0.141s] Level 1:colcon.colcon_core.package_identification:_identify(src/wpr_simulation2) by extension 'ignore_ament_install'
[0.141s] Level 1:colcon.colcon_core.package_identification:_identify(src/wpr_simulation2) by extensions ['colcon_pkg']
[0.141s] Level 1:colcon.colcon_core.package_identification:_identify(src/wpr_simulation2) by extension 'colcon_pkg'
[0.141s] Level 1:colcon.colcon_core.package_identification:_identify(src/wpr_simulation2) by extensions ['colcon_meta']
[0.141s] Level 1:colcon.colcon_core.package_identification:_identify(src/wpr_simulation2) by extension 'colcon_meta'
[0.141s] Level 1:colcon.colcon_core.package_identification:_identify(src/wpr_simulation2) by extensions ['ros']
[0.141s] Level 1:colcon.colcon_core.package_identification:_identify(src/wpr_simulation2) by extension 'ros'
[0.142s] DEBUG:colcon.colcon_core.package_identification:Package 'src/wpr_simulation2' with type 'ros.ament_cmake' and name 'wpr_simulation2'
[0.142s] Level 1:colcon.colcon_core.package_discovery:discover_packages(recursive) using defaults
[0.142s] Level 1:colcon.colcon_core.package_discovery:discover_packages(ignore) discover
[0.142s] Level 1:colcon.colcon_core.package_discovery:discover_packages(ignore) using defaults
[0.142s] Level 1:colcon.colcon_core.package_discovery:discover_packages(path) discover
[0.142s] Level 1:colcon.colcon_core.package_discovery:discover_packages(path) using defaults
[0.151s] Level 1:colcon.colcon_core.package_discovery:discover_packages(prefix_path) check parameters
[0.151s] Level 1:colcon.colcon_core.package_discovery:discover_packages(prefix_path) discover
[0.152s] DEBUG:colcon.colcon_installed_package_information.package_discovery:Found 3 installed packages in /home/yy/factory_ws/install
[0.153s] DEBUG:colcon.colcon_installed_package_information.package_discovery:Found 386 installed packages in /opt/ros/humble
[0.154s] Level 1:colcon.colcon_core.package_discovery:discover_packages(prefix_path) using defaults
[0.174s] Level 5:colcon.colcon_core.verb:set package 'nav_pkg' build argument 'cmake_args' from command line to 'None'
[0.174s] Level 5:colcon.colcon_core.verb:set package 'nav_pkg' build argument 'cmake_target' from command line to 'None'
[0.174s] Level 5:colcon.colcon_core.verb:set package 'nav_pkg' build argument 'cmake_target_skip_unavailable' from command line to 'False'
[0.174s] Level 5:colcon.colcon_core.verb:set package 'nav_pkg' build argument 'cmake_clean_cache' from command line to 'False'
[0.174s] Level 5:colcon.colcon_core.verb:set package 'nav_pkg' build argument 'cmake_clean_first' from command line to 'False'
[0.174s] Level 5:colcon.colcon_core.verb:set package 'nav_pkg' build argument 'cmake_force_configure' from command line to 'False'
[0.174s] Level 5:colcon.colcon_core.verb:set package 'nav_pkg' build argument 'ament_cmake_args' from command line to 'None'
[0.174s] Level 5:colcon.colcon_core.verb:set package 'nav_pkg' build argument 'catkin_cmake_args' from command line to 'None'
[0.174s] Level 5:colcon.colcon_core.verb:set package 'nav_pkg' build argument 'catkin_skip_building_tests' from command line to 'False'
[0.174s] DEBUG:colcon.colcon_core.verb:Building package 'nav_pkg' with the following arguments: {'ament_cmake_args': None, 'build_base': '/home/yy/factory_ws/build/nav_pkg', 'catkin_cmake_args': None, 'catkin_skip_building_tests': False, 'cmake_args': None, 'cmake_clean_cache': False, 'cmake_clean_first': False, 'cmake_force_configure': False, 'cmake_target': None, 'cmake_target_skip_unavailable': False, 'install_base': '/home/yy/factory_ws/install/nav_pkg', 'merge_install': False, 'path': '/home/yy/factory_ws/src/nav_pkg', 'symlink_install': False, 'test_result_base': None}
[0.174s] Level 5:colcon.colcon_core.verb:set package 'slam_pkg' build argument 'cmake_args' from command line to 'None'
[0.174s] Level 5:colcon.colcon_core.verb:set package 'slam_pkg' build argument 'cmake_target' from command line to 'None'
[0.174s] Level 5:colcon.colcon_core.verb:set package 'slam_pkg' build argument 'cmake_target_skip_unavailable' from command line to 'False'
[0.174s] Level 5:colcon.colcon_core.verb:set package 'slam_pkg' build argument 'cmake_clean_cache' from command line to 'False'
[0.174s] Level 5:colcon.colcon_core.verb:set package 'slam_pkg' build argument 'cmake_clean_first' from command line to 'False'
[0.174s] Level 5:colcon.colcon_core.verb:set package 'slam_pkg' build argument 'cmake_force_configure' from command line to 'False'
[0.174s] Level 5:colcon.colcon_core.verb:set package 'slam_pkg' build argument 'ament_cmake_args' from command line to 'None'
[0.174s] Level 5:colcon.colcon_core.verb:set package 'slam_pkg' build argument 'catkin_cmake_args' from command line to 'None'
[0.174s] Level 5:colcon.colcon_core.verb:set package 'slam_pkg' build argument 'catkin_skip_building_tests' from command line to 'False'
[0.174s] DEBUG:colcon.colcon_core.verb:Building package 'slam_pkg' with the following arguments: {'ament_cmake_args': None, 'build_base': '/home/yy/factory_ws/build/slam_pkg', 'catkin_cmake_args': None, 'catkin_skip_building_tests': False, 'cmake_args': None, 'cmake_clean_cache': False, 'cmake_clean_first': False, 'cmake_force_configure': False, 'cmake_target': None, 'cmake_target_skip_unavailable': False, 'install_base': '/home/yy/factory_ws/install/slam_pkg', 'merge_install': False, 'path': '/home/yy/factory_ws/src/slam_pkg', 'symlink_install': False, 'test_result_base': None}
[0.174s] Level 5:colcon.colcon_core.verb:set package 'wpr_simulation2' build argument 'cmake_args' from command line to 'None'
[0.174s] Level 5:colcon.colcon_core.verb:set package 'wpr_simulation2' build argument 'cmake_target' from command line to 'None'
[0.175s] Level 5:colcon.colcon_core.verb:set package 'wpr_simulation2' build argument 'cmake_target_skip_unavailable' from command line to 'False'
[0.175s] Level 5:colcon.colcon_core.verb:set package 'wpr_simulation2' build argument 'cmake_clean_cache' from command line to 'False'
[0.175s] Level 5:colcon.colcon_core.verb:set package 'wpr_simulation2' build argument 'cmake_clean_first' from command line to 'False'
[0.175s] Level 5:colcon.colcon_core.verb:set package 'wpr_simulation2' build argument 'cmake_force_configure' from command line to 'False'
[0.175s] Level 5:colcon.colcon_core.verb:set package 'wpr_simulation2' build argument 'ament_cmake_args' from command line to 'None'
[0.175s] Level 5:colcon.colcon_core.verb:set package 'wpr_simulation2' build argument 'catkin_cmake_args' from command line to 'None'
[0.175s] Level 5:colcon.colcon_core.verb:set package 'wpr_simulation2' build argument 'catkin_skip_building_tests' from command line to 'False'
[0.175s] DEBUG:colcon.colcon_core.verb:Building package 'wpr_simulation2' with the following arguments: {'ament_cmake_args': None, 'build_base': '/home/yy/factory_ws/build/wpr_simulation2', 'catkin_cmake_args': None, 'catkin_skip_building_tests': False, 'cmake_args': None, 'cmake_clean_cache': False, 'cmake_clean_first': False, 'cmake_force_configure': False, 'cmake_target': None, 'cmake_target_skip_unavailable': False, 'install_base': '/home/yy/factory_ws/install/wpr_simulation2', 'merge_install': False, 'path': '/home/yy/factory_ws/src/wpr_simulation2', 'symlink_install': False, 'test_result_base': None}
[0.175s] INFO:colcon.colcon_core.executor:Executing jobs using 'parallel' executor
[0.175s] DEBUG:colcon.colcon_parallel_executor.executor.parallel:run_until_complete
[0.175s] INFO:colcon.colcon_ros.task.ament_cmake.build:Building ROS package in '/home/yy/factory_ws/src/nav_pkg' with build type 'ament_cmake'
[0.175s] INFO:colcon.colcon_cmake.task.cmake.build:Building CMake package in '/home/yy/factory_ws/src/nav_pkg'
[0.176s] INFO:colcon.colcon_core.plugin_system:Skipping extension 'colcon_core.shell.bat': Not used on non-Windows systems
[0.176s] INFO:colcon.colcon_core.shell:Skip shell extension 'powershell' for command environment: Not usable outside of PowerShell
[0.176s] DEBUG:colcon.colcon_core.shell:Skip shell extension 'dsv' for command environment
[0.178s] INFO:colcon.colcon_ros.task.ament_cmake.build:Building ROS package in '/home/yy/factory_ws/src/slam_pkg' with build type 'ament_cmake'
[0.178s] INFO:colcon.colcon_cmake.task.cmake.build:Building CMake package in '/home/yy/factory_ws/src/slam_pkg'
[0.178s] INFO:colcon.colcon_core.shell:Skip shell extension 'powershell' for command environment: Not usable outside of PowerShell
[0.178s] DEBUG:colcon.colcon_core.shell:Skip shell extension 'dsv' for command environment
[0.180s] INFO:colcon.colcon_ros.task.ament_cmake.build:Building ROS package in '/home/yy/factory_ws/src/wpr_simulation2' with build type 'ament_cmake'
[0.180s] INFO:colcon.colcon_cmake.task.cmake.build:Building CMake package in '/home/yy/factory_ws/src/wpr_simulation2'
[0.180s] INFO:colcon.colcon_core.shell:Skip shell extension 'powershell' for command environment: Not usable outside of PowerShell
[0.180s] DEBUG:colcon.colcon_core.shell:Skip shell extension 'dsv' for command environment
[0.185s] DEBUG:colcon.colcon_core.event_handler.log_command:Invoking command in '/home/yy/factory_ws/build/nav_pkg': CMAKE_PREFIX_PATH=${CMAKE_PREFIX_PATH}:/opt/ros/humble /usr/bin/cmake --build /home/yy/factory_ws/build/nav_pkg -- -j20 -l20
[0.185s] DEBUG:colcon.colcon_core.event_handler.log_command:Invoking command in '/home/yy/factory_ws/build/slam_pkg': CMAKE_PREFIX_PATH=${CMAKE_PREFIX_PATH}:/opt/ros/humble /usr/bin/cmake --build /home/yy/factory_ws/build/slam_pkg -- -j20 -l20
[0.187s] DEBUG:colcon.colcon_core.event_handler.log_command:Invoking command in '/home/yy/factory_ws/build/wpr_simulation2': CMAKE_PREFIX_PATH=${CMAKE_PREFIX_PATH}:/opt/ros/humble /usr/bin/cmake --build /home/yy/factory_ws/build/wpr_simulation2 -- -j20 -l20
[0.210s] DEBUG:colcon.colcon_core.event_handler.log_command:Invoked command in '/home/yy/factory_ws/build/slam_pkg' returned '0': CMAKE_PREFIX_PATH=${CMAKE_PREFIX_PATH}:/opt/ros/humble /usr/bin/cmake --build /home/yy/factory_ws/build/slam_pkg -- -j20 -l20
[0.224s] DEBUG:colcon.colcon_core.event_handler.log_command:Invoking command in '/home/yy/factory_ws/build/slam_pkg': CMAKE_PREFIX_PATH=${CMAKE_PREFIX_PATH}:/opt/ros/humble /usr/bin/cmake --install /home/yy/factory_ws/build/slam_pkg
[0.225s] DEBUG:colcon.colcon_core.event_handler.log_command:Invoked command in '/home/yy/factory_ws/build/nav_pkg' returned '0': CMAKE_PREFIX_PATH=${CMAKE_PREFIX_PATH}:/opt/ros/humble /usr/bin/cmake --build /home/yy/factory_ws/build/nav_pkg -- -j20 -l20
[0.226s] Level 1:colcon.colcon_core.environment:create_environment_scripts_only(slam_pkg)
[0.227s] DEBUG:colcon.colcon_core.event_handler.log_command:Invoking command in '/home/yy/factory_ws/build/nav_pkg': CMAKE_PREFIX_PATH=${CMAKE_PREFIX_PATH}:/opt/ros/humble /usr/bin/cmake --install /home/yy/factory_ws/build/nav_pkg
[0.228s] DEBUG:colcon.colcon_core.event_handler.log_command:Invoked command in '/home/yy/factory_ws/build/slam_pkg' returned '0': CMAKE_PREFIX_PATH=${CMAKE_PREFIX_PATH}:/opt/ros/humble /usr/bin/cmake --install /home/yy/factory_ws/build/slam_pkg
[0.231s] Level 1:colcon.colcon_core.environment:checking '/home/yy/factory_ws/install/slam_pkg' for CMake module files
[0.231s] Level 1:colcon.colcon_core.environment:checking '/home/yy/factory_ws/install/slam_pkg' for CMake config files
[0.231s] Level 1:colcon.colcon_core.shell:create_environment_hook('slam_pkg', 'cmake_prefix_path')
[0.232s] INFO:colcon.colcon_core.shell:Creating environment hook '/home/yy/factory_ws/install/slam_pkg/share/slam_pkg/hook/cmake_prefix_path.ps1'
[0.232s] INFO:colcon.colcon_core.shell:Creating environment descriptor '/home/yy/factory_ws/install/slam_pkg/share/slam_pkg/hook/cmake_prefix_path.dsv'
[0.233s] INFO:colcon.colcon_core.shell:Creating environment hook '/home/yy/factory_ws/install/slam_pkg/share/slam_pkg/hook/cmake_prefix_path.sh'
[0.235s] Level 1:colcon.colcon_core.environment:checking '/home/yy/factory_ws/install/slam_pkg/bin'
[0.235s] Level 1:colcon.colcon_core.environment:checking '/home/yy/factory_ws/install/slam_pkg/lib/pkgconfig/slam_pkg.pc'
[0.235s] Level 1:colcon.colcon_core.environment:checking '/home/yy/factory_ws/install/slam_pkg/lib/python3.10/site-packages'
[0.235s] Level 1:colcon.colcon_core.environment:checking '/home/yy/factory_ws/install/slam_pkg/bin'
[0.236s] INFO:colcon.colcon_core.shell:Creating package script '/home/yy/factory_ws/install/slam_pkg/share/slam_pkg/package.ps1'
[0.237s] INFO:colcon.colcon_core.shell:Creating package descriptor '/home/yy/factory_ws/install/slam_pkg/share/slam_pkg/package.dsv'
[0.239s] INFO:colcon.colcon_core.shell:Creating package script '/home/yy/factory_ws/install/slam_pkg/share/slam_pkg/package.sh'
[0.240s] INFO:colcon.colcon_core.shell:Creating package script '/home/yy/factory_ws/install/slam_pkg/share/slam_pkg/package.bash'
[0.240s] INFO:colcon.colcon_core.shell:Creating package script '/home/yy/factory_ws/install/slam_pkg/share/slam_pkg/package.zsh'
[0.241s] Level 1:colcon.colcon_core.environment:create_file_with_runtime_dependencies(/home/yy/factory_ws/install/slam_pkg/share/colcon-core/packages/slam_pkg)
[0.241s] Level 1:colcon.colcon_core.environment:create_environment_scripts_only(slam_pkg)
[0.241s] Level 1:colcon.colcon_core.environment:checking '/home/yy/factory_ws/install/slam_pkg' for CMake module files
[0.241s] Level 1:colcon.colcon_core.environment:checking '/home/yy/factory_ws/install/slam_pkg' for CMake config files
[0.241s] Level 1:colcon.colcon_core.shell:create_environment_hook('slam_pkg', 'cmake_prefix_path')
[0.241s] INFO:colcon.colcon_core.shell:Creating environment hook '/home/yy/factory_ws/install/slam_pkg/share/slam_pkg/hook/cmake_prefix_path.ps1'
[0.242s] INFO:colcon.colcon_core.shell:Creating environment descriptor '/home/yy/factory_ws/install/slam_pkg/share/slam_pkg/hook/cmake_prefix_path.dsv'
[0.242s] INFO:colcon.colcon_core.shell:Creating environment hook '/home/yy/factory_ws/install/slam_pkg/share/slam_pkg/hook/cmake_prefix_path.sh'
[0.242s] Level 1:colcon.colcon_core.environment:checking '/home/yy/factory_ws/install/slam_pkg/bin'
[0.242s] Level 1:colcon.colcon_core.environment:checking '/home/yy/factory_ws/install/slam_pkg/lib/pkgconfig/slam_pkg.pc'
[0.242s] Level 1:colcon.colcon_core.environment:checking '/home/yy/factory_ws/install/slam_pkg/lib/python3.10/site-packages'
[0.242s] Level 1:colcon.colcon_core.environment:checking '/home/yy/factory_ws/install/slam_pkg/bin'
[0.242s] INFO:colcon.colcon_core.shell:Creating package script '/home/yy/factory_ws/install/slam_pkg/share/slam_pkg/package.ps1'
[0.243s] INFO:colcon.colcon_core.shell:Creating package descriptor '/home/yy/factory_ws/install/slam_pkg/share/slam_pkg/package.dsv'
[0.243s] INFO:colcon.colcon_core.shell:Creating package script '/home/yy/factory_ws/install/slam_pkg/share/slam_pkg/package.sh'
[0.243s] INFO:colcon.colcon_core.shell:Creating package script '/home/yy/factory_ws/install/slam_pkg/share/slam_pkg/package.bash'
[0.243s] INFO:colcon.colcon_core.shell:Creating package script '/home/yy/factory_ws/install/slam_pkg/share/slam_pkg/package.zsh'
[0.243s] Level 1:colcon.colcon_core.environment:create_file_with_runtime_dependencies(/home/yy/factory_ws/install/slam_pkg/share/colcon-core/packages/slam_pkg)
[0.244s] Level 1:colcon.colcon_core.environment:create_environment_scripts_only(nav_pkg)
[0.244s] Level 1:colcon.colcon_core.environment:checking '/home/yy/factory_ws/install/nav_pkg' for CMake module files
[0.245s] DEBUG:colcon.colcon_core.event_handler.log_command:Invoked command in '/home/yy/factory_ws/build/nav_pkg' returned '0': CMAKE_PREFIX_PATH=${CMAKE_PREFIX_PATH}:/opt/ros/humble /usr/bin/cmake --install /home/yy/factory_ws/build/nav_pkg
[0.245s] Level 1:colcon.colcon_core.environment:checking '/home/yy/factory_ws/install/nav_pkg' for CMake config files
[0.245s] Level 1:colcon.colcon_core.shell:create_environment_hook('nav_pkg', 'cmake_prefix_path')
[0.246s] INFO:colcon.colcon_core.shell:Creating environment hook '/home/yy/factory_ws/install/nav_pkg/share/nav_pkg/hook/cmake_prefix_path.ps1'
[0.246s] INFO:colcon.colcon_core.shell:Creating environment descriptor '/home/yy/factory_ws/install/nav_pkg/share/nav_pkg/hook/cmake_prefix_path.dsv'
[0.247s] INFO:colcon.colcon_core.shell:Creating environment hook '/home/yy/factory_ws/install/nav_pkg/share/nav_pkg/hook/cmake_prefix_path.sh'
[0.247s] Level 1:colcon.colcon_core.environment:checking '/home/yy/factory_ws/install/nav_pkg/bin'
[0.247s] Level 1:colcon.colcon_core.environment:checking '/home/yy/factory_ws/install/nav_pkg/lib/pkgconfig/nav_pkg.pc'
[0.247s] Level 1:colcon.colcon_core.environment:checking '/home/yy/factory_ws/install/nav_pkg/lib/python3.10/site-packages'
[0.248s] Level 1:colcon.colcon_core.environment:checking '/home/yy/factory_ws/install/nav_pkg/bin'
[0.248s] INFO:colcon.colcon_core.shell:Creating package script '/home/yy/factory_ws/install/nav_pkg/share/nav_pkg/package.ps1'
[0.249s] INFO:colcon.colcon_core.shell:Creating package descriptor '/home/yy/factory_ws/install/nav_pkg/share/nav_pkg/package.dsv'
[0.249s] INFO:colcon.colcon_core.shell:Creating package script '/home/yy/factory_ws/install/nav_pkg/share/nav_pkg/package.sh'
[0.249s] INFO:colcon.colcon_core.shell:Creating package script '/home/yy/factory_ws/install/nav_pkg/share/nav_pkg/package.bash'
[0.250s] INFO:colcon.colcon_core.shell:Creating package script '/home/yy/factory_ws/install/nav_pkg/share/nav_pkg/package.zsh'
[0.250s] Level 1:colcon.colcon_core.environment:create_file_with_runtime_dependencies(/home/yy/factory_ws/install/nav_pkg/share/colcon-core/packages/nav_pkg)
[0.250s] Level 1:colcon.colcon_core.environment:create_environment_scripts_only(nav_pkg)
[0.250s] Level 1:colcon.colcon_core.environment:checking '/home/yy/factory_ws/install/nav_pkg' for CMake module files
[0.250s] Level 1:colcon.colcon_core.environment:checking '/home/yy/factory_ws/install/nav_pkg' for CMake config files
[0.250s] Level 1:colcon.colcon_core.shell:create_environment_hook('nav_pkg', 'cmake_prefix_path')
[0.250s] INFO:colcon.colcon_core.shell:Creating environment hook '/home/yy/factory_ws/install/nav_pkg/share/nav_pkg/hook/cmake_prefix_path.ps1'
[0.251s] INFO:colcon.colcon_core.shell:Creating environment descriptor '/home/yy/factory_ws/install/nav_pkg/share/nav_pkg/hook/cmake_prefix_path.dsv'
[0.251s] INFO:colcon.colcon_core.shell:Creating environment hook '/home/yy/factory_ws/install/nav_pkg/share/nav_pkg/hook/cmake_prefix_path.sh'
[0.251s] Level 1:colcon.colcon_core.environment:checking '/home/yy/factory_ws/install/nav_pkg/bin'
[0.251s] Level 1:colcon.colcon_core.environment:checking '/home/yy/factory_ws/install/nav_pkg/lib/pkgconfig/nav_pkg.pc'
[0.251s] Level 1:colcon.colcon_core.environment:checking '/home/yy/factory_ws/install/nav_pkg/lib/python3.10/site-packages'
[0.251s] Level 1:colcon.colcon_core.environment:checking '/home/yy/factory_ws/install/nav_pkg/bin'
[0.251s] INFO:colcon.colcon_core.shell:Creating package script '/home/yy/factory_ws/install/nav_pkg/share/nav_pkg/package.ps1'
[0.252s] INFO:colcon.colcon_core.shell:Creating package descriptor '/home/yy/factory_ws/install/nav_pkg/share/nav_pkg/package.dsv'
[0.252s] INFO:colcon.colcon_core.shell:Creating package script '/home/yy/factory_ws/install/nav_pkg/share/nav_pkg/package.sh'
[0.252s] INFO:colcon.colcon_core.shell:Creating package script '/home/yy/factory_ws/install/nav_pkg/share/nav_pkg/package.bash'
[0.252s] INFO:colcon.colcon_core.shell:Creating package script '/home/yy/factory_ws/install/nav_pkg/share/nav_pkg/package.zsh'
[0.252s] Level 1:colcon.colcon_core.environment:create_file_with_runtime_dependencies(/home/yy/factory_ws/install/nav_pkg/share/colcon-core/packages/nav_pkg)
[0.380s] DEBUG:colcon.colcon_core.event_handler.log_command:Invoked command in '/home/yy/factory_ws/build/wpr_simulation2' returned '0': CMAKE_PREFIX_PATH=${CMAKE_PREFIX_PATH}:/opt/ros/humble /usr/bin/cmake --build /home/yy/factory_ws/build/wpr_simulation2 -- -j20 -l20
[0.381s] DEBUG:colcon.colcon_core.event_handler.log_command:Invoking command in '/home/yy/factory_ws/build/wpr_simulation2': CMAKE_PREFIX_PATH=${CMAKE_PREFIX_PATH}:/opt/ros/humble /usr/bin/cmake --install /home/yy/factory_ws/build/wpr_simulation2
[0.411s] Level 1:colcon.colcon_core.environment:create_environment_scripts_only(wpr_simulation2)
[0.411s] Level 1:colcon.colcon_core.environment:checking '/home/yy/factory_ws/install/wpr_simulation2' for CMake module files
[0.411s] DEBUG:colcon.colcon_core.event_handler.log_command:Invoked command in '/home/yy/factory_ws/build/wpr_simulation2' returned '0': CMAKE_PREFIX_PATH=${CMAKE_PREFIX_PATH}:/opt/ros/humble /usr/bin/cmake --install /home/yy/factory_ws/build/wpr_simulation2
[0.412s] Level 1:colcon.colcon_core.environment:checking '/home/yy/factory_ws/install/wpr_simulation2' for CMake config files
[0.412s] Level 1:colcon.colcon_core.shell:create_environment_hook('wpr_simulation2', 'cmake_prefix_path')
[0.412s] INFO:colcon.colcon_core.shell:Creating environment hook '/home/yy/factory_ws/install/wpr_simulation2/share/wpr_simulation2/hook/cmake_prefix_path.ps1'
[0.412s] INFO:colcon.colcon_core.shell:Creating environment descriptor '/home/yy/factory_ws/install/wpr_simulation2/share/wpr_simulation2/hook/cmake_prefix_path.dsv'
[0.412s] INFO:colcon.colcon_core.shell:Creating environment hook '/home/yy/factory_ws/install/wpr_simulation2/share/wpr_simulation2/hook/cmake_prefix_path.sh'
[0.413s] Level 1:colcon.colcon_core.environment:checking '/home/yy/factory_ws/install/wpr_simulation2/lib'
[0.413s] Level 1:colcon.colcon_core.shell:create_environment_hook('wpr_simulation2', 'ld_library_path_lib')
[0.413s] INFO:colcon.colcon_core.shell:Creating environment hook '/home/yy/factory_ws/install/wpr_simulation2/share/wpr_simulation2/hook/ld_library_path_lib.ps1'
[0.413s] INFO:colcon.colcon_core.shell:Creating environment descriptor '/home/yy/factory_ws/install/wpr_simulation2/share/wpr_simulation2/hook/ld_library_path_lib.dsv'
[0.413s] INFO:colcon.colcon_core.shell:Creating environment hook '/home/yy/factory_ws/install/wpr_simulation2/share/wpr_simulation2/hook/ld_library_path_lib.sh'
[0.413s] Level 1:colcon.colcon_core.environment:checking '/home/yy/factory_ws/install/wpr_simulation2/bin'
[0.413s] Level 1:colcon.colcon_core.environment:checking '/home/yy/factory_ws/install/wpr_simulation2/lib/pkgconfig/wpr_simulation2.pc'
[0.414s] Level 1:colcon.colcon_core.environment:checking '/home/yy/factory_ws/install/wpr_simulation2/lib/python3.10/site-packages'
[0.414s] Level 1:colcon.colcon_core.environment:checking '/home/yy/factory_ws/install/wpr_simulation2/bin'
[0.414s] INFO:colcon.colcon_core.shell:Creating package script '/home/yy/factory_ws/install/wpr_simulation2/share/wpr_simulation2/package.ps1'
[0.414s] INFO:colcon.colcon_core.shell:Creating package descriptor '/home/yy/factory_ws/install/wpr_simulation2/share/wpr_simulation2/package.dsv'
[0.414s] INFO:colcon.colcon_core.shell:Creating package script '/home/yy/factory_ws/install/wpr_simulation2/share/wpr_simulation2/package.sh'
[0.414s] INFO:colcon.colcon_core.shell:Creating package script '/home/yy/factory_ws/install/wpr_simulation2/share/wpr_simulation2/package.bash'
[0.414s] INFO:colcon.colcon_core.shell:Creating package script '/home/yy/factory_ws/install/wpr_simulation2/share/wpr_simulation2/package.zsh'
[0.415s] Level 1:colcon.colcon_core.environment:create_file_with_runtime_dependencies(/home/yy/factory_ws/install/wpr_simulation2/share/colcon-core/packages/wpr_simulation2)
[0.415s] Level 1:colcon.colcon_core.environment:create_environment_scripts_only(wpr_simulation2)
[0.415s] Level 1:colcon.colcon_core.environment:checking '/home/yy/factory_ws/install/wpr_simulation2' for CMake module files
[0.415s] Level 1:colcon.colcon_core.environment:checking '/home/yy/factory_ws/install/wpr_simulation2' for CMake config files
[0.416s] Level 1:colcon.colcon_core.shell:create_environment_hook('wpr_simulation2', 'cmake_prefix_path')
[0.416s] INFO:colcon.colcon_core.shell:Creating environment hook '/home/yy/factory_ws/install/wpr_simulation2/share/wpr_simulation2/hook/cmake_prefix_path.ps1'
[0.416s] INFO:colcon.colcon_core.shell:Creating environment descriptor '/home/yy/factory_ws/install/wpr_simulation2/share/wpr_simulation2/hook/cmake_prefix_path.dsv'
[0.416s] INFO:colcon.colcon_core.shell:Creating environment hook '/home/yy/factory_ws/install/wpr_simulation2/share/wpr_simulation2/hook/cmake_prefix_path.sh'
[0.416s] Level 1:colcon.colcon_core.environment:checking '/home/yy/factory_ws/install/wpr_simulation2/lib'
[0.416s] Level 1:colcon.colcon_core.shell:create_environment_hook('wpr_simulation2', 'ld_library_path_lib')
[0.416s] INFO:colcon.colcon_core.shell:Creating environment hook '/home/yy/factory_ws/install/wpr_simulation2/share/wpr_simulation2/hook/ld_library_path_lib.ps1'
[0.417s] INFO:colcon.colcon_core.shell:Creating environment descriptor '/home/yy/factory_ws/install/wpr_simulation2/share/wpr_simulation2/hook/ld_library_path_lib.dsv'
[0.417s] INFO:colcon.colcon_core.shell:Creating environment hook '/home/yy/factory_ws/install/wpr_simulation2/share/wpr_simulation2/hook/ld_library_path_lib.sh'
[0.417s] Level 1:colcon.colcon_core.environment:checking '/home/yy/factory_ws/install/wpr_simulation2/bin'
[0.417s] Level 1:colcon.colcon_core.environment:checking '/home/yy/factory_ws/install/wpr_simulation2/lib/pkgconfig/wpr_simulation2.pc'
[0.417s] Level 1:colcon.colcon_core.environment:checking '/home/yy/factory_ws/install/wpr_simulation2/lib/python3.10/site-packages'
[0.417s] Level 1:colcon.colcon_core.environment:checking '/home/yy/factory_ws/install/wpr_simulation2/bin'
[0.417s] INFO:colcon.colcon_core.shell:Creating package script '/home/yy/factory_ws/install/wpr_simulation2/share/wpr_simulation2/package.ps1'
[0.417s] INFO:colcon.colcon_core.shell:Creating package descriptor '/home/yy/factory_ws/install/wpr_simulation2/share/wpr_simulation2/package.dsv'
[0.418s] INFO:colcon.colcon_core.shell:Creating package script '/home/yy/factory_ws/install/wpr_simulation2/share/wpr_simulation2/package.sh'
[0.418s] INFO:colcon.colcon_core.shell:Creating package script '/home/yy/factory_ws/install/wpr_simulation2/share/wpr_simulation2/package.bash'
[0.418s] INFO:colcon.colcon_core.shell:Creating package script '/home/yy/factory_ws/install/wpr_simulation2/share/wpr_simulation2/package.zsh'
[0.418s] Level 1:colcon.colcon_core.environment:create_file_with_runtime_dependencies(/home/yy/factory_ws/install/wpr_simulation2/share/colcon-core/packages/wpr_simulation2)
[0.418s] DEBUG:colcon.colcon_parallel_executor.executor.parallel:closing loop
[0.418s] DEBUG:colcon.colcon_parallel_executor.executor.parallel:loop closed
[0.418s] DEBUG:colcon.colcon_parallel_executor.executor.parallel:run_until_complete finished with '0'
[0.418s] DEBUG:colcon.colcon_core.event_reactor:joining thread
[0.421s] INFO:colcon.colcon_core.plugin_system:Skipping extension 'colcon_notification.desktop_notification.terminal_notifier': Not used on non-Darwin systems
[0.421s] INFO:colcon.colcon_core.plugin_system:Skipping extension 'colcon_notification.desktop_notification.win32': Not used on non-Windows systems
[0.421s] INFO:colcon.colcon_notification.desktop_notification:Sending desktop notification using 'notify2'
[0.427s] DEBUG:colcon.colcon_core.event_reactor:joined thread
[0.427s] INFO:colcon.colcon_core.shell:Creating prefix script '/home/yy/factory_ws/install/local_setup.ps1'
[0.427s] INFO:colcon.colcon_core.shell:Creating prefix util module '/home/yy/factory_ws/install/_local_setup_util_ps1.py'
[0.428s] INFO:colcon.colcon_core.shell:Creating prefix chain script '/home/yy/factory_ws/install/setup.ps1'
[0.428s] INFO:colcon.colcon_core.shell:Creating prefix script '/home/yy/factory_ws/install/local_setup.sh'
[0.428s] INFO:colcon.colcon_core.shell:Creating prefix util module '/home/yy/factory_ws/install/_local_setup_util_sh.py'
[0.429s] INFO:colcon.colcon_core.shell:Creating prefix chain script '/home/yy/factory_ws/install/setup.sh'
[0.429s] INFO:colcon.colcon_core.shell:Creating prefix script '/home/yy/factory_ws/install/local_setup.bash'
[0.429s] INFO:colcon.colcon_core.shell:Creating prefix chain script '/home/yy/factory_ws/install/setup.bash'
[0.430s] INFO:colcon.colcon_core.shell:Creating prefix script '/home/yy/factory_ws/install/local_setup.zsh'
[0.430s] INFO:colcon.colcon_core.shell:Creating prefix chain script '/home/yy/factory_ws/install/setup.zsh'
